[2023-08-24T03:01:16.191+0000] {processor.py:157} INFO - Started process (PID=29) to work on /opt/airflow/dags/subdags/subdag_downloads.py
[2023-08-24T03:01:16.200+0000] {processor.py:829} INFO - Processing file /opt/airflow/dags/subdags/subdag_downloads.py for tasks to queue
[2023-08-24T03:01:16.206+0000] {logging_mixin.py:151} INFO - [2023-08-24T03:01:16.205+0000] {dagbag.py:539} INFO - Filling up the DagBag from /opt/airflow/dags/subdags/subdag_downloads.py
[2023-08-24T03:01:16.216+0000] {processor.py:841} WARNING - No viable dags retrieved from /opt/airflow/dags/subdags/subdag_downloads.py
[2023-08-24T03:01:16.285+0000] {processor.py:179} INFO - Processing /opt/airflow/dags/subdags/subdag_downloads.py took 0.122 seconds
[2023-08-24T03:01:46.986+0000] {processor.py:157} INFO - Started process (PID=39) to work on /opt/airflow/dags/subdags/subdag_downloads.py
[2023-08-24T03:01:46.990+0000] {processor.py:829} INFO - Processing file /opt/airflow/dags/subdags/subdag_downloads.py for tasks to queue
[2023-08-24T03:01:47.000+0000] {logging_mixin.py:151} INFO - [2023-08-24T03:01:46.999+0000] {dagbag.py:539} INFO - Filling up the DagBag from /opt/airflow/dags/subdags/subdag_downloads.py
[2023-08-24T03:01:47.020+0000] {processor.py:841} WARNING - No viable dags retrieved from /opt/airflow/dags/subdags/subdag_downloads.py
[2023-08-24T03:01:47.078+0000] {processor.py:179} INFO - Processing /opt/airflow/dags/subdags/subdag_downloads.py took 0.105 seconds
[2023-08-24T03:02:17.531+0000] {processor.py:157} INFO - Started process (PID=49) to work on /opt/airflow/dags/subdags/subdag_downloads.py
[2023-08-24T03:02:17.538+0000] {processor.py:829} INFO - Processing file /opt/airflow/dags/subdags/subdag_downloads.py for tasks to queue
[2023-08-24T03:02:17.546+0000] {logging_mixin.py:151} INFO - [2023-08-24T03:02:17.545+0000] {dagbag.py:539} INFO - Filling up the DagBag from /opt/airflow/dags/subdags/subdag_downloads.py
[2023-08-24T03:02:17.553+0000] {processor.py:841} WARNING - No viable dags retrieved from /opt/airflow/dags/subdags/subdag_downloads.py
[2023-08-24T03:02:17.583+0000] {processor.py:179} INFO - Processing /opt/airflow/dags/subdags/subdag_downloads.py took 0.061 seconds
[2023-08-24T03:02:48.061+0000] {processor.py:157} INFO - Started process (PID=59) to work on /opt/airflow/dags/subdags/subdag_downloads.py
[2023-08-24T03:02:48.064+0000] {processor.py:829} INFO - Processing file /opt/airflow/dags/subdags/subdag_downloads.py for tasks to queue
[2023-08-24T03:02:48.069+0000] {logging_mixin.py:151} INFO - [2023-08-24T03:02:48.068+0000] {dagbag.py:539} INFO - Filling up the DagBag from /opt/airflow/dags/subdags/subdag_downloads.py
[2023-08-24T03:02:48.086+0000] {processor.py:841} WARNING - No viable dags retrieved from /opt/airflow/dags/subdags/subdag_downloads.py
[2023-08-24T03:02:48.116+0000] {processor.py:179} INFO - Processing /opt/airflow/dags/subdags/subdag_downloads.py took 0.066 seconds
[2023-08-24T03:03:18.455+0000] {processor.py:157} INFO - Started process (PID=69) to work on /opt/airflow/dags/subdags/subdag_downloads.py
[2023-08-24T03:03:18.457+0000] {processor.py:829} INFO - Processing file /opt/airflow/dags/subdags/subdag_downloads.py for tasks to queue
[2023-08-24T03:03:18.461+0000] {logging_mixin.py:151} INFO - [2023-08-24T03:03:18.461+0000] {dagbag.py:539} INFO - Filling up the DagBag from /opt/airflow/dags/subdags/subdag_downloads.py
[2023-08-24T03:03:18.474+0000] {processor.py:841} WARNING - No viable dags retrieved from /opt/airflow/dags/subdags/subdag_downloads.py
[2023-08-24T03:03:18.499+0000] {processor.py:179} INFO - Processing /opt/airflow/dags/subdags/subdag_downloads.py took 0.050 seconds
[2023-08-24T03:03:49.221+0000] {processor.py:157} INFO - Started process (PID=79) to work on /opt/airflow/dags/subdags/subdag_downloads.py
[2023-08-24T03:03:49.224+0000] {processor.py:829} INFO - Processing file /opt/airflow/dags/subdags/subdag_downloads.py for tasks to queue
[2023-08-24T03:03:49.232+0000] {logging_mixin.py:151} INFO - [2023-08-24T03:03:49.231+0000] {dagbag.py:539} INFO - Filling up the DagBag from /opt/airflow/dags/subdags/subdag_downloads.py
[2023-08-24T03:03:49.241+0000] {processor.py:841} WARNING - No viable dags retrieved from /opt/airflow/dags/subdags/subdag_downloads.py
[2023-08-24T03:03:49.266+0000] {processor.py:179} INFO - Processing /opt/airflow/dags/subdags/subdag_downloads.py took 0.053 seconds
[2023-08-24T03:04:19.650+0000] {processor.py:157} INFO - Started process (PID=89) to work on /opt/airflow/dags/subdags/subdag_downloads.py
[2023-08-24T03:04:19.653+0000] {processor.py:829} INFO - Processing file /opt/airflow/dags/subdags/subdag_downloads.py for tasks to queue
[2023-08-24T03:04:19.658+0000] {logging_mixin.py:151} INFO - [2023-08-24T03:04:19.657+0000] {dagbag.py:539} INFO - Filling up the DagBag from /opt/airflow/dags/subdags/subdag_downloads.py
[2023-08-24T03:04:19.668+0000] {processor.py:841} WARNING - No viable dags retrieved from /opt/airflow/dags/subdags/subdag_downloads.py
[2023-08-24T03:04:19.695+0000] {processor.py:179} INFO - Processing /opt/airflow/dags/subdags/subdag_downloads.py took 0.052 seconds
[2023-08-24T03:04:50.114+0000] {processor.py:157} INFO - Started process (PID=99) to work on /opt/airflow/dags/subdags/subdag_downloads.py
[2023-08-24T03:04:50.123+0000] {processor.py:829} INFO - Processing file /opt/airflow/dags/subdags/subdag_downloads.py for tasks to queue
[2023-08-24T03:04:50.129+0000] {logging_mixin.py:151} INFO - [2023-08-24T03:04:50.129+0000] {dagbag.py:539} INFO - Filling up the DagBag from /opt/airflow/dags/subdags/subdag_downloads.py
[2023-08-24T03:04:50.137+0000] {processor.py:841} WARNING - No viable dags retrieved from /opt/airflow/dags/subdags/subdag_downloads.py
[2023-08-24T03:04:50.165+0000] {processor.py:179} INFO - Processing /opt/airflow/dags/subdags/subdag_downloads.py took 0.059 seconds
[2023-08-24T03:05:20.753+0000] {processor.py:157} INFO - Started process (PID=109) to work on /opt/airflow/dags/subdags/subdag_downloads.py
[2023-08-24T03:05:20.756+0000] {processor.py:829} INFO - Processing file /opt/airflow/dags/subdags/subdag_downloads.py for tasks to queue
[2023-08-24T03:05:20.764+0000] {logging_mixin.py:151} INFO - [2023-08-24T03:05:20.764+0000] {dagbag.py:539} INFO - Filling up the DagBag from /opt/airflow/dags/subdags/subdag_downloads.py
[2023-08-24T03:05:20.771+0000] {processor.py:841} WARNING - No viable dags retrieved from /opt/airflow/dags/subdags/subdag_downloads.py
[2023-08-24T03:05:20.797+0000] {processor.py:179} INFO - Processing /opt/airflow/dags/subdags/subdag_downloads.py took 0.049 seconds
[2023-08-24T03:05:51.312+0000] {processor.py:157} INFO - Started process (PID=119) to work on /opt/airflow/dags/subdags/subdag_downloads.py
[2023-08-24T03:05:51.318+0000] {processor.py:829} INFO - Processing file /opt/airflow/dags/subdags/subdag_downloads.py for tasks to queue
[2023-08-24T03:05:51.325+0000] {logging_mixin.py:151} INFO - [2023-08-24T03:05:51.324+0000] {dagbag.py:539} INFO - Filling up the DagBag from /opt/airflow/dags/subdags/subdag_downloads.py
[2023-08-24T03:05:51.338+0000] {processor.py:841} WARNING - No viable dags retrieved from /opt/airflow/dags/subdags/subdag_downloads.py
[2023-08-24T03:05:51.373+0000] {processor.py:179} INFO - Processing /opt/airflow/dags/subdags/subdag_downloads.py took 0.066 seconds
[2023-08-24T03:06:21.953+0000] {processor.py:157} INFO - Started process (PID=129) to work on /opt/airflow/dags/subdags/subdag_downloads.py
[2023-08-24T03:06:21.956+0000] {processor.py:829} INFO - Processing file /opt/airflow/dags/subdags/subdag_downloads.py for tasks to queue
[2023-08-24T03:06:21.981+0000] {logging_mixin.py:151} INFO - [2023-08-24T03:06:21.975+0000] {dagbag.py:539} INFO - Filling up the DagBag from /opt/airflow/dags/subdags/subdag_downloads.py
[2023-08-24T03:06:21.990+0000] {processor.py:841} WARNING - No viable dags retrieved from /opt/airflow/dags/subdags/subdag_downloads.py
[2023-08-24T03:06:22.031+0000] {processor.py:179} INFO - Processing /opt/airflow/dags/subdags/subdag_downloads.py took 0.090 seconds
[2023-08-24T03:06:52.602+0000] {processor.py:157} INFO - Started process (PID=139) to work on /opt/airflow/dags/subdags/subdag_downloads.py
[2023-08-24T03:06:52.605+0000] {processor.py:829} INFO - Processing file /opt/airflow/dags/subdags/subdag_downloads.py for tasks to queue
[2023-08-24T03:06:52.613+0000] {logging_mixin.py:151} INFO - [2023-08-24T03:06:52.612+0000] {dagbag.py:539} INFO - Filling up the DagBag from /opt/airflow/dags/subdags/subdag_downloads.py
[2023-08-24T03:06:52.621+0000] {processor.py:841} WARNING - No viable dags retrieved from /opt/airflow/dags/subdags/subdag_downloads.py
[2023-08-24T03:06:52.657+0000] {processor.py:179} INFO - Processing /opt/airflow/dags/subdags/subdag_downloads.py took 0.061 seconds
[2023-08-24T03:07:23.206+0000] {processor.py:157} INFO - Started process (PID=149) to work on /opt/airflow/dags/subdags/subdag_downloads.py
[2023-08-24T03:07:23.209+0000] {processor.py:829} INFO - Processing file /opt/airflow/dags/subdags/subdag_downloads.py for tasks to queue
[2023-08-24T03:07:23.222+0000] {logging_mixin.py:151} INFO - [2023-08-24T03:07:23.221+0000] {dagbag.py:539} INFO - Filling up the DagBag from /opt/airflow/dags/subdags/subdag_downloads.py
[2023-08-24T03:07:23.229+0000] {processor.py:841} WARNING - No viable dags retrieved from /opt/airflow/dags/subdags/subdag_downloads.py
[2023-08-24T03:07:23.272+0000] {processor.py:179} INFO - Processing /opt/airflow/dags/subdags/subdag_downloads.py took 0.074 seconds
[2023-08-24T03:07:53.827+0000] {processor.py:157} INFO - Started process (PID=159) to work on /opt/airflow/dags/subdags/subdag_downloads.py
[2023-08-24T03:07:53.831+0000] {processor.py:829} INFO - Processing file /opt/airflow/dags/subdags/subdag_downloads.py for tasks to queue
[2023-08-24T03:07:53.837+0000] {logging_mixin.py:151} INFO - [2023-08-24T03:07:53.836+0000] {dagbag.py:539} INFO - Filling up the DagBag from /opt/airflow/dags/subdags/subdag_downloads.py
[2023-08-24T03:07:53.851+0000] {processor.py:841} WARNING - No viable dags retrieved from /opt/airflow/dags/subdags/subdag_downloads.py
[2023-08-24T03:07:53.887+0000] {processor.py:179} INFO - Processing /opt/airflow/dags/subdags/subdag_downloads.py took 0.068 seconds
[2023-08-24T03:08:24.419+0000] {processor.py:157} INFO - Started process (PID=169) to work on /opt/airflow/dags/subdags/subdag_downloads.py
[2023-08-24T03:08:24.422+0000] {processor.py:829} INFO - Processing file /opt/airflow/dags/subdags/subdag_downloads.py for tasks to queue
[2023-08-24T03:08:24.430+0000] {logging_mixin.py:151} INFO - [2023-08-24T03:08:24.429+0000] {dagbag.py:539} INFO - Filling up the DagBag from /opt/airflow/dags/subdags/subdag_downloads.py
[2023-08-24T03:08:24.439+0000] {processor.py:841} WARNING - No viable dags retrieved from /opt/airflow/dags/subdags/subdag_downloads.py
[2023-08-24T03:08:24.475+0000] {processor.py:179} INFO - Processing /opt/airflow/dags/subdags/subdag_downloads.py took 0.063 seconds
[2023-08-24T03:08:54.989+0000] {processor.py:157} INFO - Started process (PID=179) to work on /opt/airflow/dags/subdags/subdag_downloads.py
[2023-08-24T03:08:54.992+0000] {processor.py:829} INFO - Processing file /opt/airflow/dags/subdags/subdag_downloads.py for tasks to queue
[2023-08-24T03:08:55.000+0000] {logging_mixin.py:151} INFO - [2023-08-24T03:08:55.000+0000] {dagbag.py:539} INFO - Filling up the DagBag from /opt/airflow/dags/subdags/subdag_downloads.py
[2023-08-24T03:08:55.017+0000] {processor.py:841} WARNING - No viable dags retrieved from /opt/airflow/dags/subdags/subdag_downloads.py
[2023-08-24T03:08:55.057+0000] {processor.py:179} INFO - Processing /opt/airflow/dags/subdags/subdag_downloads.py took 0.080 seconds
[2023-08-24T03:09:25.563+0000] {processor.py:157} INFO - Started process (PID=189) to work on /opt/airflow/dags/subdags/subdag_downloads.py
[2023-08-24T03:09:25.565+0000] {processor.py:829} INFO - Processing file /opt/airflow/dags/subdags/subdag_downloads.py for tasks to queue
[2023-08-24T03:09:25.570+0000] {logging_mixin.py:151} INFO - [2023-08-24T03:09:25.569+0000] {dagbag.py:539} INFO - Filling up the DagBag from /opt/airflow/dags/subdags/subdag_downloads.py
[2023-08-24T03:09:25.576+0000] {processor.py:841} WARNING - No viable dags retrieved from /opt/airflow/dags/subdags/subdag_downloads.py
[2023-08-24T03:09:25.606+0000] {processor.py:179} INFO - Processing /opt/airflow/dags/subdags/subdag_downloads.py took 0.048 seconds
[2023-08-24T03:09:56.101+0000] {processor.py:157} INFO - Started process (PID=199) to work on /opt/airflow/dags/subdags/subdag_downloads.py
[2023-08-24T03:09:56.103+0000] {processor.py:829} INFO - Processing file /opt/airflow/dags/subdags/subdag_downloads.py for tasks to queue
[2023-08-24T03:09:56.109+0000] {logging_mixin.py:151} INFO - [2023-08-24T03:09:56.109+0000] {dagbag.py:539} INFO - Filling up the DagBag from /opt/airflow/dags/subdags/subdag_downloads.py
[2023-08-24T03:09:56.117+0000] {processor.py:841} WARNING - No viable dags retrieved from /opt/airflow/dags/subdags/subdag_downloads.py
[2023-08-24T03:09:56.152+0000] {processor.py:179} INFO - Processing /opt/airflow/dags/subdags/subdag_downloads.py took 0.059 seconds
[2023-08-24T03:10:26.683+0000] {processor.py:157} INFO - Started process (PID=209) to work on /opt/airflow/dags/subdags/subdag_downloads.py
[2023-08-24T03:10:26.685+0000] {processor.py:829} INFO - Processing file /opt/airflow/dags/subdags/subdag_downloads.py for tasks to queue
[2023-08-24T03:10:26.690+0000] {logging_mixin.py:151} INFO - [2023-08-24T03:10:26.689+0000] {dagbag.py:539} INFO - Filling up the DagBag from /opt/airflow/dags/subdags/subdag_downloads.py
[2023-08-24T03:10:26.699+0000] {processor.py:841} WARNING - No viable dags retrieved from /opt/airflow/dags/subdags/subdag_downloads.py
[2023-08-24T03:10:26.722+0000] {processor.py:179} INFO - Processing /opt/airflow/dags/subdags/subdag_downloads.py took 0.048 seconds
[2023-08-24T03:10:57.255+0000] {processor.py:157} INFO - Started process (PID=219) to work on /opt/airflow/dags/subdags/subdag_downloads.py
[2023-08-24T03:10:57.261+0000] {processor.py:829} INFO - Processing file /opt/airflow/dags/subdags/subdag_downloads.py for tasks to queue
[2023-08-24T03:10:57.270+0000] {logging_mixin.py:151} INFO - [2023-08-24T03:10:57.270+0000] {dagbag.py:539} INFO - Filling up the DagBag from /opt/airflow/dags/subdags/subdag_downloads.py
[2023-08-24T03:10:57.279+0000] {processor.py:841} WARNING - No viable dags retrieved from /opt/airflow/dags/subdags/subdag_downloads.py
[2023-08-24T03:10:57.305+0000] {processor.py:179} INFO - Processing /opt/airflow/dags/subdags/subdag_downloads.py took 0.056 seconds
[2023-08-24T03:11:27.890+0000] {processor.py:157} INFO - Started process (PID=230) to work on /opt/airflow/dags/subdags/subdag_downloads.py
[2023-08-24T03:11:27.893+0000] {processor.py:829} INFO - Processing file /opt/airflow/dags/subdags/subdag_downloads.py for tasks to queue
[2023-08-24T03:11:27.900+0000] {logging_mixin.py:151} INFO - [2023-08-24T03:11:27.898+0000] {dagbag.py:539} INFO - Filling up the DagBag from /opt/airflow/dags/subdags/subdag_downloads.py
[2023-08-24T03:11:27.910+0000] {processor.py:841} WARNING - No viable dags retrieved from /opt/airflow/dags/subdags/subdag_downloads.py
[2023-08-24T03:11:27.936+0000] {processor.py:179} INFO - Processing /opt/airflow/dags/subdags/subdag_downloads.py took 0.053 seconds
[2023-08-24T03:11:58.407+0000] {processor.py:157} INFO - Started process (PID=240) to work on /opt/airflow/dags/subdags/subdag_downloads.py
[2023-08-24T03:11:58.409+0000] {processor.py:829} INFO - Processing file /opt/airflow/dags/subdags/subdag_downloads.py for tasks to queue
[2023-08-24T03:11:58.413+0000] {logging_mixin.py:151} INFO - [2023-08-24T03:11:58.413+0000] {dagbag.py:539} INFO - Filling up the DagBag from /opt/airflow/dags/subdags/subdag_downloads.py
[2023-08-24T03:11:58.421+0000] {processor.py:841} WARNING - No viable dags retrieved from /opt/airflow/dags/subdags/subdag_downloads.py
[2023-08-24T03:11:58.455+0000] {processor.py:179} INFO - Processing /opt/airflow/dags/subdags/subdag_downloads.py took 0.057 seconds
[2023-08-24T03:12:29.036+0000] {processor.py:157} INFO - Started process (PID=249) to work on /opt/airflow/dags/subdags/subdag_downloads.py
[2023-08-24T03:12:29.038+0000] {processor.py:829} INFO - Processing file /opt/airflow/dags/subdags/subdag_downloads.py for tasks to queue
[2023-08-24T03:12:29.049+0000] {logging_mixin.py:151} INFO - [2023-08-24T03:12:29.049+0000] {dagbag.py:539} INFO - Filling up the DagBag from /opt/airflow/dags/subdags/subdag_downloads.py
[2023-08-24T03:12:29.057+0000] {processor.py:841} WARNING - No viable dags retrieved from /opt/airflow/dags/subdags/subdag_downloads.py
[2023-08-24T03:12:29.078+0000] {processor.py:179} INFO - Processing /opt/airflow/dags/subdags/subdag_downloads.py took 0.050 seconds
[2023-08-24T03:12:59.657+0000] {processor.py:157} INFO - Started process (PID=259) to work on /opt/airflow/dags/subdags/subdag_downloads.py
[2023-08-24T03:12:59.660+0000] {processor.py:829} INFO - Processing file /opt/airflow/dags/subdags/subdag_downloads.py for tasks to queue
[2023-08-24T03:12:59.669+0000] {logging_mixin.py:151} INFO - [2023-08-24T03:12:59.664+0000] {dagbag.py:539} INFO - Filling up the DagBag from /opt/airflow/dags/subdags/subdag_downloads.py
[2023-08-24T03:12:59.683+0000] {processor.py:841} WARNING - No viable dags retrieved from /opt/airflow/dags/subdags/subdag_downloads.py
[2023-08-24T03:12:59.738+0000] {processor.py:179} INFO - Processing /opt/airflow/dags/subdags/subdag_downloads.py took 0.087 seconds
[2023-08-24T03:13:30.249+0000] {processor.py:157} INFO - Started process (PID=269) to work on /opt/airflow/dags/subdags/subdag_downloads.py
[2023-08-24T03:13:30.251+0000] {processor.py:829} INFO - Processing file /opt/airflow/dags/subdags/subdag_downloads.py for tasks to queue
[2023-08-24T03:13:30.256+0000] {logging_mixin.py:151} INFO - [2023-08-24T03:13:30.255+0000] {dagbag.py:539} INFO - Filling up the DagBag from /opt/airflow/dags/subdags/subdag_downloads.py
[2023-08-24T03:13:30.263+0000] {processor.py:841} WARNING - No viable dags retrieved from /opt/airflow/dags/subdags/subdag_downloads.py
[2023-08-24T03:13:30.292+0000] {processor.py:179} INFO - Processing /opt/airflow/dags/subdags/subdag_downloads.py took 0.051 seconds
[2023-08-24T03:14:00.814+0000] {processor.py:157} INFO - Started process (PID=278) to work on /opt/airflow/dags/subdags/subdag_downloads.py
[2023-08-24T03:14:00.816+0000] {processor.py:829} INFO - Processing file /opt/airflow/dags/subdags/subdag_downloads.py for tasks to queue
[2023-08-24T03:14:00.821+0000] {logging_mixin.py:151} INFO - [2023-08-24T03:14:00.821+0000] {dagbag.py:539} INFO - Filling up the DagBag from /opt/airflow/dags/subdags/subdag_downloads.py
[2023-08-24T03:14:00.830+0000] {processor.py:841} WARNING - No viable dags retrieved from /opt/airflow/dags/subdags/subdag_downloads.py
[2023-08-24T03:14:00.861+0000] {processor.py:179} INFO - Processing /opt/airflow/dags/subdags/subdag_downloads.py took 0.058 seconds
[2023-08-24T03:14:31.328+0000] {processor.py:157} INFO - Started process (PID=288) to work on /opt/airflow/dags/subdags/subdag_downloads.py
[2023-08-24T03:14:31.330+0000] {processor.py:829} INFO - Processing file /opt/airflow/dags/subdags/subdag_downloads.py for tasks to queue
[2023-08-24T03:14:31.335+0000] {logging_mixin.py:151} INFO - [2023-08-24T03:14:31.334+0000] {dagbag.py:539} INFO - Filling up the DagBag from /opt/airflow/dags/subdags/subdag_downloads.py
[2023-08-24T03:14:31.350+0000] {processor.py:841} WARNING - No viable dags retrieved from /opt/airflow/dags/subdags/subdag_downloads.py
[2023-08-24T03:14:31.374+0000] {processor.py:179} INFO - Processing /opt/airflow/dags/subdags/subdag_downloads.py took 0.052 seconds
[2023-08-24T03:15:01.884+0000] {processor.py:157} INFO - Started process (PID=298) to work on /opt/airflow/dags/subdags/subdag_downloads.py
[2023-08-24T03:15:01.887+0000] {processor.py:829} INFO - Processing file /opt/airflow/dags/subdags/subdag_downloads.py for tasks to queue
[2023-08-24T03:15:01.892+0000] {logging_mixin.py:151} INFO - [2023-08-24T03:15:01.891+0000] {dagbag.py:539} INFO - Filling up the DagBag from /opt/airflow/dags/subdags/subdag_downloads.py
[2023-08-24T03:15:01.898+0000] {processor.py:841} WARNING - No viable dags retrieved from /opt/airflow/dags/subdags/subdag_downloads.py
[2023-08-24T03:15:01.917+0000] {processor.py:179} INFO - Processing /opt/airflow/dags/subdags/subdag_downloads.py took 0.040 seconds
[2023-08-24T03:15:32.503+0000] {processor.py:157} INFO - Started process (PID=308) to work on /opt/airflow/dags/subdags/subdag_downloads.py
[2023-08-24T03:15:32.505+0000] {processor.py:829} INFO - Processing file /opt/airflow/dags/subdags/subdag_downloads.py for tasks to queue
[2023-08-24T03:15:32.509+0000] {logging_mixin.py:151} INFO - [2023-08-24T03:15:32.508+0000] {dagbag.py:539} INFO - Filling up the DagBag from /opt/airflow/dags/subdags/subdag_downloads.py
[2023-08-24T03:15:32.516+0000] {processor.py:841} WARNING - No viable dags retrieved from /opt/airflow/dags/subdags/subdag_downloads.py
[2023-08-24T03:15:32.536+0000] {processor.py:179} INFO - Processing /opt/airflow/dags/subdags/subdag_downloads.py took 0.040 seconds
[2023-08-24T03:16:03.057+0000] {processor.py:157} INFO - Started process (PID=319) to work on /opt/airflow/dags/subdags/subdag_downloads.py
[2023-08-24T03:16:03.060+0000] {processor.py:829} INFO - Processing file /opt/airflow/dags/subdags/subdag_downloads.py for tasks to queue
[2023-08-24T03:16:03.066+0000] {logging_mixin.py:151} INFO - [2023-08-24T03:16:03.064+0000] {dagbag.py:539} INFO - Filling up the DagBag from /opt/airflow/dags/subdags/subdag_downloads.py
[2023-08-24T03:16:03.075+0000] {processor.py:841} WARNING - No viable dags retrieved from /opt/airflow/dags/subdags/subdag_downloads.py
[2023-08-24T03:16:03.134+0000] {processor.py:179} INFO - Processing /opt/airflow/dags/subdags/subdag_downloads.py took 0.091 seconds
[2023-08-24T03:16:33.678+0000] {processor.py:157} INFO - Started process (PID=329) to work on /opt/airflow/dags/subdags/subdag_downloads.py
[2023-08-24T03:16:33.680+0000] {processor.py:829} INFO - Processing file /opt/airflow/dags/subdags/subdag_downloads.py for tasks to queue
[2023-08-24T03:16:33.686+0000] {logging_mixin.py:151} INFO - [2023-08-24T03:16:33.685+0000] {dagbag.py:539} INFO - Filling up the DagBag from /opt/airflow/dags/subdags/subdag_downloads.py
[2023-08-24T03:16:33.698+0000] {processor.py:841} WARNING - No viable dags retrieved from /opt/airflow/dags/subdags/subdag_downloads.py
[2023-08-24T03:16:33.729+0000] {processor.py:179} INFO - Processing /opt/airflow/dags/subdags/subdag_downloads.py took 0.058 seconds
[2023-08-24T03:17:04.269+0000] {processor.py:157} INFO - Started process (PID=347) to work on /opt/airflow/dags/subdags/subdag_downloads.py
[2023-08-24T03:17:04.271+0000] {processor.py:829} INFO - Processing file /opt/airflow/dags/subdags/subdag_downloads.py for tasks to queue
[2023-08-24T03:17:04.274+0000] {logging_mixin.py:151} INFO - [2023-08-24T03:17:04.274+0000] {dagbag.py:539} INFO - Filling up the DagBag from /opt/airflow/dags/subdags/subdag_downloads.py
[2023-08-24T03:17:04.281+0000] {processor.py:841} WARNING - No viable dags retrieved from /opt/airflow/dags/subdags/subdag_downloads.py
[2023-08-24T03:17:04.311+0000] {processor.py:179} INFO - Processing /opt/airflow/dags/subdags/subdag_downloads.py took 0.052 seconds
[2023-08-24T03:17:34.701+0000] {processor.py:157} INFO - Started process (PID=357) to work on /opt/airflow/dags/subdags/subdag_downloads.py
[2023-08-24T03:17:34.703+0000] {processor.py:829} INFO - Processing file /opt/airflow/dags/subdags/subdag_downloads.py for tasks to queue
[2023-08-24T03:17:34.708+0000] {logging_mixin.py:151} INFO - [2023-08-24T03:17:34.707+0000] {dagbag.py:539} INFO - Filling up the DagBag from /opt/airflow/dags/subdags/subdag_downloads.py
[2023-08-24T03:17:34.718+0000] {processor.py:841} WARNING - No viable dags retrieved from /opt/airflow/dags/subdags/subdag_downloads.py
[2023-08-24T03:17:34.750+0000] {processor.py:179} INFO - Processing /opt/airflow/dags/subdags/subdag_downloads.py took 0.055 seconds
[2023-08-24T03:18:05.247+0000] {processor.py:157} INFO - Started process (PID=367) to work on /opt/airflow/dags/subdags/subdag_downloads.py
[2023-08-24T03:18:05.250+0000] {processor.py:829} INFO - Processing file /opt/airflow/dags/subdags/subdag_downloads.py for tasks to queue
[2023-08-24T03:18:05.255+0000] {logging_mixin.py:151} INFO - [2023-08-24T03:18:05.254+0000] {dagbag.py:539} INFO - Filling up the DagBag from /opt/airflow/dags/subdags/subdag_downloads.py
[2023-08-24T03:18:05.263+0000] {processor.py:841} WARNING - No viable dags retrieved from /opt/airflow/dags/subdags/subdag_downloads.py
[2023-08-24T03:18:05.296+0000] {processor.py:179} INFO - Processing /opt/airflow/dags/subdags/subdag_downloads.py took 0.056 seconds
[2023-08-24T03:18:35.908+0000] {processor.py:157} INFO - Started process (PID=377) to work on /opt/airflow/dags/subdags/subdag_downloads.py
[2023-08-24T03:18:35.913+0000] {processor.py:829} INFO - Processing file /opt/airflow/dags/subdags/subdag_downloads.py for tasks to queue
[2023-08-24T03:18:35.921+0000] {logging_mixin.py:151} INFO - [2023-08-24T03:18:35.920+0000] {dagbag.py:539} INFO - Filling up the DagBag from /opt/airflow/dags/subdags/subdag_downloads.py
[2023-08-24T03:18:35.931+0000] {processor.py:841} WARNING - No viable dags retrieved from /opt/airflow/dags/subdags/subdag_downloads.py
[2023-08-24T03:18:35.967+0000] {processor.py:179} INFO - Processing /opt/airflow/dags/subdags/subdag_downloads.py took 0.075 seconds
[2023-08-24T03:37:28.281+0000] {processor.py:157} INFO - Started process (PID=380) to work on /opt/airflow/dags/subdags/subdag_downloads.py
[2023-08-24T03:37:28.290+0000] {processor.py:829} INFO - Processing file /opt/airflow/dags/subdags/subdag_downloads.py for tasks to queue
[2023-08-24T03:37:28.324+0000] {logging_mixin.py:151} INFO - [2023-08-24T03:37:28.324+0000] {dagbag.py:539} INFO - Filling up the DagBag from /opt/airflow/dags/subdags/subdag_downloads.py
[2023-08-24T03:37:28.408+0000] {processor.py:841} WARNING - No viable dags retrieved from /opt/airflow/dags/subdags/subdag_downloads.py
[2023-08-24T03:37:28.747+0000] {processor.py:179} INFO - Processing /opt/airflow/dags/subdags/subdag_downloads.py took 0.545 seconds
[2023-08-24T03:37:58.966+0000] {processor.py:157} INFO - Started process (PID=390) to work on /opt/airflow/dags/subdags/subdag_downloads.py
[2023-08-24T03:37:58.968+0000] {processor.py:829} INFO - Processing file /opt/airflow/dags/subdags/subdag_downloads.py for tasks to queue
[2023-08-24T03:37:58.973+0000] {logging_mixin.py:151} INFO - [2023-08-24T03:37:58.972+0000] {dagbag.py:539} INFO - Filling up the DagBag from /opt/airflow/dags/subdags/subdag_downloads.py
[2023-08-24T03:37:58.991+0000] {processor.py:841} WARNING - No viable dags retrieved from /opt/airflow/dags/subdags/subdag_downloads.py
[2023-08-24T03:37:59.020+0000] {processor.py:179} INFO - Processing /opt/airflow/dags/subdags/subdag_downloads.py took 0.063 seconds
[2023-08-24T03:38:29.380+0000] {processor.py:157} INFO - Started process (PID=401) to work on /opt/airflow/dags/subdags/subdag_downloads.py
[2023-08-24T03:38:29.382+0000] {processor.py:829} INFO - Processing file /opt/airflow/dags/subdags/subdag_downloads.py for tasks to queue
[2023-08-24T03:38:29.388+0000] {logging_mixin.py:151} INFO - [2023-08-24T03:38:29.387+0000] {dagbag.py:539} INFO - Filling up the DagBag from /opt/airflow/dags/subdags/subdag_downloads.py
[2023-08-24T03:38:29.404+0000] {processor.py:841} WARNING - No viable dags retrieved from /opt/airflow/dags/subdags/subdag_downloads.py
[2023-08-24T03:38:29.423+0000] {processor.py:179} INFO - Processing /opt/airflow/dags/subdags/subdag_downloads.py took 0.052 seconds
[2023-08-24T03:58:09.529+0000] {processor.py:157} INFO - Started process (PID=410) to work on /opt/airflow/dags/subdags/subdag_downloads.py
[2023-08-24T03:58:09.532+0000] {processor.py:829} INFO - Processing file /opt/airflow/dags/subdags/subdag_downloads.py for tasks to queue
[2023-08-24T03:58:09.543+0000] {logging_mixin.py:151} INFO - [2023-08-24T03:58:09.542+0000] {dagbag.py:539} INFO - Filling up the DagBag from /opt/airflow/dags/subdags/subdag_downloads.py
[2023-08-24T03:58:09.558+0000] {processor.py:841} WARNING - No viable dags retrieved from /opt/airflow/dags/subdags/subdag_downloads.py
[2023-08-24T03:58:09.604+0000] {processor.py:179} INFO - Processing /opt/airflow/dags/subdags/subdag_downloads.py took 0.104 seconds
[2023-08-24T04:00:31.939+0000] {processor.py:157} INFO - Started process (PID=420) to work on /opt/airflow/dags/subdags/subdag_downloads.py
[2023-08-24T04:00:31.942+0000] {processor.py:829} INFO - Processing file /opt/airflow/dags/subdags/subdag_downloads.py for tasks to queue
[2023-08-24T04:00:31.946+0000] {logging_mixin.py:151} INFO - [2023-08-24T04:00:31.945+0000] {dagbag.py:539} INFO - Filling up the DagBag from /opt/airflow/dags/subdags/subdag_downloads.py
[2023-08-24T04:00:31.961+0000] {processor.py:841} WARNING - No viable dags retrieved from /opt/airflow/dags/subdags/subdag_downloads.py
[2023-08-24T04:00:31.996+0000] {processor.py:179} INFO - Processing /opt/airflow/dags/subdags/subdag_downloads.py took 0.064 seconds
[2023-08-24T04:23:49.257+0000] {processor.py:157} INFO - Started process (PID=430) to work on /opt/airflow/dags/subdags/subdag_downloads.py
[2023-08-24T04:23:49.259+0000] {processor.py:829} INFO - Processing file /opt/airflow/dags/subdags/subdag_downloads.py for tasks to queue
[2023-08-24T04:23:49.269+0000] {logging_mixin.py:151} INFO - [2023-08-24T04:23:49.268+0000] {dagbag.py:539} INFO - Filling up the DagBag from /opt/airflow/dags/subdags/subdag_downloads.py
[2023-08-24T04:23:49.275+0000] {processor.py:841} WARNING - No viable dags retrieved from /opt/airflow/dags/subdags/subdag_downloads.py
[2023-08-24T04:23:49.294+0000] {processor.py:179} INFO - Processing /opt/airflow/dags/subdags/subdag_downloads.py took 0.042 seconds
[2023-08-24T04:43:24.519+0000] {processor.py:157} INFO - Started process (PID=440) to work on /opt/airflow/dags/subdags/subdag_downloads.py
[2023-08-24T04:43:24.521+0000] {processor.py:829} INFO - Processing file /opt/airflow/dags/subdags/subdag_downloads.py for tasks to queue
[2023-08-24T04:43:24.527+0000] {logging_mixin.py:151} INFO - [2023-08-24T04:43:24.527+0000] {dagbag.py:539} INFO - Filling up the DagBag from /opt/airflow/dags/subdags/subdag_downloads.py
[2023-08-24T04:43:24.537+0000] {processor.py:841} WARNING - No viable dags retrieved from /opt/airflow/dags/subdags/subdag_downloads.py
[2023-08-24T04:43:24.646+0000] {processor.py:179} INFO - Processing /opt/airflow/dags/subdags/subdag_downloads.py took 0.140 seconds
[2023-08-24T05:04:01.153+0000] {processor.py:157} INFO - Started process (PID=450) to work on /opt/airflow/dags/subdags/subdag_downloads.py
[2023-08-24T05:04:01.164+0000] {processor.py:829} INFO - Processing file /opt/airflow/dags/subdags/subdag_downloads.py for tasks to queue
[2023-08-24T05:04:01.188+0000] {logging_mixin.py:151} INFO - [2023-08-24T05:04:01.188+0000] {dagbag.py:539} INFO - Filling up the DagBag from /opt/airflow/dags/subdags/subdag_downloads.py
[2023-08-24T05:04:01.221+0000] {processor.py:841} WARNING - No viable dags retrieved from /opt/airflow/dags/subdags/subdag_downloads.py
[2023-08-24T05:04:01.290+0000] {processor.py:179} INFO - Processing /opt/airflow/dags/subdags/subdag_downloads.py took 0.178 seconds
[2023-08-24T05:04:44.247+0000] {processor.py:157} INFO - Started process (PID=461) to work on /opt/airflow/dags/subdags/subdag_downloads.py
[2023-08-24T05:04:44.251+0000] {processor.py:829} INFO - Processing file /opt/airflow/dags/subdags/subdag_downloads.py for tasks to queue
[2023-08-24T05:04:44.256+0000] {logging_mixin.py:151} INFO - [2023-08-24T05:04:44.255+0000] {dagbag.py:539} INFO - Filling up the DagBag from /opt/airflow/dags/subdags/subdag_downloads.py
[2023-08-24T05:04:44.266+0000] {processor.py:841} WARNING - No viable dags retrieved from /opt/airflow/dags/subdags/subdag_downloads.py
[2023-08-24T05:04:44.312+0000] {processor.py:179} INFO - Processing /opt/airflow/dags/subdags/subdag_downloads.py took 0.078 seconds
[2023-08-24T05:31:46.480+0000] {processor.py:157} INFO - Started process (PID=471) to work on /opt/airflow/dags/subdags/subdag_downloads.py
[2023-08-24T05:31:46.483+0000] {processor.py:829} INFO - Processing file /opt/airflow/dags/subdags/subdag_downloads.py for tasks to queue
[2023-08-24T05:31:46.490+0000] {logging_mixin.py:151} INFO - [2023-08-24T05:31:46.489+0000] {dagbag.py:539} INFO - Filling up the DagBag from /opt/airflow/dags/subdags/subdag_downloads.py
[2023-08-24T05:31:46.499+0000] {processor.py:841} WARNING - No viable dags retrieved from /opt/airflow/dags/subdags/subdag_downloads.py
[2023-08-24T05:31:46.537+0000] {processor.py:179} INFO - Processing /opt/airflow/dags/subdags/subdag_downloads.py took 0.070 seconds
[2023-08-24T06:21:22.541+0000] {processor.py:157} INFO - Started process (PID=482) to work on /opt/airflow/dags/subdags/subdag_downloads.py
[2023-08-24T06:21:22.553+0000] {processor.py:829} INFO - Processing file /opt/airflow/dags/subdags/subdag_downloads.py for tasks to queue
[2023-08-24T06:21:22.567+0000] {logging_mixin.py:151} INFO - [2023-08-24T06:21:22.566+0000] {dagbag.py:539} INFO - Filling up the DagBag from /opt/airflow/dags/subdags/subdag_downloads.py
[2023-08-24T06:21:22.598+0000] {processor.py:841} WARNING - No viable dags retrieved from /opt/airflow/dags/subdags/subdag_downloads.py
[2023-08-24T06:21:22.688+0000] {processor.py:179} INFO - Processing /opt/airflow/dags/subdags/subdag_downloads.py took 0.154 seconds
[2023-08-24T07:09:06.072+0000] {processor.py:157} INFO - Started process (PID=492) to work on /opt/airflow/dags/subdags/subdag_downloads.py
[2023-08-24T07:09:06.081+0000] {processor.py:829} INFO - Processing file /opt/airflow/dags/subdags/subdag_downloads.py for tasks to queue
[2023-08-24T07:09:06.141+0000] {logging_mixin.py:151} INFO - [2023-08-24T07:09:06.139+0000] {dagbag.py:539} INFO - Filling up the DagBag from /opt/airflow/dags/subdags/subdag_downloads.py
[2023-08-24T07:09:06.157+0000] {processor.py:841} WARNING - No viable dags retrieved from /opt/airflow/dags/subdags/subdag_downloads.py
[2023-08-24T07:09:06.299+0000] {processor.py:179} INFO - Processing /opt/airflow/dags/subdags/subdag_downloads.py took 0.247 seconds
[2023-08-24T07:44:27.361+0000] {processor.py:157} INFO - Started process (PID=502) to work on /opt/airflow/dags/subdags/subdag_downloads.py
[2023-08-24T07:44:27.368+0000] {processor.py:829} INFO - Processing file /opt/airflow/dags/subdags/subdag_downloads.py for tasks to queue
[2023-08-24T07:44:27.397+0000] {logging_mixin.py:151} INFO - [2023-08-24T07:44:27.393+0000] {dagbag.py:539} INFO - Filling up the DagBag from /opt/airflow/dags/subdags/subdag_downloads.py
[2023-08-24T07:44:27.416+0000] {processor.py:841} WARNING - No viable dags retrieved from /opt/airflow/dags/subdags/subdag_downloads.py
[2023-08-24T07:44:27.497+0000] {processor.py:179} INFO - Processing /opt/airflow/dags/subdags/subdag_downloads.py took 0.157 seconds
[2023-08-24T08:24:38.145+0000] {processor.py:157} INFO - Started process (PID=513) to work on /opt/airflow/dags/subdags/subdag_downloads.py
[2023-08-24T08:24:38.147+0000] {processor.py:829} INFO - Processing file /opt/airflow/dags/subdags/subdag_downloads.py for tasks to queue
[2023-08-24T08:24:38.152+0000] {logging_mixin.py:151} INFO - [2023-08-24T08:24:38.151+0000] {dagbag.py:539} INFO - Filling up the DagBag from /opt/airflow/dags/subdags/subdag_downloads.py
[2023-08-24T08:24:38.164+0000] {processor.py:841} WARNING - No viable dags retrieved from /opt/airflow/dags/subdags/subdag_downloads.py
[2023-08-24T08:24:38.258+0000] {processor.py:179} INFO - Processing /opt/airflow/dags/subdags/subdag_downloads.py took 0.123 seconds
[2023-08-24T08:25:09.215+0000] {processor.py:157} INFO - Started process (PID=523) to work on /opt/airflow/dags/subdags/subdag_downloads.py
[2023-08-24T08:25:09.228+0000] {processor.py:829} INFO - Processing file /opt/airflow/dags/subdags/subdag_downloads.py for tasks to queue
[2023-08-24T08:25:09.250+0000] {logging_mixin.py:151} INFO - [2023-08-24T08:25:09.239+0000] {dagbag.py:539} INFO - Filling up the DagBag from /opt/airflow/dags/subdags/subdag_downloads.py
[2023-08-24T08:25:09.295+0000] {processor.py:841} WARNING - No viable dags retrieved from /opt/airflow/dags/subdags/subdag_downloads.py
[2023-08-24T08:25:09.386+0000] {processor.py:179} INFO - Processing /opt/airflow/dags/subdags/subdag_downloads.py took 0.199 seconds
[2023-08-24T08:25:40.334+0000] {processor.py:157} INFO - Started process (PID=532) to work on /opt/airflow/dags/subdags/subdag_downloads.py
[2023-08-24T08:25:40.344+0000] {processor.py:829} INFO - Processing file /opt/airflow/dags/subdags/subdag_downloads.py for tasks to queue
[2023-08-24T08:25:40.351+0000] {logging_mixin.py:151} INFO - [2023-08-24T08:25:40.350+0000] {dagbag.py:539} INFO - Filling up the DagBag from /opt/airflow/dags/subdags/subdag_downloads.py
[2023-08-24T08:25:40.358+0000] {processor.py:841} WARNING - No viable dags retrieved from /opt/airflow/dags/subdags/subdag_downloads.py
[2023-08-24T08:25:40.395+0000] {processor.py:179} INFO - Processing /opt/airflow/dags/subdags/subdag_downloads.py took 0.075 seconds
[2023-08-24T08:26:10.892+0000] {processor.py:157} INFO - Started process (PID=542) to work on /opt/airflow/dags/subdags/subdag_downloads.py
[2023-08-24T08:26:10.895+0000] {processor.py:829} INFO - Processing file /opt/airflow/dags/subdags/subdag_downloads.py for tasks to queue
[2023-08-24T08:26:10.906+0000] {logging_mixin.py:151} INFO - [2023-08-24T08:26:10.901+0000] {dagbag.py:539} INFO - Filling up the DagBag from /opt/airflow/dags/subdags/subdag_downloads.py
[2023-08-24T08:26:10.916+0000] {processor.py:841} WARNING - No viable dags retrieved from /opt/airflow/dags/subdags/subdag_downloads.py
[2023-08-24T08:26:10.959+0000] {processor.py:179} INFO - Processing /opt/airflow/dags/subdags/subdag_downloads.py took 0.077 seconds
[2023-08-24T08:26:41.462+0000] {processor.py:157} INFO - Started process (PID=552) to work on /opt/airflow/dags/subdags/subdag_downloads.py
[2023-08-24T08:26:41.466+0000] {processor.py:829} INFO - Processing file /opt/airflow/dags/subdags/subdag_downloads.py for tasks to queue
[2023-08-24T08:26:41.473+0000] {logging_mixin.py:151} INFO - [2023-08-24T08:26:41.473+0000] {dagbag.py:539} INFO - Filling up the DagBag from /opt/airflow/dags/subdags/subdag_downloads.py
[2023-08-24T08:26:41.485+0000] {processor.py:841} WARNING - No viable dags retrieved from /opt/airflow/dags/subdags/subdag_downloads.py
[2023-08-24T08:26:41.521+0000] {processor.py:179} INFO - Processing /opt/airflow/dags/subdags/subdag_downloads.py took 0.073 seconds
[2023-08-24T08:27:11.971+0000] {processor.py:157} INFO - Started process (PID=562) to work on /opt/airflow/dags/subdags/subdag_downloads.py
[2023-08-24T08:27:11.973+0000] {processor.py:829} INFO - Processing file /opt/airflow/dags/subdags/subdag_downloads.py for tasks to queue
[2023-08-24T08:27:11.978+0000] {logging_mixin.py:151} INFO - [2023-08-24T08:27:11.978+0000] {dagbag.py:539} INFO - Filling up the DagBag from /opt/airflow/dags/subdags/subdag_downloads.py
[2023-08-24T08:27:11.985+0000] {processor.py:841} WARNING - No viable dags retrieved from /opt/airflow/dags/subdags/subdag_downloads.py
[2023-08-24T08:27:12.010+0000] {processor.py:179} INFO - Processing /opt/airflow/dags/subdags/subdag_downloads.py took 0.045 seconds
[2023-08-24T08:27:42.603+0000] {processor.py:157} INFO - Started process (PID=572) to work on /opt/airflow/dags/subdags/subdag_downloads.py
[2023-08-24T08:27:42.606+0000] {processor.py:829} INFO - Processing file /opt/airflow/dags/subdags/subdag_downloads.py for tasks to queue
[2023-08-24T08:27:42.615+0000] {logging_mixin.py:151} INFO - [2023-08-24T08:27:42.614+0000] {dagbag.py:539} INFO - Filling up the DagBag from /opt/airflow/dags/subdags/subdag_downloads.py
[2023-08-24T08:27:42.622+0000] {processor.py:841} WARNING - No viable dags retrieved from /opt/airflow/dags/subdags/subdag_downloads.py
[2023-08-24T08:27:42.645+0000] {processor.py:179} INFO - Processing /opt/airflow/dags/subdags/subdag_downloads.py took 0.050 seconds
[2023-08-24T08:28:13.082+0000] {processor.py:157} INFO - Started process (PID=582) to work on /opt/airflow/dags/subdags/subdag_downloads.py
[2023-08-24T08:28:13.084+0000] {processor.py:829} INFO - Processing file /opt/airflow/dags/subdags/subdag_downloads.py for tasks to queue
[2023-08-24T08:28:13.089+0000] {logging_mixin.py:151} INFO - [2023-08-24T08:28:13.088+0000] {dagbag.py:539} INFO - Filling up the DagBag from /opt/airflow/dags/subdags/subdag_downloads.py
[2023-08-24T08:28:13.095+0000] {processor.py:841} WARNING - No viable dags retrieved from /opt/airflow/dags/subdags/subdag_downloads.py
[2023-08-24T08:28:13.125+0000] {processor.py:179} INFO - Processing /opt/airflow/dags/subdags/subdag_downloads.py took 0.051 seconds
[2023-08-24T08:28:43.599+0000] {processor.py:157} INFO - Started process (PID=592) to work on /opt/airflow/dags/subdags/subdag_downloads.py
[2023-08-24T08:28:43.601+0000] {processor.py:829} INFO - Processing file /opt/airflow/dags/subdags/subdag_downloads.py for tasks to queue
[2023-08-24T08:28:43.605+0000] {logging_mixin.py:151} INFO - [2023-08-24T08:28:43.604+0000] {dagbag.py:539} INFO - Filling up the DagBag from /opt/airflow/dags/subdags/subdag_downloads.py
[2023-08-24T08:28:43.614+0000] {processor.py:841} WARNING - No viable dags retrieved from /opt/airflow/dags/subdags/subdag_downloads.py
[2023-08-24T08:28:43.643+0000] {processor.py:179} INFO - Processing /opt/airflow/dags/subdags/subdag_downloads.py took 0.051 seconds
[2023-08-24T08:29:14.132+0000] {processor.py:157} INFO - Started process (PID=603) to work on /opt/airflow/dags/subdags/subdag_downloads.py
[2023-08-24T08:29:14.135+0000] {processor.py:829} INFO - Processing file /opt/airflow/dags/subdags/subdag_downloads.py for tasks to queue
[2023-08-24T08:29:14.144+0000] {logging_mixin.py:151} INFO - [2023-08-24T08:29:14.143+0000] {dagbag.py:539} INFO - Filling up the DagBag from /opt/airflow/dags/subdags/subdag_downloads.py
[2023-08-24T08:29:14.156+0000] {processor.py:841} WARNING - No viable dags retrieved from /opt/airflow/dags/subdags/subdag_downloads.py
[2023-08-24T08:29:14.192+0000] {processor.py:179} INFO - Processing /opt/airflow/dags/subdags/subdag_downloads.py took 0.075 seconds
[2023-08-24T08:29:44.823+0000] {processor.py:157} INFO - Started process (PID=613) to work on /opt/airflow/dags/subdags/subdag_downloads.py
[2023-08-24T08:29:44.826+0000] {processor.py:829} INFO - Processing file /opt/airflow/dags/subdags/subdag_downloads.py for tasks to queue
[2023-08-24T08:29:44.836+0000] {logging_mixin.py:151} INFO - [2023-08-24T08:29:44.833+0000] {dagbag.py:539} INFO - Filling up the DagBag from /opt/airflow/dags/subdags/subdag_downloads.py
[2023-08-24T08:29:44.849+0000] {processor.py:841} WARNING - No viable dags retrieved from /opt/airflow/dags/subdags/subdag_downloads.py
[2023-08-24T08:29:44.892+0000] {processor.py:179} INFO - Processing /opt/airflow/dags/subdags/subdag_downloads.py took 0.077 seconds
[2023-08-24T08:30:15.401+0000] {processor.py:157} INFO - Started process (PID=624) to work on /opt/airflow/dags/subdags/subdag_downloads.py
[2023-08-24T08:30:15.404+0000] {processor.py:829} INFO - Processing file /opt/airflow/dags/subdags/subdag_downloads.py for tasks to queue
[2023-08-24T08:30:15.411+0000] {logging_mixin.py:151} INFO - [2023-08-24T08:30:15.410+0000] {dagbag.py:539} INFO - Filling up the DagBag from /opt/airflow/dags/subdags/subdag_downloads.py
[2023-08-24T08:30:15.419+0000] {processor.py:841} WARNING - No viable dags retrieved from /opt/airflow/dags/subdags/subdag_downloads.py
[2023-08-24T08:30:15.445+0000] {processor.py:179} INFO - Processing /opt/airflow/dags/subdags/subdag_downloads.py took 0.051 seconds
[2023-08-24T08:30:45.964+0000] {processor.py:157} INFO - Started process (PID=634) to work on /opt/airflow/dags/subdags/subdag_downloads.py
[2023-08-24T08:30:45.967+0000] {processor.py:829} INFO - Processing file /opt/airflow/dags/subdags/subdag_downloads.py for tasks to queue
[2023-08-24T08:30:45.974+0000] {logging_mixin.py:151} INFO - [2023-08-24T08:30:45.973+0000] {dagbag.py:539} INFO - Filling up the DagBag from /opt/airflow/dags/subdags/subdag_downloads.py
[2023-08-24T08:30:45.984+0000] {processor.py:841} WARNING - No viable dags retrieved from /opt/airflow/dags/subdags/subdag_downloads.py
[2023-08-24T08:30:46.020+0000] {processor.py:179} INFO - Processing /opt/airflow/dags/subdags/subdag_downloads.py took 0.064 seconds
[2023-08-24T08:31:16.548+0000] {processor.py:157} INFO - Started process (PID=644) to work on /opt/airflow/dags/subdags/subdag_downloads.py
[2023-08-24T08:31:16.552+0000] {processor.py:829} INFO - Processing file /opt/airflow/dags/subdags/subdag_downloads.py for tasks to queue
[2023-08-24T08:31:16.560+0000] {logging_mixin.py:151} INFO - [2023-08-24T08:31:16.559+0000] {dagbag.py:539} INFO - Filling up the DagBag from /opt/airflow/dags/subdags/subdag_downloads.py
[2023-08-24T08:31:16.570+0000] {processor.py:841} WARNING - No viable dags retrieved from /opt/airflow/dags/subdags/subdag_downloads.py
[2023-08-24T08:31:16.599+0000] {processor.py:179} INFO - Processing /opt/airflow/dags/subdags/subdag_downloads.py took 0.061 seconds
[2023-08-24T08:31:47.088+0000] {processor.py:157} INFO - Started process (PID=654) to work on /opt/airflow/dags/subdags/subdag_downloads.py
[2023-08-24T08:31:47.092+0000] {processor.py:829} INFO - Processing file /opt/airflow/dags/subdags/subdag_downloads.py for tasks to queue
[2023-08-24T08:31:47.098+0000] {logging_mixin.py:151} INFO - [2023-08-24T08:31:47.097+0000] {dagbag.py:539} INFO - Filling up the DagBag from /opt/airflow/dags/subdags/subdag_downloads.py
[2023-08-24T08:31:47.105+0000] {processor.py:841} WARNING - No viable dags retrieved from /opt/airflow/dags/subdags/subdag_downloads.py
[2023-08-24T08:31:47.141+0000] {processor.py:179} INFO - Processing /opt/airflow/dags/subdags/subdag_downloads.py took 0.063 seconds
[2023-08-24T14:05:37.332+0000] {processor.py:157} INFO - Started process (PID=30) to work on /opt/airflow/dags/subdags/subdag_downloads.py
[2023-08-24T14:05:37.333+0000] {processor.py:829} INFO - Processing file /opt/airflow/dags/subdags/subdag_downloads.py for tasks to queue
[2023-08-24T14:05:37.337+0000] {logging_mixin.py:151} INFO - [2023-08-24T14:05:37.337+0000] {dagbag.py:539} INFO - Filling up the DagBag from /opt/airflow/dags/subdags/subdag_downloads.py
[2023-08-24T14:05:37.342+0000] {processor.py:841} WARNING - No viable dags retrieved from /opt/airflow/dags/subdags/subdag_downloads.py
[2023-08-24T14:05:37.365+0000] {processor.py:179} INFO - Processing /opt/airflow/dags/subdags/subdag_downloads.py took 0.037 seconds
[2023-08-24T14:06:07.837+0000] {processor.py:157} INFO - Started process (PID=40) to work on /opt/airflow/dags/subdags/subdag_downloads.py
[2023-08-24T14:06:07.839+0000] {processor.py:829} INFO - Processing file /opt/airflow/dags/subdags/subdag_downloads.py for tasks to queue
[2023-08-24T14:06:07.843+0000] {logging_mixin.py:151} INFO - [2023-08-24T14:06:07.842+0000] {dagbag.py:539} INFO - Filling up the DagBag from /opt/airflow/dags/subdags/subdag_downloads.py
[2023-08-24T14:06:07.850+0000] {processor.py:841} WARNING - No viable dags retrieved from /opt/airflow/dags/subdags/subdag_downloads.py
[2023-08-24T14:06:07.866+0000] {processor.py:179} INFO - Processing /opt/airflow/dags/subdags/subdag_downloads.py took 0.035 seconds
[2023-08-24T14:06:38.237+0000] {processor.py:157} INFO - Started process (PID=50) to work on /opt/airflow/dags/subdags/subdag_downloads.py
[2023-08-24T14:06:38.240+0000] {processor.py:829} INFO - Processing file /opt/airflow/dags/subdags/subdag_downloads.py for tasks to queue
[2023-08-24T14:06:38.244+0000] {logging_mixin.py:151} INFO - [2023-08-24T14:06:38.243+0000] {dagbag.py:539} INFO - Filling up the DagBag from /opt/airflow/dags/subdags/subdag_downloads.py
[2023-08-24T14:06:38.250+0000] {processor.py:841} WARNING - No viable dags retrieved from /opt/airflow/dags/subdags/subdag_downloads.py
[2023-08-24T14:06:38.265+0000] {processor.py:179} INFO - Processing /opt/airflow/dags/subdags/subdag_downloads.py took 0.032 seconds
[2023-08-24T14:07:08.611+0000] {processor.py:157} INFO - Started process (PID=60) to work on /opt/airflow/dags/subdags/subdag_downloads.py
[2023-08-24T14:07:08.613+0000] {processor.py:829} INFO - Processing file /opt/airflow/dags/subdags/subdag_downloads.py for tasks to queue
[2023-08-24T14:07:08.615+0000] {logging_mixin.py:151} INFO - [2023-08-24T14:07:08.615+0000] {dagbag.py:539} INFO - Filling up the DagBag from /opt/airflow/dags/subdags/subdag_downloads.py
[2023-08-24T14:07:08.621+0000] {processor.py:841} WARNING - No viable dags retrieved from /opt/airflow/dags/subdags/subdag_downloads.py
[2023-08-24T14:07:08.637+0000] {processor.py:179} INFO - Processing /opt/airflow/dags/subdags/subdag_downloads.py took 0.031 seconds
[2023-08-24T14:07:38.958+0000] {processor.py:157} INFO - Started process (PID=70) to work on /opt/airflow/dags/subdags/subdag_downloads.py
[2023-08-24T14:07:38.960+0000] {processor.py:829} INFO - Processing file /opt/airflow/dags/subdags/subdag_downloads.py for tasks to queue
[2023-08-24T14:07:38.963+0000] {logging_mixin.py:151} INFO - [2023-08-24T14:07:38.962+0000] {dagbag.py:539} INFO - Filling up the DagBag from /opt/airflow/dags/subdags/subdag_downloads.py
[2023-08-24T14:07:38.968+0000] {processor.py:841} WARNING - No viable dags retrieved from /opt/airflow/dags/subdags/subdag_downloads.py
[2023-08-24T14:07:38.985+0000] {processor.py:179} INFO - Processing /opt/airflow/dags/subdags/subdag_downloads.py took 0.032 seconds
[2023-08-24T14:08:09.432+0000] {processor.py:157} INFO - Started process (PID=80) to work on /opt/airflow/dags/subdags/subdag_downloads.py
[2023-08-24T14:08:09.434+0000] {processor.py:829} INFO - Processing file /opt/airflow/dags/subdags/subdag_downloads.py for tasks to queue
[2023-08-24T14:08:09.436+0000] {logging_mixin.py:151} INFO - [2023-08-24T14:08:09.436+0000] {dagbag.py:539} INFO - Filling up the DagBag from /opt/airflow/dags/subdags/subdag_downloads.py
[2023-08-24T14:08:09.443+0000] {processor.py:841} WARNING - No viable dags retrieved from /opt/airflow/dags/subdags/subdag_downloads.py
[2023-08-24T14:08:09.460+0000] {processor.py:179} INFO - Processing /opt/airflow/dags/subdags/subdag_downloads.py took 0.034 seconds
[2023-08-24T14:08:39.915+0000] {processor.py:157} INFO - Started process (PID=90) to work on /opt/airflow/dags/subdags/subdag_downloads.py
[2023-08-24T14:08:39.918+0000] {processor.py:829} INFO - Processing file /opt/airflow/dags/subdags/subdag_downloads.py for tasks to queue
[2023-08-24T14:08:39.922+0000] {logging_mixin.py:151} INFO - [2023-08-24T14:08:39.921+0000] {dagbag.py:539} INFO - Filling up the DagBag from /opt/airflow/dags/subdags/subdag_downloads.py
[2023-08-24T14:08:39.933+0000] {processor.py:841} WARNING - No viable dags retrieved from /opt/airflow/dags/subdags/subdag_downloads.py
[2023-08-24T14:08:39.961+0000] {processor.py:179} INFO - Processing /opt/airflow/dags/subdags/subdag_downloads.py took 0.056 seconds
[2023-08-24T14:09:10.273+0000] {processor.py:157} INFO - Started process (PID=100) to work on /opt/airflow/dags/subdags/subdag_downloads.py
[2023-08-24T14:09:10.275+0000] {processor.py:829} INFO - Processing file /opt/airflow/dags/subdags/subdag_downloads.py for tasks to queue
[2023-08-24T14:09:10.280+0000] {logging_mixin.py:151} INFO - [2023-08-24T14:09:10.279+0000] {dagbag.py:539} INFO - Filling up the DagBag from /opt/airflow/dags/subdags/subdag_downloads.py
[2023-08-24T14:09:10.286+0000] {processor.py:841} WARNING - No viable dags retrieved from /opt/airflow/dags/subdags/subdag_downloads.py
[2023-08-24T14:09:10.306+0000] {processor.py:179} INFO - Processing /opt/airflow/dags/subdags/subdag_downloads.py took 0.039 seconds
[2023-08-24T14:09:40.837+0000] {processor.py:157} INFO - Started process (PID=110) to work on /opt/airflow/dags/subdags/subdag_downloads.py
[2023-08-24T14:09:40.839+0000] {processor.py:829} INFO - Processing file /opt/airflow/dags/subdags/subdag_downloads.py for tasks to queue
[2023-08-24T14:09:40.842+0000] {logging_mixin.py:151} INFO - [2023-08-24T14:09:40.841+0000] {dagbag.py:539} INFO - Filling up the DagBag from /opt/airflow/dags/subdags/subdag_downloads.py
[2023-08-24T14:09:40.846+0000] {processor.py:841} WARNING - No viable dags retrieved from /opt/airflow/dags/subdags/subdag_downloads.py
[2023-08-24T14:09:40.863+0000] {processor.py:179} INFO - Processing /opt/airflow/dags/subdags/subdag_downloads.py took 0.032 seconds
[2023-08-24T14:10:11.187+0000] {processor.py:157} INFO - Started process (PID=120) to work on /opt/airflow/dags/subdags/subdag_downloads.py
[2023-08-24T14:10:11.189+0000] {processor.py:829} INFO - Processing file /opt/airflow/dags/subdags/subdag_downloads.py for tasks to queue
[2023-08-24T14:10:11.192+0000] {logging_mixin.py:151} INFO - [2023-08-24T14:10:11.192+0000] {dagbag.py:539} INFO - Filling up the DagBag from /opt/airflow/dags/subdags/subdag_downloads.py
[2023-08-24T14:10:11.197+0000] {processor.py:841} WARNING - No viable dags retrieved from /opt/airflow/dags/subdags/subdag_downloads.py
[2023-08-24T14:10:11.213+0000] {processor.py:179} INFO - Processing /opt/airflow/dags/subdags/subdag_downloads.py took 0.030 seconds
[2023-08-24T14:10:41.587+0000] {processor.py:157} INFO - Started process (PID=130) to work on /opt/airflow/dags/subdags/subdag_downloads.py
[2023-08-24T14:10:41.588+0000] {processor.py:829} INFO - Processing file /opt/airflow/dags/subdags/subdag_downloads.py for tasks to queue
[2023-08-24T14:10:41.590+0000] {logging_mixin.py:151} INFO - [2023-08-24T14:10:41.590+0000] {dagbag.py:539} INFO - Filling up the DagBag from /opt/airflow/dags/subdags/subdag_downloads.py
[2023-08-24T14:10:41.594+0000] {processor.py:841} WARNING - No viable dags retrieved from /opt/airflow/dags/subdags/subdag_downloads.py
[2023-08-24T14:10:41.609+0000] {processor.py:179} INFO - Processing /opt/airflow/dags/subdags/subdag_downloads.py took 0.025 seconds
[2023-08-24T14:11:11.968+0000] {processor.py:157} INFO - Started process (PID=140) to work on /opt/airflow/dags/subdags/subdag_downloads.py
[2023-08-24T14:11:11.969+0000] {processor.py:829} INFO - Processing file /opt/airflow/dags/subdags/subdag_downloads.py for tasks to queue
[2023-08-24T14:11:11.973+0000] {logging_mixin.py:151} INFO - [2023-08-24T14:11:11.973+0000] {dagbag.py:539} INFO - Filling up the DagBag from /opt/airflow/dags/subdags/subdag_downloads.py
[2023-08-24T14:11:11.980+0000] {processor.py:841} WARNING - No viable dags retrieved from /opt/airflow/dags/subdags/subdag_downloads.py
[2023-08-24T14:11:12.004+0000] {processor.py:179} INFO - Processing /opt/airflow/dags/subdags/subdag_downloads.py took 0.042 seconds
[2023-08-24T14:11:42.385+0000] {processor.py:157} INFO - Started process (PID=150) to work on /opt/airflow/dags/subdags/subdag_downloads.py
[2023-08-24T14:11:42.386+0000] {processor.py:829} INFO - Processing file /opt/airflow/dags/subdags/subdag_downloads.py for tasks to queue
[2023-08-24T14:11:42.389+0000] {logging_mixin.py:151} INFO - [2023-08-24T14:11:42.389+0000] {dagbag.py:539} INFO - Filling up the DagBag from /opt/airflow/dags/subdags/subdag_downloads.py
[2023-08-24T14:11:42.393+0000] {processor.py:841} WARNING - No viable dags retrieved from /opt/airflow/dags/subdags/subdag_downloads.py
[2023-08-24T14:11:42.406+0000] {processor.py:179} INFO - Processing /opt/airflow/dags/subdags/subdag_downloads.py took 0.024 seconds
[2023-08-24T14:12:12.735+0000] {processor.py:157} INFO - Started process (PID=160) to work on /opt/airflow/dags/subdags/subdag_downloads.py
[2023-08-24T14:12:12.737+0000] {processor.py:829} INFO - Processing file /opt/airflow/dags/subdags/subdag_downloads.py for tasks to queue
[2023-08-24T14:12:12.740+0000] {logging_mixin.py:151} INFO - [2023-08-24T14:12:12.739+0000] {dagbag.py:539} INFO - Filling up the DagBag from /opt/airflow/dags/subdags/subdag_downloads.py
[2023-08-24T14:12:12.745+0000] {processor.py:841} WARNING - No viable dags retrieved from /opt/airflow/dags/subdags/subdag_downloads.py
[2023-08-24T14:12:12.759+0000] {processor.py:179} INFO - Processing /opt/airflow/dags/subdags/subdag_downloads.py took 0.029 seconds
[2023-08-24T14:12:43.058+0000] {processor.py:157} INFO - Started process (PID=170) to work on /opt/airflow/dags/subdags/subdag_downloads.py
[2023-08-24T14:12:43.060+0000] {processor.py:829} INFO - Processing file /opt/airflow/dags/subdags/subdag_downloads.py for tasks to queue
[2023-08-24T14:12:43.063+0000] {logging_mixin.py:151} INFO - [2023-08-24T14:12:43.063+0000] {dagbag.py:539} INFO - Filling up the DagBag from /opt/airflow/dags/subdags/subdag_downloads.py
[2023-08-24T14:12:43.068+0000] {processor.py:841} WARNING - No viable dags retrieved from /opt/airflow/dags/subdags/subdag_downloads.py
[2023-08-24T14:12:43.084+0000] {processor.py:179} INFO - Processing /opt/airflow/dags/subdags/subdag_downloads.py took 0.031 seconds
[2023-08-24T14:13:13.408+0000] {processor.py:157} INFO - Started process (PID=180) to work on /opt/airflow/dags/subdags/subdag_downloads.py
[2023-08-24T14:13:13.409+0000] {processor.py:829} INFO - Processing file /opt/airflow/dags/subdags/subdag_downloads.py for tasks to queue
[2023-08-24T14:13:13.411+0000] {logging_mixin.py:151} INFO - [2023-08-24T14:13:13.410+0000] {dagbag.py:539} INFO - Filling up the DagBag from /opt/airflow/dags/subdags/subdag_downloads.py
[2023-08-24T14:13:13.413+0000] {processor.py:841} WARNING - No viable dags retrieved from /opt/airflow/dags/subdags/subdag_downloads.py
[2023-08-24T14:13:13.424+0000] {processor.py:179} INFO - Processing /opt/airflow/dags/subdags/subdag_downloads.py took 0.019 seconds
[2023-08-24T14:13:43.790+0000] {processor.py:157} INFO - Started process (PID=190) to work on /opt/airflow/dags/subdags/subdag_downloads.py
[2023-08-24T14:13:43.793+0000] {processor.py:829} INFO - Processing file /opt/airflow/dags/subdags/subdag_downloads.py for tasks to queue
[2023-08-24T14:13:43.795+0000] {logging_mixin.py:151} INFO - [2023-08-24T14:13:43.795+0000] {dagbag.py:539} INFO - Filling up the DagBag from /opt/airflow/dags/subdags/subdag_downloads.py
[2023-08-24T14:13:43.800+0000] {processor.py:841} WARNING - No viable dags retrieved from /opt/airflow/dags/subdags/subdag_downloads.py
[2023-08-24T14:13:43.815+0000] {processor.py:179} INFO - Processing /opt/airflow/dags/subdags/subdag_downloads.py took 0.029 seconds
[2023-08-24T14:14:14.200+0000] {processor.py:157} INFO - Started process (PID=200) to work on /opt/airflow/dags/subdags/subdag_downloads.py
[2023-08-24T14:14:14.202+0000] {processor.py:829} INFO - Processing file /opt/airflow/dags/subdags/subdag_downloads.py for tasks to queue
[2023-08-24T14:14:14.206+0000] {logging_mixin.py:151} INFO - [2023-08-24T14:14:14.205+0000] {dagbag.py:539} INFO - Filling up the DagBag from /opt/airflow/dags/subdags/subdag_downloads.py
[2023-08-24T14:14:14.211+0000] {processor.py:841} WARNING - No viable dags retrieved from /opt/airflow/dags/subdags/subdag_downloads.py
[2023-08-24T14:14:14.227+0000] {processor.py:179} INFO - Processing /opt/airflow/dags/subdags/subdag_downloads.py took 0.031 seconds
[2023-08-24T14:14:44.585+0000] {processor.py:157} INFO - Started process (PID=210) to work on /opt/airflow/dags/subdags/subdag_downloads.py
[2023-08-24T14:14:44.587+0000] {processor.py:829} INFO - Processing file /opt/airflow/dags/subdags/subdag_downloads.py for tasks to queue
[2023-08-24T14:14:44.590+0000] {logging_mixin.py:151} INFO - [2023-08-24T14:14:44.590+0000] {dagbag.py:539} INFO - Filling up the DagBag from /opt/airflow/dags/subdags/subdag_downloads.py
[2023-08-24T14:14:44.595+0000] {processor.py:841} WARNING - No viable dags retrieved from /opt/airflow/dags/subdags/subdag_downloads.py
[2023-08-24T14:14:44.611+0000] {processor.py:179} INFO - Processing /opt/airflow/dags/subdags/subdag_downloads.py took 0.032 seconds
[2023-08-24T14:15:14.978+0000] {processor.py:157} INFO - Started process (PID=220) to work on /opt/airflow/dags/subdags/subdag_downloads.py
[2023-08-24T14:15:14.980+0000] {processor.py:829} INFO - Processing file /opt/airflow/dags/subdags/subdag_downloads.py for tasks to queue
[2023-08-24T14:15:14.984+0000] {logging_mixin.py:151} INFO - [2023-08-24T14:15:14.984+0000] {dagbag.py:539} INFO - Filling up the DagBag from /opt/airflow/dags/subdags/subdag_downloads.py
[2023-08-24T14:15:14.989+0000] {processor.py:841} WARNING - No viable dags retrieved from /opt/airflow/dags/subdags/subdag_downloads.py
[2023-08-24T14:15:15.007+0000] {processor.py:179} INFO - Processing /opt/airflow/dags/subdags/subdag_downloads.py took 0.034 seconds
[2023-08-24T14:15:45.383+0000] {processor.py:157} INFO - Started process (PID=230) to work on /opt/airflow/dags/subdags/subdag_downloads.py
[2023-08-24T14:15:45.386+0000] {processor.py:829} INFO - Processing file /opt/airflow/dags/subdags/subdag_downloads.py for tasks to queue
[2023-08-24T14:15:45.390+0000] {logging_mixin.py:151} INFO - [2023-08-24T14:15:45.389+0000] {dagbag.py:539} INFO - Filling up the DagBag from /opt/airflow/dags/subdags/subdag_downloads.py
[2023-08-24T14:15:45.395+0000] {processor.py:841} WARNING - No viable dags retrieved from /opt/airflow/dags/subdags/subdag_downloads.py
[2023-08-24T14:15:45.412+0000] {processor.py:179} INFO - Processing /opt/airflow/dags/subdags/subdag_downloads.py took 0.034 seconds
[2023-08-24T14:16:15.791+0000] {processor.py:157} INFO - Started process (PID=240) to work on /opt/airflow/dags/subdags/subdag_downloads.py
[2023-08-24T14:16:15.792+0000] {processor.py:829} INFO - Processing file /opt/airflow/dags/subdags/subdag_downloads.py for tasks to queue
[2023-08-24T14:16:15.796+0000] {logging_mixin.py:151} INFO - [2023-08-24T14:16:15.795+0000] {dagbag.py:539} INFO - Filling up the DagBag from /opt/airflow/dags/subdags/subdag_downloads.py
[2023-08-24T14:16:15.801+0000] {processor.py:841} WARNING - No viable dags retrieved from /opt/airflow/dags/subdags/subdag_downloads.py
[2023-08-24T14:16:15.818+0000] {processor.py:179} INFO - Processing /opt/airflow/dags/subdags/subdag_downloads.py took 0.033 seconds
[2023-08-24T14:16:46.125+0000] {processor.py:157} INFO - Started process (PID=250) to work on /opt/airflow/dags/subdags/subdag_downloads.py
[2023-08-24T14:16:46.127+0000] {processor.py:829} INFO - Processing file /opt/airflow/dags/subdags/subdag_downloads.py for tasks to queue
[2023-08-24T14:16:46.130+0000] {logging_mixin.py:151} INFO - [2023-08-24T14:16:46.129+0000] {dagbag.py:539} INFO - Filling up the DagBag from /opt/airflow/dags/subdags/subdag_downloads.py
[2023-08-24T14:16:46.135+0000] {processor.py:841} WARNING - No viable dags retrieved from /opt/airflow/dags/subdags/subdag_downloads.py
[2023-08-24T14:16:46.151+0000] {processor.py:179} INFO - Processing /opt/airflow/dags/subdags/subdag_downloads.py took 0.032 seconds
[2023-08-24T14:17:16.513+0000] {processor.py:157} INFO - Started process (PID=260) to work on /opt/airflow/dags/subdags/subdag_downloads.py
[2023-08-24T14:17:16.515+0000] {processor.py:829} INFO - Processing file /opt/airflow/dags/subdags/subdag_downloads.py for tasks to queue
[2023-08-24T14:17:16.518+0000] {logging_mixin.py:151} INFO - [2023-08-24T14:17:16.518+0000] {dagbag.py:539} INFO - Filling up the DagBag from /opt/airflow/dags/subdags/subdag_downloads.py
[2023-08-24T14:17:16.523+0000] {processor.py:841} WARNING - No viable dags retrieved from /opt/airflow/dags/subdags/subdag_downloads.py
[2023-08-24T14:17:16.540+0000] {processor.py:179} INFO - Processing /opt/airflow/dags/subdags/subdag_downloads.py took 0.032 seconds
[2023-08-24T14:17:46.925+0000] {processor.py:157} INFO - Started process (PID=270) to work on /opt/airflow/dags/subdags/subdag_downloads.py
[2023-08-24T14:17:46.927+0000] {processor.py:829} INFO - Processing file /opt/airflow/dags/subdags/subdag_downloads.py for tasks to queue
[2023-08-24T14:17:46.930+0000] {logging_mixin.py:151} INFO - [2023-08-24T14:17:46.930+0000] {dagbag.py:539} INFO - Filling up the DagBag from /opt/airflow/dags/subdags/subdag_downloads.py
[2023-08-24T14:17:46.935+0000] {processor.py:841} WARNING - No viable dags retrieved from /opt/airflow/dags/subdags/subdag_downloads.py
[2023-08-24T14:17:46.951+0000] {processor.py:179} INFO - Processing /opt/airflow/dags/subdags/subdag_downloads.py took 0.031 seconds
[2023-08-24T14:18:17.291+0000] {processor.py:157} INFO - Started process (PID=280) to work on /opt/airflow/dags/subdags/subdag_downloads.py
[2023-08-24T14:18:17.293+0000] {processor.py:829} INFO - Processing file /opt/airflow/dags/subdags/subdag_downloads.py for tasks to queue
[2023-08-24T14:18:17.296+0000] {logging_mixin.py:151} INFO - [2023-08-24T14:18:17.296+0000] {dagbag.py:539} INFO - Filling up the DagBag from /opt/airflow/dags/subdags/subdag_downloads.py
[2023-08-24T14:18:17.302+0000] {processor.py:841} WARNING - No viable dags retrieved from /opt/airflow/dags/subdags/subdag_downloads.py
[2023-08-24T14:18:17.318+0000] {processor.py:179} INFO - Processing /opt/airflow/dags/subdags/subdag_downloads.py took 0.032 seconds
[2023-08-24T14:18:47.646+0000] {processor.py:157} INFO - Started process (PID=290) to work on /opt/airflow/dags/subdags/subdag_downloads.py
[2023-08-24T14:18:47.648+0000] {processor.py:829} INFO - Processing file /opt/airflow/dags/subdags/subdag_downloads.py for tasks to queue
[2023-08-24T14:18:47.651+0000] {logging_mixin.py:151} INFO - [2023-08-24T14:18:47.651+0000] {dagbag.py:539} INFO - Filling up the DagBag from /opt/airflow/dags/subdags/subdag_downloads.py
[2023-08-24T14:18:47.657+0000] {processor.py:841} WARNING - No viable dags retrieved from /opt/airflow/dags/subdags/subdag_downloads.py
[2023-08-24T14:18:47.673+0000] {processor.py:179} INFO - Processing /opt/airflow/dags/subdags/subdag_downloads.py took 0.031 seconds
[2023-08-24T14:19:18.036+0000] {processor.py:157} INFO - Started process (PID=300) to work on /opt/airflow/dags/subdags/subdag_downloads.py
[2023-08-24T14:19:18.038+0000] {processor.py:829} INFO - Processing file /opt/airflow/dags/subdags/subdag_downloads.py for tasks to queue
[2023-08-24T14:19:18.042+0000] {logging_mixin.py:151} INFO - [2023-08-24T14:19:18.041+0000] {dagbag.py:539} INFO - Filling up the DagBag from /opt/airflow/dags/subdags/subdag_downloads.py
[2023-08-24T14:19:18.047+0000] {processor.py:841} WARNING - No viable dags retrieved from /opt/airflow/dags/subdags/subdag_downloads.py
[2023-08-24T14:19:18.063+0000] {processor.py:179} INFO - Processing /opt/airflow/dags/subdags/subdag_downloads.py took 0.032 seconds
[2023-08-24T14:19:48.444+0000] {processor.py:157} INFO - Started process (PID=310) to work on /opt/airflow/dags/subdags/subdag_downloads.py
[2023-08-24T14:19:48.446+0000] {processor.py:829} INFO - Processing file /opt/airflow/dags/subdags/subdag_downloads.py for tasks to queue
[2023-08-24T14:19:48.450+0000] {logging_mixin.py:151} INFO - [2023-08-24T14:19:48.449+0000] {dagbag.py:539} INFO - Filling up the DagBag from /opt/airflow/dags/subdags/subdag_downloads.py
[2023-08-24T14:19:48.454+0000] {processor.py:841} WARNING - No viable dags retrieved from /opt/airflow/dags/subdags/subdag_downloads.py
[2023-08-24T14:19:48.470+0000] {processor.py:179} INFO - Processing /opt/airflow/dags/subdags/subdag_downloads.py took 0.030 seconds
[2023-08-24T14:20:18.827+0000] {processor.py:157} INFO - Started process (PID=320) to work on /opt/airflow/dags/subdags/subdag_downloads.py
[2023-08-24T14:20:18.829+0000] {processor.py:829} INFO - Processing file /opt/airflow/dags/subdags/subdag_downloads.py for tasks to queue
[2023-08-24T14:20:18.832+0000] {logging_mixin.py:151} INFO - [2023-08-24T14:20:18.832+0000] {dagbag.py:539} INFO - Filling up the DagBag from /opt/airflow/dags/subdags/subdag_downloads.py
[2023-08-24T14:20:18.838+0000] {processor.py:841} WARNING - No viable dags retrieved from /opt/airflow/dags/subdags/subdag_downloads.py
[2023-08-24T14:20:18.855+0000] {processor.py:179} INFO - Processing /opt/airflow/dags/subdags/subdag_downloads.py took 0.033 seconds
[2023-08-24T14:20:49.237+0000] {processor.py:157} INFO - Started process (PID=330) to work on /opt/airflow/dags/subdags/subdag_downloads.py
[2023-08-24T14:20:49.238+0000] {processor.py:829} INFO - Processing file /opt/airflow/dags/subdags/subdag_downloads.py for tasks to queue
[2023-08-24T14:20:49.241+0000] {logging_mixin.py:151} INFO - [2023-08-24T14:20:49.241+0000] {dagbag.py:539} INFO - Filling up the DagBag from /opt/airflow/dags/subdags/subdag_downloads.py
[2023-08-24T14:20:49.246+0000] {processor.py:841} WARNING - No viable dags retrieved from /opt/airflow/dags/subdags/subdag_downloads.py
[2023-08-24T14:20:49.261+0000] {processor.py:179} INFO - Processing /opt/airflow/dags/subdags/subdag_downloads.py took 0.028 seconds
[2023-08-24T14:21:19.643+0000] {processor.py:157} INFO - Started process (PID=340) to work on /opt/airflow/dags/subdags/subdag_downloads.py
[2023-08-24T14:21:19.645+0000] {processor.py:829} INFO - Processing file /opt/airflow/dags/subdags/subdag_downloads.py for tasks to queue
[2023-08-24T14:21:19.650+0000] {logging_mixin.py:151} INFO - [2023-08-24T14:21:19.649+0000] {dagbag.py:539} INFO - Filling up the DagBag from /opt/airflow/dags/subdags/subdag_downloads.py
[2023-08-24T14:21:19.656+0000] {processor.py:841} WARNING - No viable dags retrieved from /opt/airflow/dags/subdags/subdag_downloads.py
[2023-08-24T14:21:19.675+0000] {processor.py:179} INFO - Processing /opt/airflow/dags/subdags/subdag_downloads.py took 0.041 seconds
[2023-08-24T14:21:50.098+0000] {processor.py:157} INFO - Started process (PID=350) to work on /opt/airflow/dags/subdags/subdag_downloads.py
[2023-08-24T14:21:50.100+0000] {processor.py:829} INFO - Processing file /opt/airflow/dags/subdags/subdag_downloads.py for tasks to queue
[2023-08-24T14:21:50.104+0000] {logging_mixin.py:151} INFO - [2023-08-24T14:21:50.104+0000] {dagbag.py:539} INFO - Filling up the DagBag from /opt/airflow/dags/subdags/subdag_downloads.py
[2023-08-24T14:21:50.110+0000] {processor.py:841} WARNING - No viable dags retrieved from /opt/airflow/dags/subdags/subdag_downloads.py
[2023-08-24T14:21:50.127+0000] {processor.py:179} INFO - Processing /opt/airflow/dags/subdags/subdag_downloads.py took 0.035 seconds
[2023-08-24T14:22:20.525+0000] {processor.py:157} INFO - Started process (PID=360) to work on /opt/airflow/dags/subdags/subdag_downloads.py
[2023-08-24T14:22:20.527+0000] {processor.py:829} INFO - Processing file /opt/airflow/dags/subdags/subdag_downloads.py for tasks to queue
[2023-08-24T14:22:20.531+0000] {logging_mixin.py:151} INFO - [2023-08-24T14:22:20.530+0000] {dagbag.py:539} INFO - Filling up the DagBag from /opt/airflow/dags/subdags/subdag_downloads.py
[2023-08-24T14:22:20.537+0000] {processor.py:841} WARNING - No viable dags retrieved from /opt/airflow/dags/subdags/subdag_downloads.py
[2023-08-24T14:22:20.553+0000] {processor.py:179} INFO - Processing /opt/airflow/dags/subdags/subdag_downloads.py took 0.034 seconds
[2023-08-24T14:22:50.942+0000] {processor.py:157} INFO - Started process (PID=370) to work on /opt/airflow/dags/subdags/subdag_downloads.py
[2023-08-24T14:22:50.944+0000] {processor.py:829} INFO - Processing file /opt/airflow/dags/subdags/subdag_downloads.py for tasks to queue
[2023-08-24T14:22:50.947+0000] {logging_mixin.py:151} INFO - [2023-08-24T14:22:50.946+0000] {dagbag.py:539} INFO - Filling up the DagBag from /opt/airflow/dags/subdags/subdag_downloads.py
[2023-08-24T14:22:50.952+0000] {processor.py:841} WARNING - No viable dags retrieved from /opt/airflow/dags/subdags/subdag_downloads.py
[2023-08-24T14:22:50.968+0000] {processor.py:179} INFO - Processing /opt/airflow/dags/subdags/subdag_downloads.py took 0.031 seconds
[2023-08-24T14:23:21.345+0000] {processor.py:157} INFO - Started process (PID=380) to work on /opt/airflow/dags/subdags/subdag_downloads.py
[2023-08-24T14:23:21.346+0000] {processor.py:829} INFO - Processing file /opt/airflow/dags/subdags/subdag_downloads.py for tasks to queue
[2023-08-24T14:23:21.349+0000] {logging_mixin.py:151} INFO - [2023-08-24T14:23:21.349+0000] {dagbag.py:539} INFO - Filling up the DagBag from /opt/airflow/dags/subdags/subdag_downloads.py
[2023-08-24T14:23:21.355+0000] {processor.py:841} WARNING - No viable dags retrieved from /opt/airflow/dags/subdags/subdag_downloads.py
[2023-08-24T14:23:21.371+0000] {processor.py:179} INFO - Processing /opt/airflow/dags/subdags/subdag_downloads.py took 0.032 seconds
[2023-08-24T14:23:51.753+0000] {processor.py:157} INFO - Started process (PID=390) to work on /opt/airflow/dags/subdags/subdag_downloads.py
[2023-08-24T14:23:51.755+0000] {processor.py:829} INFO - Processing file /opt/airflow/dags/subdags/subdag_downloads.py for tasks to queue
[2023-08-24T14:23:51.759+0000] {logging_mixin.py:151} INFO - [2023-08-24T14:23:51.759+0000] {dagbag.py:539} INFO - Filling up the DagBag from /opt/airflow/dags/subdags/subdag_downloads.py
[2023-08-24T14:23:51.765+0000] {processor.py:841} WARNING - No viable dags retrieved from /opt/airflow/dags/subdags/subdag_downloads.py
[2023-08-24T14:23:51.783+0000] {processor.py:179} INFO - Processing /opt/airflow/dags/subdags/subdag_downloads.py took 0.037 seconds
[2023-08-24T14:24:22.068+0000] {processor.py:157} INFO - Started process (PID=400) to work on /opt/airflow/dags/subdags/subdag_downloads.py
[2023-08-24T14:24:22.069+0000] {processor.py:829} INFO - Processing file /opt/airflow/dags/subdags/subdag_downloads.py for tasks to queue
[2023-08-24T14:24:22.073+0000] {logging_mixin.py:151} INFO - [2023-08-24T14:24:22.073+0000] {dagbag.py:539} INFO - Filling up the DagBag from /opt/airflow/dags/subdags/subdag_downloads.py
[2023-08-24T14:24:22.078+0000] {processor.py:841} WARNING - No viable dags retrieved from /opt/airflow/dags/subdags/subdag_downloads.py
[2023-08-24T14:24:22.093+0000] {processor.py:179} INFO - Processing /opt/airflow/dags/subdags/subdag_downloads.py took 0.030 seconds
