[2023-09-05T00:18:10.380+0000] {processor.py:157} INFO - Started process (PID=1415) to work on /opt/airflow/dags/group_dag.py
[2023-09-05T00:18:10.398+0000] {processor.py:829} INFO - Processing file /opt/airflow/dags/group_dag.py for tasks to queue
[2023-09-05T00:18:10.413+0000] {logging_mixin.py:151} INFO - [2023-09-05T00:18:10.404+0000] {dagbag.py:539} INFO - Filling up the DagBag from /opt/airflow/dags/group_dag.py
[2023-09-05T00:18:10.687+0000] {processor.py:839} INFO - DAG(s) dict_keys(['group_dag']) retrieved from /opt/airflow/dags/group_dag.py
[2023-09-05T00:18:11.067+0000] {logging_mixin.py:151} INFO - [2023-09-05T00:18:11.061+0000] {dag.py:2907} INFO - Sync 1 DAGs
[2023-09-05T00:18:11.222+0000] {logging_mixin.py:151} INFO - [2023-09-05T00:18:11.220+0000] {dag.py:3677} INFO - Setting next_dagrun for group_dag to 2023-09-04T00:00:00+00:00, run_after=2023-09-05T00:00:00+00:00
[2023-09-05T00:18:11.304+0000] {processor.py:179} INFO - Processing /opt/airflow/dags/group_dag.py took 0.965 seconds
[2023-09-05T00:19:40.705+0000] {processor.py:157} INFO - Started process (PID=1426) to work on /opt/airflow/dags/group_dag.py
[2023-09-05T00:19:40.706+0000] {processor.py:829} INFO - Processing file /opt/airflow/dags/group_dag.py for tasks to queue
[2023-09-05T00:19:40.707+0000] {logging_mixin.py:151} INFO - [2023-09-05T00:19:40.707+0000] {dagbag.py:539} INFO - Filling up the DagBag from /opt/airflow/dags/group_dag.py
[2023-09-05T00:19:40.725+0000] {processor.py:839} INFO - DAG(s) dict_keys(['group_dag']) retrieved from /opt/airflow/dags/group_dag.py
[2023-09-05T00:19:40.764+0000] {logging_mixin.py:151} INFO - [2023-09-05T00:19:40.763+0000] {dag.py:2907} INFO - Sync 1 DAGs
[2023-09-05T00:19:40.792+0000] {logging_mixin.py:151} INFO - [2023-09-05T00:19:40.792+0000] {dag.py:3677} INFO - Setting next_dagrun for group_dag to 2023-09-04T00:00:00+00:00, run_after=2023-09-05T00:00:00+00:00
[2023-09-05T00:19:40.809+0000] {processor.py:179} INFO - Processing /opt/airflow/dags/group_dag.py took 0.108 seconds
[2023-09-05T00:20:51.378+0000] {processor.py:157} INFO - Started process (PID=1438) to work on /opt/airflow/dags/group_dag.py
[2023-09-05T00:20:51.379+0000] {processor.py:829} INFO - Processing file /opt/airflow/dags/group_dag.py for tasks to queue
[2023-09-05T00:20:51.381+0000] {logging_mixin.py:151} INFO - [2023-09-05T00:20:51.380+0000] {dagbag.py:539} INFO - Filling up the DagBag from /opt/airflow/dags/group_dag.py
[2023-09-05T00:20:51.397+0000] {processor.py:839} INFO - DAG(s) dict_keys(['group_dag']) retrieved from /opt/airflow/dags/group_dag.py
[2023-09-05T00:20:51.424+0000] {logging_mixin.py:151} INFO - [2023-09-05T00:20:51.424+0000] {dag.py:2907} INFO - Sync 1 DAGs
[2023-09-05T00:20:51.449+0000] {logging_mixin.py:151} INFO - [2023-09-05T00:20:51.449+0000] {dag.py:3677} INFO - Setting next_dagrun for group_dag to 2023-09-04T00:00:00+00:00, run_after=2023-09-05T00:00:00+00:00
[2023-09-05T00:20:51.465+0000] {processor.py:179} INFO - Processing /opt/airflow/dags/group_dag.py took 0.092 seconds
[2023-09-05T00:22:54.108+0000] {processor.py:157} INFO - Started process (PID=1450) to work on /opt/airflow/dags/group_dag.py
[2023-09-05T00:22:54.113+0000] {processor.py:829} INFO - Processing file /opt/airflow/dags/group_dag.py for tasks to queue
[2023-09-05T00:22:54.115+0000] {logging_mixin.py:151} INFO - [2023-09-05T00:22:54.114+0000] {dagbag.py:539} INFO - Filling up the DagBag from /opt/airflow/dags/group_dag.py
[2023-09-05T00:22:54.136+0000] {processor.py:839} INFO - DAG(s) dict_keys(['group_dag']) retrieved from /opt/airflow/dags/group_dag.py
[2023-09-05T00:22:54.186+0000] {logging_mixin.py:151} INFO - [2023-09-05T00:22:54.186+0000] {dag.py:2907} INFO - Sync 1 DAGs
[2023-09-05T00:22:54.211+0000] {logging_mixin.py:151} INFO - [2023-09-05T00:22:54.211+0000] {dag.py:3677} INFO - Setting next_dagrun for group_dag to 2023-09-04T00:00:00+00:00, run_after=2023-09-05T00:00:00+00:00
[2023-09-05T00:22:54.227+0000] {processor.py:179} INFO - Processing /opt/airflow/dags/group_dag.py took 0.123 seconds
[2023-09-05T00:31:38.271+0000] {processor.py:157} INFO - Started process (PID=1461) to work on /opt/airflow/dags/group_dag.py
[2023-09-05T00:31:38.274+0000] {processor.py:829} INFO - Processing file /opt/airflow/dags/group_dag.py for tasks to queue
[2023-09-05T00:31:38.275+0000] {logging_mixin.py:151} INFO - [2023-09-05T00:31:38.275+0000] {dagbag.py:539} INFO - Filling up the DagBag from /opt/airflow/dags/group_dag.py
[2023-09-05T00:31:38.293+0000] {processor.py:839} INFO - DAG(s) dict_keys(['group_dag']) retrieved from /opt/airflow/dags/group_dag.py
[2023-09-05T00:31:38.320+0000] {logging_mixin.py:151} INFO - [2023-09-05T00:31:38.319+0000] {dag.py:2907} INFO - Sync 1 DAGs
[2023-09-05T00:31:38.340+0000] {logging_mixin.py:151} INFO - [2023-09-05T00:31:38.340+0000] {dag.py:3677} INFO - Setting next_dagrun for group_dag to 2023-09-04T00:00:00+00:00, run_after=2023-09-05T00:00:00+00:00
[2023-09-05T00:31:38.355+0000] {processor.py:179} INFO - Processing /opt/airflow/dags/group_dag.py took 0.087 seconds
[2023-09-05T00:36:08.054+0000] {processor.py:157} INFO - Started process (PID=1470) to work on /opt/airflow/dags/group_dag.py
[2023-09-05T00:36:08.058+0000] {processor.py:829} INFO - Processing file /opt/airflow/dags/group_dag.py for tasks to queue
[2023-09-05T00:36:08.062+0000] {logging_mixin.py:151} INFO - [2023-09-05T00:36:08.061+0000] {dagbag.py:539} INFO - Filling up the DagBag from /opt/airflow/dags/group_dag.py
[2023-09-05T00:36:08.173+0000] {processor.py:839} INFO - DAG(s) dict_keys(['group_dag']) retrieved from /opt/airflow/dags/group_dag.py
[2023-09-05T00:36:08.354+0000] {logging_mixin.py:151} INFO - [2023-09-05T00:36:08.350+0000] {dag.py:2907} INFO - Sync 1 DAGs
[2023-09-05T00:36:08.418+0000] {logging_mixin.py:151} INFO - [2023-09-05T00:36:08.417+0000] {dag.py:3677} INFO - Setting next_dagrun for group_dag to 2023-09-04T00:00:00+00:00, run_after=2023-09-05T00:00:00+00:00
[2023-09-05T00:36:08.463+0000] {processor.py:179} INFO - Processing /opt/airflow/dags/group_dag.py took 0.422 seconds
[2023-09-05T01:10:22.949+0000] {processor.py:157} INFO - Started process (PID=1481) to work on /opt/airflow/dags/group_dag.py
[2023-09-05T01:10:22.951+0000] {processor.py:829} INFO - Processing file /opt/airflow/dags/group_dag.py for tasks to queue
[2023-09-05T01:10:22.953+0000] {logging_mixin.py:151} INFO - [2023-09-05T01:10:22.952+0000] {dagbag.py:539} INFO - Filling up the DagBag from /opt/airflow/dags/group_dag.py
[2023-09-05T01:10:22.970+0000] {processor.py:839} INFO - DAG(s) dict_keys(['group_dag']) retrieved from /opt/airflow/dags/group_dag.py
[2023-09-05T01:10:23.009+0000] {logging_mixin.py:151} INFO - [2023-09-05T01:10:23.008+0000] {dag.py:2907} INFO - Sync 1 DAGs
[2023-09-05T01:10:23.038+0000] {logging_mixin.py:151} INFO - [2023-09-05T01:10:23.038+0000] {dag.py:3677} INFO - Setting next_dagrun for group_dag to 2023-09-04T00:00:00+00:00, run_after=2023-09-05T00:00:00+00:00
[2023-09-05T01:10:23.065+0000] {processor.py:179} INFO - Processing /opt/airflow/dags/group_dag.py took 0.120 seconds
[2023-09-05T01:10:53.607+0000] {processor.py:157} INFO - Started process (PID=1492) to work on /opt/airflow/dags/group_dag.py
[2023-09-05T01:10:53.676+0000] {processor.py:829} INFO - Processing file /opt/airflow/dags/group_dag.py for tasks to queue
[2023-09-05T01:10:53.687+0000] {logging_mixin.py:151} INFO - [2023-09-05T01:10:53.685+0000] {dagbag.py:539} INFO - Filling up the DagBag from /opt/airflow/dags/group_dag.py
[2023-09-05T01:10:53.742+0000] {processor.py:839} INFO - DAG(s) dict_keys(['group_dag']) retrieved from /opt/airflow/dags/group_dag.py
[2023-09-05T01:10:53.792+0000] {logging_mixin.py:151} INFO - [2023-09-05T01:10:53.791+0000] {dag.py:2907} INFO - Sync 1 DAGs
[2023-09-05T01:10:53.825+0000] {logging_mixin.py:151} INFO - [2023-09-05T01:10:53.825+0000] {dag.py:3677} INFO - Setting next_dagrun for group_dag to 2023-09-04T00:00:00+00:00, run_after=2023-09-05T00:00:00+00:00
[2023-09-05T01:10:53.842+0000] {processor.py:179} INFO - Processing /opt/airflow/dags/group_dag.py took 0.240 seconds
[2023-09-05T01:36:17.233+0000] {processor.py:157} INFO - Started process (PID=1505) to work on /opt/airflow/dags/group_dag.py
[2023-09-05T01:36:17.235+0000] {processor.py:829} INFO - Processing file /opt/airflow/dags/group_dag.py for tasks to queue
[2023-09-05T01:36:17.236+0000] {logging_mixin.py:151} INFO - [2023-09-05T01:36:17.236+0000] {dagbag.py:539} INFO - Filling up the DagBag from /opt/airflow/dags/group_dag.py
[2023-09-05T01:36:17.252+0000] {processor.py:839} INFO - DAG(s) dict_keys(['group_dag']) retrieved from /opt/airflow/dags/group_dag.py
[2023-09-05T01:36:17.276+0000] {logging_mixin.py:151} INFO - [2023-09-05T01:36:17.276+0000] {dag.py:2907} INFO - Sync 1 DAGs
[2023-09-05T01:36:17.297+0000] {logging_mixin.py:151} INFO - [2023-09-05T01:36:17.296+0000] {dag.py:3677} INFO - Setting next_dagrun for group_dag to 2023-09-04T00:00:00+00:00, run_after=2023-09-05T00:00:00+00:00
[2023-09-05T01:36:17.312+0000] {processor.py:179} INFO - Processing /opt/airflow/dags/group_dag.py took 0.082 seconds
[2023-09-05T01:36:47.914+0000] {processor.py:157} INFO - Started process (PID=1516) to work on /opt/airflow/dags/group_dag.py
[2023-09-05T01:36:47.916+0000] {processor.py:829} INFO - Processing file /opt/airflow/dags/group_dag.py for tasks to queue
[2023-09-05T01:36:47.917+0000] {logging_mixin.py:151} INFO - [2023-09-05T01:36:47.917+0000] {dagbag.py:539} INFO - Filling up the DagBag from /opt/airflow/dags/group_dag.py
[2023-09-05T01:36:47.932+0000] {processor.py:839} INFO - DAG(s) dict_keys(['group_dag']) retrieved from /opt/airflow/dags/group_dag.py
[2023-09-05T01:36:47.958+0000] {logging_mixin.py:151} INFO - [2023-09-05T01:36:47.958+0000] {dag.py:2907} INFO - Sync 1 DAGs
[2023-09-05T01:36:47.978+0000] {logging_mixin.py:151} INFO - [2023-09-05T01:36:47.978+0000] {dag.py:3677} INFO - Setting next_dagrun for group_dag to 2023-09-04T00:00:00+00:00, run_after=2023-09-05T00:00:00+00:00
[2023-09-05T01:36:47.992+0000] {processor.py:179} INFO - Processing /opt/airflow/dags/group_dag.py took 0.081 seconds
[2023-09-05T01:37:18.520+0000] {processor.py:157} INFO - Started process (PID=1526) to work on /opt/airflow/dags/group_dag.py
[2023-09-05T01:37:18.522+0000] {processor.py:829} INFO - Processing file /opt/airflow/dags/group_dag.py for tasks to queue
[2023-09-05T01:37:18.523+0000] {logging_mixin.py:151} INFO - [2023-09-05T01:37:18.523+0000] {dagbag.py:539} INFO - Filling up the DagBag from /opt/airflow/dags/group_dag.py
[2023-09-05T01:37:18.543+0000] {processor.py:839} INFO - DAG(s) dict_keys(['group_dag']) retrieved from /opt/airflow/dags/group_dag.py
[2023-09-05T01:37:18.571+0000] {logging_mixin.py:151} INFO - [2023-09-05T01:37:18.571+0000] {dag.py:2907} INFO - Sync 1 DAGs
[2023-09-05T01:37:18.598+0000] {logging_mixin.py:151} INFO - [2023-09-05T01:37:18.597+0000] {dag.py:3677} INFO - Setting next_dagrun for group_dag to 2023-09-04T00:00:00+00:00, run_after=2023-09-05T00:00:00+00:00
[2023-09-05T01:37:18.613+0000] {processor.py:179} INFO - Processing /opt/airflow/dags/group_dag.py took 0.100 seconds
[2023-09-05T01:37:49.179+0000] {processor.py:157} INFO - Started process (PID=1537) to work on /opt/airflow/dags/group_dag.py
[2023-09-05T01:37:49.181+0000] {processor.py:829} INFO - Processing file /opt/airflow/dags/group_dag.py for tasks to queue
[2023-09-05T01:37:49.182+0000] {logging_mixin.py:151} INFO - [2023-09-05T01:37:49.181+0000] {dagbag.py:539} INFO - Filling up the DagBag from /opt/airflow/dags/group_dag.py
[2023-09-05T01:37:49.200+0000] {processor.py:839} INFO - DAG(s) dict_keys(['group_dag']) retrieved from /opt/airflow/dags/group_dag.py
[2023-09-05T01:37:49.226+0000] {logging_mixin.py:151} INFO - [2023-09-05T01:37:49.226+0000] {dag.py:2907} INFO - Sync 1 DAGs
[2023-09-05T01:37:49.246+0000] {logging_mixin.py:151} INFO - [2023-09-05T01:37:49.245+0000] {dag.py:3677} INFO - Setting next_dagrun for group_dag to 2023-09-04T00:00:00+00:00, run_after=2023-09-05T00:00:00+00:00
[2023-09-05T01:37:49.259+0000] {processor.py:179} INFO - Processing /opt/airflow/dags/group_dag.py took 0.084 seconds
[2023-09-05T01:39:44.512+0000] {processor.py:157} INFO - Started process (PID=1549) to work on /opt/airflow/dags/group_dag.py
[2023-09-05T01:39:44.514+0000] {processor.py:829} INFO - Processing file /opt/airflow/dags/group_dag.py for tasks to queue
[2023-09-05T01:39:44.516+0000] {logging_mixin.py:151} INFO - [2023-09-05T01:39:44.516+0000] {dagbag.py:539} INFO - Filling up the DagBag from /opt/airflow/dags/group_dag.py
[2023-09-05T01:39:44.533+0000] {processor.py:839} INFO - DAG(s) dict_keys(['group_dag']) retrieved from /opt/airflow/dags/group_dag.py
[2023-09-05T01:39:44.575+0000] {logging_mixin.py:151} INFO - [2023-09-05T01:39:44.575+0000] {dag.py:2907} INFO - Sync 1 DAGs
[2023-09-05T01:39:44.604+0000] {logging_mixin.py:151} INFO - [2023-09-05T01:39:44.604+0000] {dag.py:3677} INFO - Setting next_dagrun for group_dag to 2023-09-04T00:00:00+00:00, run_after=2023-09-05T00:00:00+00:00
[2023-09-05T01:39:44.625+0000] {processor.py:179} INFO - Processing /opt/airflow/dags/group_dag.py took 0.117 seconds
[2023-09-05T01:50:29.700+0000] {processor.py:157} INFO - Started process (PID=1559) to work on /opt/airflow/dags/group_dag.py
[2023-09-05T01:50:29.701+0000] {processor.py:829} INFO - Processing file /opt/airflow/dags/group_dag.py for tasks to queue
[2023-09-05T01:50:29.702+0000] {logging_mixin.py:151} INFO - [2023-09-05T01:50:29.702+0000] {dagbag.py:539} INFO - Filling up the DagBag from /opt/airflow/dags/group_dag.py
[2023-09-05T01:50:29.718+0000] {processor.py:839} INFO - DAG(s) dict_keys(['group_dag']) retrieved from /opt/airflow/dags/group_dag.py
[2023-09-05T01:50:29.747+0000] {logging_mixin.py:151} INFO - [2023-09-05T01:50:29.747+0000] {dag.py:2907} INFO - Sync 1 DAGs
[2023-09-05T01:50:29.770+0000] {logging_mixin.py:151} INFO - [2023-09-05T01:50:29.769+0000] {dag.py:3677} INFO - Setting next_dagrun for group_dag to 2023-09-04T00:00:00+00:00, run_after=2023-09-05T00:00:00+00:00
[2023-09-05T01:50:29.787+0000] {processor.py:179} INFO - Processing /opt/airflow/dags/group_dag.py took 0.091 seconds
[2023-09-05T01:53:51.219+0000] {processor.py:157} INFO - Started process (PID=1570) to work on /opt/airflow/dags/group_dag.py
[2023-09-05T01:53:51.223+0000] {processor.py:829} INFO - Processing file /opt/airflow/dags/group_dag.py for tasks to queue
[2023-09-05T01:53:51.227+0000] {logging_mixin.py:151} INFO - [2023-09-05T01:53:51.226+0000] {dagbag.py:539} INFO - Filling up the DagBag from /opt/airflow/dags/group_dag.py
[2023-09-05T01:53:51.306+0000] {processor.py:839} INFO - DAG(s) dict_keys(['group_dag']) retrieved from /opt/airflow/dags/group_dag.py
[2023-09-05T01:53:51.375+0000] {logging_mixin.py:151} INFO - [2023-09-05T01:53:51.374+0000] {dag.py:2907} INFO - Sync 1 DAGs
[2023-09-05T01:53:51.434+0000] {logging_mixin.py:151} INFO - [2023-09-05T01:53:51.434+0000] {dag.py:3677} INFO - Setting next_dagrun for group_dag to 2023-09-04T00:00:00+00:00, run_after=2023-09-05T00:00:00+00:00
[2023-09-05T01:53:51.481+0000] {processor.py:179} INFO - Processing /opt/airflow/dags/group_dag.py took 0.275 seconds
