[2023-09-05T00:18:08.323+0000] {processor.py:157} INFO - Started process (PID=1414) to work on /opt/airflow/dags/parallel_dag.py
[2023-09-05T00:18:08.330+0000] {processor.py:829} INFO - Processing file /opt/airflow/dags/parallel_dag.py for tasks to queue
[2023-09-05T00:18:08.344+0000] {logging_mixin.py:151} INFO - [2023-09-05T00:18:08.333+0000] {dagbag.py:539} INFO - Filling up the DagBag from /opt/airflow/dags/parallel_dag.py
[2023-09-05T00:18:08.468+0000] {processor.py:839} INFO - DAG(s) dict_keys(['parallel_dag']) retrieved from /opt/airflow/dags/parallel_dag.py
[2023-09-05T00:18:09.658+0000] {logging_mixin.py:151} INFO - [2023-09-05T00:18:09.650+0000] {dag.py:2907} INFO - Sync 1 DAGs
[2023-09-05T00:18:09.903+0000] {logging_mixin.py:151} INFO - [2023-09-05T00:18:09.900+0000] {dag.py:3677} INFO - Setting next_dagrun for parallel_dag to 2023-09-04T00:00:00+00:00, run_after=2023-09-05T00:00:00+00:00
[2023-09-05T00:18:10.147+0000] {processor.py:179} INFO - Processing /opt/airflow/dags/parallel_dag.py took 1.872 seconds
[2023-09-05T00:19:40.526+0000] {processor.py:157} INFO - Started process (PID=1425) to work on /opt/airflow/dags/parallel_dag.py
[2023-09-05T00:19:40.528+0000] {processor.py:829} INFO - Processing file /opt/airflow/dags/parallel_dag.py for tasks to queue
[2023-09-05T00:19:40.529+0000] {logging_mixin.py:151} INFO - [2023-09-05T00:19:40.529+0000] {dagbag.py:539} INFO - Filling up the DagBag from /opt/airflow/dags/parallel_dag.py
[2023-09-05T00:19:40.566+0000] {processor.py:839} INFO - DAG(s) dict_keys(['parallel_dag']) retrieved from /opt/airflow/dags/parallel_dag.py
[2023-09-05T00:19:40.618+0000] {logging_mixin.py:151} INFO - [2023-09-05T00:19:40.618+0000] {dag.py:2907} INFO - Sync 1 DAGs
[2023-09-05T00:19:40.651+0000] {logging_mixin.py:151} INFO - [2023-09-05T00:19:40.651+0000] {dag.py:3677} INFO - Setting next_dagrun for parallel_dag to 2023-09-04T00:00:00+00:00, run_after=2023-09-05T00:00:00+00:00
[2023-09-05T00:19:40.671+0000] {processor.py:179} INFO - Processing /opt/airflow/dags/parallel_dag.py took 0.151 seconds
[2023-09-05T00:20:51.207+0000] {processor.py:157} INFO - Started process (PID=1436) to work on /opt/airflow/dags/parallel_dag.py
[2023-09-05T00:20:51.209+0000] {processor.py:829} INFO - Processing file /opt/airflow/dags/parallel_dag.py for tasks to queue
[2023-09-05T00:20:51.211+0000] {logging_mixin.py:151} INFO - [2023-09-05T00:20:51.211+0000] {dagbag.py:539} INFO - Filling up the DagBag from /opt/airflow/dags/parallel_dag.py
[2023-09-05T00:20:51.253+0000] {processor.py:839} INFO - DAG(s) dict_keys(['parallel_dag']) retrieved from /opt/airflow/dags/parallel_dag.py
[2023-09-05T00:20:51.293+0000] {logging_mixin.py:151} INFO - [2023-09-05T00:20:51.293+0000] {dag.py:2907} INFO - Sync 1 DAGs
[2023-09-05T00:20:51.327+0000] {logging_mixin.py:151} INFO - [2023-09-05T00:20:51.327+0000] {dag.py:3677} INFO - Setting next_dagrun for parallel_dag to 2023-09-04T00:00:00+00:00, run_after=2023-09-05T00:00:00+00:00
[2023-09-05T00:20:51.344+0000] {processor.py:179} INFO - Processing /opt/airflow/dags/parallel_dag.py took 0.148 seconds
[2023-09-05T00:22:53.911+0000] {processor.py:157} INFO - Started process (PID=1448) to work on /opt/airflow/dags/parallel_dag.py
[2023-09-05T00:22:53.913+0000] {processor.py:829} INFO - Processing file /opt/airflow/dags/parallel_dag.py for tasks to queue
[2023-09-05T00:22:53.914+0000] {logging_mixin.py:151} INFO - [2023-09-05T00:22:53.914+0000] {dagbag.py:539} INFO - Filling up the DagBag from /opt/airflow/dags/parallel_dag.py
[2023-09-05T00:22:53.952+0000] {processor.py:839} INFO - DAG(s) dict_keys(['parallel_dag']) retrieved from /opt/airflow/dags/parallel_dag.py
[2023-09-05T00:22:54.000+0000] {logging_mixin.py:151} INFO - [2023-09-05T00:22:53.999+0000] {dag.py:2907} INFO - Sync 1 DAGs
[2023-09-05T00:22:54.033+0000] {logging_mixin.py:151} INFO - [2023-09-05T00:22:54.033+0000] {dag.py:3677} INFO - Setting next_dagrun for parallel_dag to 2023-09-04T00:00:00+00:00, run_after=2023-09-05T00:00:00+00:00
[2023-09-05T00:22:54.055+0000] {processor.py:179} INFO - Processing /opt/airflow/dags/parallel_dag.py took 0.152 seconds
[2023-09-05T00:31:38.107+0000] {processor.py:157} INFO - Started process (PID=1459) to work on /opt/airflow/dags/parallel_dag.py
[2023-09-05T00:31:38.111+0000] {processor.py:829} INFO - Processing file /opt/airflow/dags/parallel_dag.py for tasks to queue
[2023-09-05T00:31:38.113+0000] {logging_mixin.py:151} INFO - [2023-09-05T00:31:38.113+0000] {dagbag.py:539} INFO - Filling up the DagBag from /opt/airflow/dags/parallel_dag.py
[2023-09-05T00:31:38.152+0000] {processor.py:839} INFO - DAG(s) dict_keys(['parallel_dag']) retrieved from /opt/airflow/dags/parallel_dag.py
[2023-09-05T00:31:38.192+0000] {logging_mixin.py:151} INFO - [2023-09-05T00:31:38.191+0000] {dag.py:2907} INFO - Sync 1 DAGs
[2023-09-05T00:31:38.222+0000] {logging_mixin.py:151} INFO - [2023-09-05T00:31:38.222+0000] {dag.py:3677} INFO - Setting next_dagrun for parallel_dag to 2023-09-04T00:00:00+00:00, run_after=2023-09-05T00:00:00+00:00
[2023-09-05T00:31:38.242+0000] {processor.py:179} INFO - Processing /opt/airflow/dags/parallel_dag.py took 0.141 seconds
[2023-09-05T00:36:05.836+0000] {processor.py:157} INFO - Started process (PID=1469) to work on /opt/airflow/dags/parallel_dag.py
[2023-09-05T00:36:05.842+0000] {processor.py:829} INFO - Processing file /opt/airflow/dags/parallel_dag.py for tasks to queue
[2023-09-05T00:36:05.845+0000] {logging_mixin.py:151} INFO - [2023-09-05T00:36:05.845+0000] {dagbag.py:539} INFO - Filling up the DagBag from /opt/airflow/dags/parallel_dag.py
[2023-09-05T00:36:07.494+0000] {processor.py:839} INFO - DAG(s) dict_keys(['parallel_dag']) retrieved from /opt/airflow/dags/parallel_dag.py
[2023-09-05T00:36:07.794+0000] {logging_mixin.py:151} INFO - [2023-09-05T00:36:07.790+0000] {dag.py:2907} INFO - Sync 1 DAGs
[2023-09-05T00:36:07.867+0000] {logging_mixin.py:151} INFO - [2023-09-05T00:36:07.867+0000] {dag.py:3677} INFO - Setting next_dagrun for parallel_dag to 2023-09-04T00:00:00+00:00, run_after=2023-09-05T00:00:00+00:00
[2023-09-05T00:36:07.948+0000] {processor.py:179} INFO - Processing /opt/airflow/dags/parallel_dag.py took 2.129 seconds
[2023-09-05T01:10:22.773+0000] {processor.py:157} INFO - Started process (PID=1480) to work on /opt/airflow/dags/parallel_dag.py
[2023-09-05T01:10:22.776+0000] {processor.py:829} INFO - Processing file /opt/airflow/dags/parallel_dag.py for tasks to queue
[2023-09-05T01:10:22.778+0000] {logging_mixin.py:151} INFO - [2023-09-05T01:10:22.777+0000] {dagbag.py:539} INFO - Filling up the DagBag from /opt/airflow/dags/parallel_dag.py
[2023-09-05T01:10:22.827+0000] {processor.py:839} INFO - DAG(s) dict_keys(['parallel_dag']) retrieved from /opt/airflow/dags/parallel_dag.py
[2023-09-05T01:10:22.868+0000] {logging_mixin.py:151} INFO - [2023-09-05T01:10:22.868+0000] {dag.py:2907} INFO - Sync 1 DAGs
[2023-09-05T01:10:22.895+0000] {logging_mixin.py:151} INFO - [2023-09-05T01:10:22.895+0000] {dag.py:3677} INFO - Setting next_dagrun for parallel_dag to 2023-09-04T00:00:00+00:00, run_after=2023-09-05T00:00:00+00:00
[2023-09-05T01:10:22.917+0000] {processor.py:179} INFO - Processing /opt/airflow/dags/parallel_dag.py took 0.157 seconds
[2023-09-05T01:10:53.604+0000] {processor.py:157} INFO - Started process (PID=1491) to work on /opt/airflow/dags/parallel_dag.py
[2023-09-05T01:10:53.677+0000] {processor.py:829} INFO - Processing file /opt/airflow/dags/parallel_dag.py for tasks to queue
[2023-09-05T01:10:53.687+0000] {logging_mixin.py:151} INFO - [2023-09-05T01:10:53.685+0000] {dagbag.py:539} INFO - Filling up the DagBag from /opt/airflow/dags/parallel_dag.py
[2023-09-05T01:10:53.742+0000] {processor.py:839} INFO - DAG(s) dict_keys(['parallel_dag']) retrieved from /opt/airflow/dags/parallel_dag.py
[2023-09-05T01:10:53.792+0000] {logging_mixin.py:151} INFO - [2023-09-05T01:10:53.791+0000] {dag.py:2907} INFO - Sync 1 DAGs
[2023-09-05T01:10:53.825+0000] {logging_mixin.py:151} INFO - [2023-09-05T01:10:53.825+0000] {dag.py:3677} INFO - Setting next_dagrun for parallel_dag to 2023-09-04T00:00:00+00:00, run_after=2023-09-05T00:00:00+00:00
[2023-09-05T01:10:53.842+0000] {processor.py:179} INFO - Processing /opt/airflow/dags/parallel_dag.py took 0.358 seconds
[2023-09-05T01:36:17.106+0000] {processor.py:157} INFO - Started process (PID=1503) to work on /opt/airflow/dags/parallel_dag.py
[2023-09-05T01:36:17.108+0000] {processor.py:829} INFO - Processing file /opt/airflow/dags/parallel_dag.py for tasks to queue
[2023-09-05T01:36:17.109+0000] {logging_mixin.py:151} INFO - [2023-09-05T01:36:17.109+0000] {dagbag.py:539} INFO - Filling up the DagBag from /opt/airflow/dags/parallel_dag.py
[2023-09-05T01:36:17.132+0000] {processor.py:839} INFO - DAG(s) dict_keys(['parallel_dag']) retrieved from /opt/airflow/dags/parallel_dag.py
[2023-09-05T01:36:17.162+0000] {logging_mixin.py:151} INFO - [2023-09-05T01:36:17.161+0000] {dag.py:2907} INFO - Sync 1 DAGs
[2023-09-05T01:36:17.189+0000] {logging_mixin.py:151} INFO - [2023-09-05T01:36:17.188+0000] {dag.py:3677} INFO - Setting next_dagrun for parallel_dag to 2023-09-04T00:00:00+00:00, run_after=2023-09-05T00:00:00+00:00
[2023-09-05T01:36:17.205+0000] {processor.py:179} INFO - Processing /opt/airflow/dags/parallel_dag.py took 0.103 seconds
[2023-09-05T01:36:47.765+0000] {processor.py:157} INFO - Started process (PID=1514) to work on /opt/airflow/dags/parallel_dag.py
[2023-09-05T01:36:47.767+0000] {processor.py:829} INFO - Processing file /opt/airflow/dags/parallel_dag.py for tasks to queue
[2023-09-05T01:36:47.769+0000] {logging_mixin.py:151} INFO - [2023-09-05T01:36:47.768+0000] {dagbag.py:539} INFO - Filling up the DagBag from /opt/airflow/dags/parallel_dag.py
[2023-09-05T01:36:47.803+0000] {processor.py:839} INFO - DAG(s) dict_keys(['parallel_dag']) retrieved from /opt/airflow/dags/parallel_dag.py
[2023-09-05T01:36:47.841+0000] {logging_mixin.py:151} INFO - [2023-09-05T01:36:47.840+0000] {dag.py:2907} INFO - Sync 1 DAGs
[2023-09-05T01:36:47.866+0000] {logging_mixin.py:151} INFO - [2023-09-05T01:36:47.865+0000] {dag.py:3677} INFO - Setting next_dagrun for parallel_dag to 2023-09-04T00:00:00+00:00, run_after=2023-09-05T00:00:00+00:00
[2023-09-05T01:36:47.887+0000] {processor.py:179} INFO - Processing /opt/airflow/dags/parallel_dag.py took 0.126 seconds
[2023-09-05T01:37:18.370+0000] {processor.py:157} INFO - Started process (PID=1525) to work on /opt/airflow/dags/parallel_dag.py
[2023-09-05T01:37:18.371+0000] {processor.py:829} INFO - Processing file /opt/airflow/dags/parallel_dag.py for tasks to queue
[2023-09-05T01:37:18.372+0000] {logging_mixin.py:151} INFO - [2023-09-05T01:37:18.372+0000] {dagbag.py:539} INFO - Filling up the DagBag from /opt/airflow/dags/parallel_dag.py
[2023-09-05T01:37:18.400+0000] {processor.py:839} INFO - DAG(s) dict_keys(['parallel_dag']) retrieved from /opt/airflow/dags/parallel_dag.py
[2023-09-05T01:37:18.436+0000] {logging_mixin.py:151} INFO - [2023-09-05T01:37:18.436+0000] {dag.py:2907} INFO - Sync 1 DAGs
[2023-09-05T01:37:18.469+0000] {logging_mixin.py:151} INFO - [2023-09-05T01:37:18.469+0000] {dag.py:3677} INFO - Setting next_dagrun for parallel_dag to 2023-09-04T00:00:00+00:00, run_after=2023-09-05T00:00:00+00:00
[2023-09-05T01:37:18.487+0000] {processor.py:179} INFO - Processing /opt/airflow/dags/parallel_dag.py took 0.121 seconds
[2023-09-05T01:37:49.032+0000] {processor.py:157} INFO - Started process (PID=1536) to work on /opt/airflow/dags/parallel_dag.py
[2023-09-05T01:37:49.033+0000] {processor.py:829} INFO - Processing file /opt/airflow/dags/parallel_dag.py for tasks to queue
[2023-09-05T01:37:49.035+0000] {logging_mixin.py:151} INFO - [2023-09-05T01:37:49.034+0000] {dagbag.py:539} INFO - Filling up the DagBag from /opt/airflow/dags/parallel_dag.py
[2023-09-05T01:37:49.064+0000] {processor.py:839} INFO - DAG(s) dict_keys(['parallel_dag']) retrieved from /opt/airflow/dags/parallel_dag.py
[2023-09-05T01:37:49.107+0000] {logging_mixin.py:151} INFO - [2023-09-05T01:37:49.106+0000] {dag.py:2907} INFO - Sync 1 DAGs
[2023-09-05T01:37:49.132+0000] {logging_mixin.py:151} INFO - [2023-09-05T01:37:49.131+0000] {dag.py:3677} INFO - Setting next_dagrun for parallel_dag to 2023-09-04T00:00:00+00:00, run_after=2023-09-05T00:00:00+00:00
[2023-09-05T01:37:49.149+0000] {processor.py:179} INFO - Processing /opt/airflow/dags/parallel_dag.py took 0.121 seconds
[2023-09-05T01:39:44.322+0000] {processor.py:157} INFO - Started process (PID=1547) to work on /opt/airflow/dags/parallel_dag.py
[2023-09-05T01:39:44.324+0000] {processor.py:829} INFO - Processing file /opt/airflow/dags/parallel_dag.py for tasks to queue
[2023-09-05T01:39:44.326+0000] {logging_mixin.py:151} INFO - [2023-09-05T01:39:44.325+0000] {dagbag.py:539} INFO - Filling up the DagBag from /opt/airflow/dags/parallel_dag.py
[2023-09-05T01:39:44.359+0000] {processor.py:839} INFO - DAG(s) dict_keys(['parallel_dag']) retrieved from /opt/airflow/dags/parallel_dag.py
[2023-09-05T01:39:44.407+0000] {logging_mixin.py:151} INFO - [2023-09-05T01:39:44.407+0000] {dag.py:2907} INFO - Sync 1 DAGs
[2023-09-05T01:39:44.444+0000] {logging_mixin.py:151} INFO - [2023-09-05T01:39:44.444+0000] {dag.py:3677} INFO - Setting next_dagrun for parallel_dag to 2023-09-04T00:00:00+00:00, run_after=2023-09-05T00:00:00+00:00
[2023-09-05T01:39:44.478+0000] {processor.py:179} INFO - Processing /opt/airflow/dags/parallel_dag.py took 0.167 seconds
[2023-09-05T01:50:29.551+0000] {processor.py:157} INFO - Started process (PID=1558) to work on /opt/airflow/dags/parallel_dag.py
[2023-09-05T01:50:29.552+0000] {processor.py:829} INFO - Processing file /opt/airflow/dags/parallel_dag.py for tasks to queue
[2023-09-05T01:50:29.554+0000] {logging_mixin.py:151} INFO - [2023-09-05T01:50:29.553+0000] {dagbag.py:539} INFO - Filling up the DagBag from /opt/airflow/dags/parallel_dag.py
[2023-09-05T01:50:29.591+0000] {processor.py:839} INFO - DAG(s) dict_keys(['parallel_dag']) retrieved from /opt/airflow/dags/parallel_dag.py
[2023-09-05T01:50:29.626+0000] {logging_mixin.py:151} INFO - [2023-09-05T01:50:29.626+0000] {dag.py:2907} INFO - Sync 1 DAGs
[2023-09-05T01:50:29.653+0000] {logging_mixin.py:151} INFO - [2023-09-05T01:50:29.653+0000] {dag.py:3677} INFO - Setting next_dagrun for parallel_dag to 2023-09-04T00:00:00+00:00, run_after=2023-09-05T00:00:00+00:00
[2023-09-05T01:50:29.675+0000] {processor.py:179} INFO - Processing /opt/airflow/dags/parallel_dag.py took 0.128 seconds
[2023-09-05T01:53:49.889+0000] {processor.py:157} INFO - Started process (PID=1569) to work on /opt/airflow/dags/parallel_dag.py
[2023-09-05T01:53:49.904+0000] {processor.py:829} INFO - Processing file /opt/airflow/dags/parallel_dag.py for tasks to queue
[2023-09-05T01:53:49.916+0000] {logging_mixin.py:151} INFO - [2023-09-05T01:53:49.914+0000] {dagbag.py:539} INFO - Filling up the DagBag from /opt/airflow/dags/parallel_dag.py
[2023-09-05T01:53:50.235+0000] {processor.py:839} INFO - DAG(s) dict_keys(['parallel_dag']) retrieved from /opt/airflow/dags/parallel_dag.py
[2023-09-05T01:53:50.536+0000] {logging_mixin.py:151} INFO - [2023-09-05T01:53:50.535+0000] {dag.py:2907} INFO - Sync 1 DAGs
[2023-09-05T01:53:50.949+0000] {logging_mixin.py:151} INFO - [2023-09-05T01:53:50.947+0000] {dag.py:3677} INFO - Setting next_dagrun for parallel_dag to 2023-09-04T00:00:00+00:00, run_after=2023-09-05T00:00:00+00:00
[2023-09-05T01:53:51.099+0000] {processor.py:179} INFO - Processing /opt/airflow/dags/parallel_dag.py took 1.228 seconds
