[2023-08-30T14:55:31.741+0000] {processor.py:157} INFO - Started process (PID=31) to work on /opt/airflow/dags/parallel_dag.py
[2023-08-30T14:55:31.744+0000] {processor.py:829} INFO - Processing file /opt/airflow/dags/parallel_dag.py for tasks to queue
[2023-08-30T14:55:31.770+0000] {logging_mixin.py:151} INFO - [2023-08-30T14:55:31.769+0000] {dagbag.py:539} INFO - Filling up the DagBag from /opt/airflow/dags/parallel_dag.py
[2023-08-30T14:55:31.818+0000] {processor.py:839} INFO - DAG(s) dict_keys(['parallel_dag']) retrieved from /opt/airflow/dags/parallel_dag.py
[2023-08-30T14:55:31.954+0000] {logging_mixin.py:151} INFO - [2023-08-30T14:55:31.954+0000] {dag.py:2907} INFO - Sync 1 DAGs
[2023-08-30T14:55:32.053+0000] {logging_mixin.py:151} INFO - [2023-08-30T14:55:32.053+0000] {dag.py:3677} INFO - Setting next_dagrun for parallel_dag to 2023-08-29T00:00:00+00:00, run_after=2023-08-30T00:00:00+00:00
[2023-08-30T14:55:32.104+0000] {processor.py:179} INFO - Processing /opt/airflow/dags/parallel_dag.py took 0.384 seconds
[2023-08-30T14:56:02.450+0000] {processor.py:157} INFO - Started process (PID=40) to work on /opt/airflow/dags/parallel_dag.py
[2023-08-30T14:56:02.453+0000] {processor.py:829} INFO - Processing file /opt/airflow/dags/parallel_dag.py for tasks to queue
[2023-08-30T14:56:02.458+0000] {logging_mixin.py:151} INFO - [2023-08-30T14:56:02.458+0000] {dagbag.py:539} INFO - Filling up the DagBag from /opt/airflow/dags/parallel_dag.py
[2023-08-30T14:56:02.492+0000] {processor.py:839} INFO - DAG(s) dict_keys(['parallel_dag']) retrieved from /opt/airflow/dags/parallel_dag.py
[2023-08-30T14:56:02.546+0000] {logging_mixin.py:151} INFO - [2023-08-30T14:56:02.546+0000] {dag.py:2907} INFO - Sync 1 DAGs
[2023-08-30T14:56:02.607+0000] {logging_mixin.py:151} INFO - [2023-08-30T14:56:02.607+0000] {dag.py:3677} INFO - Setting next_dagrun for parallel_dag to 2023-08-29T00:00:00+00:00, run_after=2023-08-30T00:00:00+00:00
[2023-08-30T14:56:02.635+0000] {processor.py:179} INFO - Processing /opt/airflow/dags/parallel_dag.py took 0.194 seconds
[2023-08-30T14:56:32.787+0000] {processor.py:157} INFO - Started process (PID=49) to work on /opt/airflow/dags/parallel_dag.py
[2023-08-30T14:56:32.789+0000] {processor.py:829} INFO - Processing file /opt/airflow/dags/parallel_dag.py for tasks to queue
[2023-08-30T14:56:32.796+0000] {logging_mixin.py:151} INFO - [2023-08-30T14:56:32.795+0000] {dagbag.py:539} INFO - Filling up the DagBag from /opt/airflow/dags/parallel_dag.py
[2023-08-30T14:56:32.820+0000] {processor.py:839} INFO - DAG(s) dict_keys(['parallel_dag']) retrieved from /opt/airflow/dags/parallel_dag.py
[2023-08-30T14:56:32.871+0000] {logging_mixin.py:151} INFO - [2023-08-30T14:56:32.870+0000] {dag.py:2907} INFO - Sync 1 DAGs
[2023-08-30T14:56:32.903+0000] {logging_mixin.py:151} INFO - [2023-08-30T14:56:32.902+0000] {dag.py:3677} INFO - Setting next_dagrun for parallel_dag to 2023-08-29T00:00:00+00:00, run_after=2023-08-30T00:00:00+00:00
[2023-08-30T14:56:32.946+0000] {processor.py:179} INFO - Processing /opt/airflow/dags/parallel_dag.py took 0.170 seconds
[2023-08-30T14:57:03.346+0000] {processor.py:157} INFO - Started process (PID=58) to work on /opt/airflow/dags/parallel_dag.py
[2023-08-30T14:57:03.347+0000] {processor.py:829} INFO - Processing file /opt/airflow/dags/parallel_dag.py for tasks to queue
[2023-08-30T14:57:03.350+0000] {logging_mixin.py:151} INFO - [2023-08-30T14:57:03.350+0000] {dagbag.py:539} INFO - Filling up the DagBag from /opt/airflow/dags/parallel_dag.py
[2023-08-30T14:57:03.382+0000] {processor.py:839} INFO - DAG(s) dict_keys(['parallel_dag']) retrieved from /opt/airflow/dags/parallel_dag.py
[2023-08-30T14:57:03.433+0000] {logging_mixin.py:151} INFO - [2023-08-30T14:57:03.433+0000] {dag.py:2907} INFO - Sync 1 DAGs
[2023-08-30T14:57:03.461+0000] {logging_mixin.py:151} INFO - [2023-08-30T14:57:03.461+0000] {dag.py:3677} INFO - Setting next_dagrun for parallel_dag to 2023-08-29T00:00:00+00:00, run_after=2023-08-30T00:00:00+00:00
[2023-08-30T14:57:03.732+0000] {processor.py:179} INFO - Processing /opt/airflow/dags/parallel_dag.py took 0.391 seconds
[2023-08-30T14:57:34.064+0000] {processor.py:157} INFO - Started process (PID=67) to work on /opt/airflow/dags/parallel_dag.py
[2023-08-30T14:57:34.066+0000] {processor.py:829} INFO - Processing file /opt/airflow/dags/parallel_dag.py for tasks to queue
[2023-08-30T14:57:34.069+0000] {logging_mixin.py:151} INFO - [2023-08-30T14:57:34.068+0000] {dagbag.py:539} INFO - Filling up the DagBag from /opt/airflow/dags/parallel_dag.py
[2023-08-30T14:57:34.090+0000] {processor.py:839} INFO - DAG(s) dict_keys(['parallel_dag']) retrieved from /opt/airflow/dags/parallel_dag.py
[2023-08-30T14:57:34.132+0000] {logging_mixin.py:151} INFO - [2023-08-30T14:57:34.131+0000] {dag.py:2907} INFO - Sync 1 DAGs
[2023-08-30T14:57:34.345+0000] {logging_mixin.py:151} INFO - [2023-08-30T14:57:34.345+0000] {dag.py:3677} INFO - Setting next_dagrun for parallel_dag to 2023-08-29T00:00:00+00:00, run_after=2023-08-30T00:00:00+00:00
[2023-08-30T14:57:34.366+0000] {processor.py:179} INFO - Processing /opt/airflow/dags/parallel_dag.py took 0.307 seconds
[2023-08-30T14:58:04.717+0000] {processor.py:157} INFO - Started process (PID=76) to work on /opt/airflow/dags/parallel_dag.py
[2023-08-30T14:58:04.720+0000] {processor.py:829} INFO - Processing file /opt/airflow/dags/parallel_dag.py for tasks to queue
[2023-08-30T14:58:04.723+0000] {logging_mixin.py:151} INFO - [2023-08-30T14:58:04.723+0000] {dagbag.py:539} INFO - Filling up the DagBag from /opt/airflow/dags/parallel_dag.py
[2023-08-30T14:58:04.755+0000] {processor.py:839} INFO - DAG(s) dict_keys(['parallel_dag']) retrieved from /opt/airflow/dags/parallel_dag.py
[2023-08-30T14:58:04.811+0000] {logging_mixin.py:151} INFO - [2023-08-30T14:58:04.811+0000] {dag.py:2907} INFO - Sync 1 DAGs
[2023-08-30T14:58:05.024+0000] {logging_mixin.py:151} INFO - [2023-08-30T14:58:05.024+0000] {dag.py:3677} INFO - Setting next_dagrun for parallel_dag to 2023-08-29T00:00:00+00:00, run_after=2023-08-30T00:00:00+00:00
[2023-08-30T14:58:05.038+0000] {processor.py:179} INFO - Processing /opt/airflow/dags/parallel_dag.py took 0.329 seconds
[2023-08-30T14:58:35.419+0000] {processor.py:157} INFO - Started process (PID=85) to work on /opt/airflow/dags/parallel_dag.py
[2023-08-30T14:58:35.422+0000] {processor.py:829} INFO - Processing file /opt/airflow/dags/parallel_dag.py for tasks to queue
[2023-08-30T14:58:35.427+0000] {logging_mixin.py:151} INFO - [2023-08-30T14:58:35.427+0000] {dagbag.py:539} INFO - Filling up the DagBag from /opt/airflow/dags/parallel_dag.py
[2023-08-30T14:58:35.460+0000] {processor.py:839} INFO - DAG(s) dict_keys(['parallel_dag']) retrieved from /opt/airflow/dags/parallel_dag.py
[2023-08-30T14:58:35.710+0000] {logging_mixin.py:151} INFO - [2023-08-30T14:58:35.710+0000] {dag.py:2907} INFO - Sync 1 DAGs
[2023-08-30T14:58:35.733+0000] {logging_mixin.py:151} INFO - [2023-08-30T14:58:35.733+0000] {dag.py:3677} INFO - Setting next_dagrun for parallel_dag to 2023-08-29T00:00:00+00:00, run_after=2023-08-30T00:00:00+00:00
[2023-08-30T14:58:35.748+0000] {processor.py:179} INFO - Processing /opt/airflow/dags/parallel_dag.py took 0.335 seconds
[2023-08-30T14:59:06.113+0000] {processor.py:157} INFO - Started process (PID=94) to work on /opt/airflow/dags/parallel_dag.py
[2023-08-30T14:59:06.115+0000] {processor.py:829} INFO - Processing file /opt/airflow/dags/parallel_dag.py for tasks to queue
[2023-08-30T14:59:06.119+0000] {logging_mixin.py:151} INFO - [2023-08-30T14:59:06.119+0000] {dagbag.py:539} INFO - Filling up the DagBag from /opt/airflow/dags/parallel_dag.py
[2023-08-30T14:59:06.313+0000] {processor.py:839} INFO - DAG(s) dict_keys(['parallel_dag']) retrieved from /opt/airflow/dags/parallel_dag.py
[2023-08-30T14:59:06.341+0000] {logging_mixin.py:151} INFO - [2023-08-30T14:59:06.341+0000] {dag.py:2907} INFO - Sync 1 DAGs
[2023-08-30T14:59:06.356+0000] {logging_mixin.py:151} INFO - [2023-08-30T14:59:06.356+0000] {dag.py:3677} INFO - Setting next_dagrun for parallel_dag to 2023-08-29T00:00:00+00:00, run_after=2023-08-30T00:00:00+00:00
[2023-08-30T14:59:06.365+0000] {processor.py:179} INFO - Processing /opt/airflow/dags/parallel_dag.py took 0.262 seconds
[2023-08-30T14:59:36.464+0000] {processor.py:157} INFO - Started process (PID=103) to work on /opt/airflow/dags/parallel_dag.py
[2023-08-30T14:59:36.466+0000] {processor.py:829} INFO - Processing file /opt/airflow/dags/parallel_dag.py for tasks to queue
[2023-08-30T14:59:36.469+0000] {logging_mixin.py:151} INFO - [2023-08-30T14:59:36.469+0000] {dagbag.py:539} INFO - Filling up the DagBag from /opt/airflow/dags/parallel_dag.py
[2023-08-30T14:59:36.491+0000] {processor.py:839} INFO - DAG(s) dict_keys(['parallel_dag']) retrieved from /opt/airflow/dags/parallel_dag.py
[2023-08-30T14:59:36.526+0000] {logging_mixin.py:151} INFO - [2023-08-30T14:59:36.525+0000] {dag.py:2907} INFO - Sync 1 DAGs
[2023-08-30T14:59:36.543+0000] {logging_mixin.py:151} INFO - [2023-08-30T14:59:36.543+0000] {dag.py:3677} INFO - Setting next_dagrun for parallel_dag to 2023-08-29T00:00:00+00:00, run_after=2023-08-30T00:00:00+00:00
[2023-08-30T14:59:36.558+0000] {processor.py:179} INFO - Processing /opt/airflow/dags/parallel_dag.py took 0.099 seconds
[2023-08-30T15:00:06.841+0000] {processor.py:157} INFO - Started process (PID=112) to work on /opt/airflow/dags/parallel_dag.py
[2023-08-30T15:00:06.843+0000] {processor.py:829} INFO - Processing file /opt/airflow/dags/parallel_dag.py for tasks to queue
[2023-08-30T15:00:06.845+0000] {logging_mixin.py:151} INFO - [2023-08-30T15:00:06.845+0000] {dagbag.py:539} INFO - Filling up the DagBag from /opt/airflow/dags/parallel_dag.py
[2023-08-30T15:00:06.872+0000] {processor.py:839} INFO - DAG(s) dict_keys(['parallel_dag']) retrieved from /opt/airflow/dags/parallel_dag.py
[2023-08-30T15:00:06.908+0000] {logging_mixin.py:151} INFO - [2023-08-30T15:00:06.908+0000] {dag.py:2907} INFO - Sync 1 DAGs
[2023-08-30T15:00:06.929+0000] {logging_mixin.py:151} INFO - [2023-08-30T15:00:06.929+0000] {dag.py:3677} INFO - Setting next_dagrun for parallel_dag to 2023-08-29T00:00:00+00:00, run_after=2023-08-30T00:00:00+00:00
[2023-08-30T15:00:06.940+0000] {processor.py:179} INFO - Processing /opt/airflow/dags/parallel_dag.py took 0.104 seconds
[2023-08-30T15:00:37.366+0000] {processor.py:157} INFO - Started process (PID=121) to work on /opt/airflow/dags/parallel_dag.py
[2023-08-30T15:00:37.368+0000] {processor.py:829} INFO - Processing file /opt/airflow/dags/parallel_dag.py for tasks to queue
[2023-08-30T15:00:37.371+0000] {logging_mixin.py:151} INFO - [2023-08-30T15:00:37.370+0000] {dagbag.py:539} INFO - Filling up the DagBag from /opt/airflow/dags/parallel_dag.py
[2023-08-30T15:00:37.391+0000] {processor.py:839} INFO - DAG(s) dict_keys(['parallel_dag']) retrieved from /opt/airflow/dags/parallel_dag.py
[2023-08-30T15:00:37.418+0000] {logging_mixin.py:151} INFO - [2023-08-30T15:00:37.418+0000] {dag.py:2907} INFO - Sync 1 DAGs
[2023-08-30T15:00:37.439+0000] {logging_mixin.py:151} INFO - [2023-08-30T15:00:37.439+0000] {dag.py:3677} INFO - Setting next_dagrun for parallel_dag to 2023-08-29T00:00:00+00:00, run_after=2023-08-30T00:00:00+00:00
[2023-08-30T15:00:37.451+0000] {processor.py:179} INFO - Processing /opt/airflow/dags/parallel_dag.py took 0.089 seconds
[2023-08-30T15:01:07.714+0000] {processor.py:157} INFO - Started process (PID=130) to work on /opt/airflow/dags/parallel_dag.py
[2023-08-30T15:01:07.716+0000] {processor.py:829} INFO - Processing file /opt/airflow/dags/parallel_dag.py for tasks to queue
[2023-08-30T15:01:07.719+0000] {logging_mixin.py:151} INFO - [2023-08-30T15:01:07.719+0000] {dagbag.py:539} INFO - Filling up the DagBag from /opt/airflow/dags/parallel_dag.py
[2023-08-30T15:01:07.741+0000] {processor.py:839} INFO - DAG(s) dict_keys(['parallel_dag']) retrieved from /opt/airflow/dags/parallel_dag.py
[2023-08-30T15:01:07.788+0000] {logging_mixin.py:151} INFO - [2023-08-30T15:01:07.788+0000] {dag.py:2907} INFO - Sync 1 DAGs
[2023-08-30T15:01:07.811+0000] {logging_mixin.py:151} INFO - [2023-08-30T15:01:07.811+0000] {dag.py:3677} INFO - Setting next_dagrun for parallel_dag to 2023-08-29T00:00:00+00:00, run_after=2023-08-30T00:00:00+00:00
[2023-08-30T15:01:07.823+0000] {processor.py:179} INFO - Processing /opt/airflow/dags/parallel_dag.py took 0.112 seconds
[2023-08-30T15:01:38.168+0000] {processor.py:157} INFO - Started process (PID=139) to work on /opt/airflow/dags/parallel_dag.py
[2023-08-30T15:01:38.170+0000] {processor.py:829} INFO - Processing file /opt/airflow/dags/parallel_dag.py for tasks to queue
[2023-08-30T15:01:38.174+0000] {logging_mixin.py:151} INFO - [2023-08-30T15:01:38.173+0000] {dagbag.py:539} INFO - Filling up the DagBag from /opt/airflow/dags/parallel_dag.py
[2023-08-30T15:01:38.196+0000] {processor.py:839} INFO - DAG(s) dict_keys(['parallel_dag']) retrieved from /opt/airflow/dags/parallel_dag.py
[2023-08-30T15:01:38.223+0000] {logging_mixin.py:151} INFO - [2023-08-30T15:01:38.223+0000] {dag.py:2907} INFO - Sync 1 DAGs
[2023-08-30T15:01:38.239+0000] {logging_mixin.py:151} INFO - [2023-08-30T15:01:38.239+0000] {dag.py:3677} INFO - Setting next_dagrun for parallel_dag to 2023-08-29T00:00:00+00:00, run_after=2023-08-30T00:00:00+00:00
[2023-08-30T15:01:38.250+0000] {processor.py:179} INFO - Processing /opt/airflow/dags/parallel_dag.py took 0.085 seconds
[2023-08-30T15:02:08.941+0000] {processor.py:157} INFO - Started process (PID=148) to work on /opt/airflow/dags/parallel_dag.py
[2023-08-30T15:02:08.962+0000] {processor.py:829} INFO - Processing file /opt/airflow/dags/parallel_dag.py for tasks to queue
[2023-08-30T15:02:09.031+0000] {logging_mixin.py:151} INFO - [2023-08-30T15:02:09.027+0000] {dagbag.py:539} INFO - Filling up the DagBag from /opt/airflow/dags/parallel_dag.py
[2023-08-30T15:02:09.107+0000] {processor.py:839} INFO - DAG(s) dict_keys(['parallel_dag']) retrieved from /opt/airflow/dags/parallel_dag.py
[2023-08-30T15:02:09.231+0000] {logging_mixin.py:151} INFO - [2023-08-30T15:02:09.231+0000] {dag.py:2907} INFO - Sync 1 DAGs
[2023-08-30T15:02:09.277+0000] {logging_mixin.py:151} INFO - [2023-08-30T15:02:09.277+0000] {dag.py:3677} INFO - Setting next_dagrun for parallel_dag to 2023-08-29T00:00:00+00:00, run_after=2023-08-30T00:00:00+00:00
[2023-08-30T15:02:09.339+0000] {processor.py:179} INFO - Processing /opt/airflow/dags/parallel_dag.py took 0.512 seconds
[2023-08-30T15:02:39.792+0000] {processor.py:157} INFO - Started process (PID=157) to work on /opt/airflow/dags/parallel_dag.py
[2023-08-30T15:02:39.793+0000] {processor.py:829} INFO - Processing file /opt/airflow/dags/parallel_dag.py for tasks to queue
[2023-08-30T15:02:39.795+0000] {logging_mixin.py:151} INFO - [2023-08-30T15:02:39.795+0000] {dagbag.py:539} INFO - Filling up the DagBag from /opt/airflow/dags/parallel_dag.py
[2023-08-30T15:02:39.821+0000] {processor.py:839} INFO - DAG(s) dict_keys(['parallel_dag']) retrieved from /opt/airflow/dags/parallel_dag.py
[2023-08-30T15:02:39.865+0000] {logging_mixin.py:151} INFO - [2023-08-30T15:02:39.865+0000] {dag.py:2907} INFO - Sync 1 DAGs
[2023-08-30T15:02:39.890+0000] {logging_mixin.py:151} INFO - [2023-08-30T15:02:39.890+0000] {dag.py:3677} INFO - Setting next_dagrun for parallel_dag to 2023-08-29T00:00:00+00:00, run_after=2023-08-30T00:00:00+00:00
[2023-08-30T15:02:39.925+0000] {processor.py:179} INFO - Processing /opt/airflow/dags/parallel_dag.py took 0.137 seconds
[2023-08-30T15:03:10.257+0000] {processor.py:157} INFO - Started process (PID=166) to work on /opt/airflow/dags/parallel_dag.py
[2023-08-30T15:03:10.259+0000] {processor.py:829} INFO - Processing file /opt/airflow/dags/parallel_dag.py for tasks to queue
[2023-08-30T15:03:10.262+0000] {logging_mixin.py:151} INFO - [2023-08-30T15:03:10.262+0000] {dagbag.py:539} INFO - Filling up the DagBag from /opt/airflow/dags/parallel_dag.py
[2023-08-30T15:03:10.281+0000] {processor.py:839} INFO - DAG(s) dict_keys(['parallel_dag']) retrieved from /opt/airflow/dags/parallel_dag.py
[2023-08-30T15:03:10.320+0000] {logging_mixin.py:151} INFO - [2023-08-30T15:03:10.320+0000] {dag.py:2907} INFO - Sync 1 DAGs
[2023-08-30T15:03:10.343+0000] {logging_mixin.py:151} INFO - [2023-08-30T15:03:10.343+0000] {dag.py:3677} INFO - Setting next_dagrun for parallel_dag to 2023-08-29T00:00:00+00:00, run_after=2023-08-30T00:00:00+00:00
[2023-08-30T15:03:10.357+0000] {processor.py:179} INFO - Processing /opt/airflow/dags/parallel_dag.py took 0.105 seconds
[2023-08-30T15:03:40.626+0000] {processor.py:157} INFO - Started process (PID=175) to work on /opt/airflow/dags/parallel_dag.py
[2023-08-30T15:03:40.628+0000] {processor.py:829} INFO - Processing file /opt/airflow/dags/parallel_dag.py for tasks to queue
[2023-08-30T15:03:40.632+0000] {logging_mixin.py:151} INFO - [2023-08-30T15:03:40.631+0000] {dagbag.py:539} INFO - Filling up the DagBag from /opt/airflow/dags/parallel_dag.py
[2023-08-30T15:03:40.658+0000] {processor.py:839} INFO - DAG(s) dict_keys(['parallel_dag']) retrieved from /opt/airflow/dags/parallel_dag.py
[2023-08-30T15:03:40.691+0000] {logging_mixin.py:151} INFO - [2023-08-30T15:03:40.691+0000] {dag.py:2907} INFO - Sync 1 DAGs
[2023-08-30T15:03:40.709+0000] {logging_mixin.py:151} INFO - [2023-08-30T15:03:40.709+0000] {dag.py:3677} INFO - Setting next_dagrun for parallel_dag to 2023-08-29T00:00:00+00:00, run_after=2023-08-30T00:00:00+00:00
[2023-08-30T15:03:40.719+0000] {processor.py:179} INFO - Processing /opt/airflow/dags/parallel_dag.py took 0.097 seconds
[2023-08-30T15:04:11.040+0000] {processor.py:157} INFO - Started process (PID=184) to work on /opt/airflow/dags/parallel_dag.py
[2023-08-30T15:04:11.041+0000] {processor.py:829} INFO - Processing file /opt/airflow/dags/parallel_dag.py for tasks to queue
[2023-08-30T15:04:11.046+0000] {logging_mixin.py:151} INFO - [2023-08-30T15:04:11.045+0000] {dagbag.py:539} INFO - Filling up the DagBag from /opt/airflow/dags/parallel_dag.py
[2023-08-30T15:04:11.071+0000] {processor.py:839} INFO - DAG(s) dict_keys(['parallel_dag']) retrieved from /opt/airflow/dags/parallel_dag.py
[2023-08-30T15:04:11.109+0000] {logging_mixin.py:151} INFO - [2023-08-30T15:04:11.109+0000] {dag.py:2907} INFO - Sync 1 DAGs
[2023-08-30T15:04:11.134+0000] {logging_mixin.py:151} INFO - [2023-08-30T15:04:11.134+0000] {dag.py:3677} INFO - Setting next_dagrun for parallel_dag to 2023-08-29T00:00:00+00:00, run_after=2023-08-30T00:00:00+00:00
[2023-08-30T15:04:11.148+0000] {processor.py:179} INFO - Processing /opt/airflow/dags/parallel_dag.py took 0.111 seconds
[2023-08-30T15:04:41.697+0000] {processor.py:157} INFO - Started process (PID=193) to work on /opt/airflow/dags/parallel_dag.py
[2023-08-30T15:04:41.699+0000] {processor.py:829} INFO - Processing file /opt/airflow/dags/parallel_dag.py for tasks to queue
[2023-08-30T15:04:41.709+0000] {logging_mixin.py:151} INFO - [2023-08-30T15:04:41.703+0000] {dagbag.py:539} INFO - Filling up the DagBag from /opt/airflow/dags/parallel_dag.py
[2023-08-30T15:04:41.744+0000] {processor.py:839} INFO - DAG(s) dict_keys(['parallel_dag']) retrieved from /opt/airflow/dags/parallel_dag.py
[2023-08-30T15:04:41.895+0000] {logging_mixin.py:151} INFO - [2023-08-30T15:04:41.895+0000] {dag.py:2907} INFO - Sync 1 DAGs
[2023-08-30T15:04:41.915+0000] {logging_mixin.py:151} INFO - [2023-08-30T15:04:41.915+0000] {dag.py:3677} INFO - Setting next_dagrun for parallel_dag to 2023-08-29T00:00:00+00:00, run_after=2023-08-30T00:00:00+00:00
[2023-08-30T15:04:41.934+0000] {processor.py:179} INFO - Processing /opt/airflow/dags/parallel_dag.py took 0.241 seconds
[2023-08-30T15:04:59.233+0000] {processor.py:157} INFO - Started process (PID=201) to work on /opt/airflow/dags/parallel_dag.py
[2023-08-30T15:04:59.240+0000] {processor.py:829} INFO - Processing file /opt/airflow/dags/parallel_dag.py for tasks to queue
[2023-08-30T15:04:59.247+0000] {logging_mixin.py:151} INFO - [2023-08-30T15:04:59.246+0000] {dagbag.py:539} INFO - Filling up the DagBag from /opt/airflow/dags/parallel_dag.py
[2023-08-30T15:04:59.302+0000] {processor.py:839} INFO - DAG(s) dict_keys(['parallel_dag']) retrieved from /opt/airflow/dags/parallel_dag.py
[2023-08-30T15:04:59.327+0000] {logging_mixin.py:151} INFO - [2023-08-30T15:04:59.326+0000] {dag.py:2907} INFO - Sync 1 DAGs
[2023-08-30T15:04:59.352+0000] {logging_mixin.py:151} INFO - [2023-08-30T15:04:59.352+0000] {dag.py:3677} INFO - Setting next_dagrun for parallel_dag to 2023-08-29T00:00:00+00:00, run_after=2023-08-30T00:00:00+00:00
[2023-08-30T15:04:59.374+0000] {processor.py:179} INFO - Processing /opt/airflow/dags/parallel_dag.py took 0.147 seconds
[2023-08-30T15:06:23.805+0000] {processor.py:157} INFO - Started process (PID=210) to work on /opt/airflow/dags/parallel_dag.py
[2023-08-30T15:06:23.838+0000] {processor.py:829} INFO - Processing file /opt/airflow/dags/parallel_dag.py for tasks to queue
[2023-08-30T15:06:23.870+0000] {logging_mixin.py:151} INFO - [2023-08-30T15:06:23.866+0000] {dagbag.py:539} INFO - Filling up the DagBag from /opt/airflow/dags/parallel_dag.py
[2023-08-30T15:06:24.257+0000] {processor.py:839} INFO - DAG(s) dict_keys(['parallel_dag']) retrieved from /opt/airflow/dags/parallel_dag.py
[2023-08-30T15:06:24.683+0000] {logging_mixin.py:151} INFO - [2023-08-30T15:06:24.667+0000] {dag.py:2907} INFO - Sync 1 DAGs
[2023-08-30T15:06:26.383+0000] {logging_mixin.py:151} INFO - [2023-08-30T15:06:26.381+0000] {dag.py:3677} INFO - Setting next_dagrun for parallel_dag to 2023-08-29T00:00:00+00:00, run_after=2023-08-30T00:00:00+00:00
[2023-08-30T15:06:26.636+0000] {processor.py:179} INFO - Processing /opt/airflow/dags/parallel_dag.py took 2.963 seconds
[2023-08-30T15:06:57.240+0000] {processor.py:157} INFO - Started process (PID=221) to work on /opt/airflow/dags/parallel_dag.py
[2023-08-30T15:06:57.242+0000] {processor.py:829} INFO - Processing file /opt/airflow/dags/parallel_dag.py for tasks to queue
[2023-08-30T15:06:57.244+0000] {logging_mixin.py:151} INFO - [2023-08-30T15:06:57.243+0000] {dagbag.py:539} INFO - Filling up the DagBag from /opt/airflow/dags/parallel_dag.py
[2023-08-30T15:06:57.266+0000] {processor.py:839} INFO - DAG(s) dict_keys(['parallel_dag']) retrieved from /opt/airflow/dags/parallel_dag.py
[2023-08-30T15:06:57.295+0000] {logging_mixin.py:151} INFO - [2023-08-30T15:06:57.295+0000] {dag.py:2907} INFO - Sync 1 DAGs
[2023-08-30T15:06:57.312+0000] {logging_mixin.py:151} INFO - [2023-08-30T15:06:57.312+0000] {dag.py:3677} INFO - Setting next_dagrun for parallel_dag to 2023-08-29T00:00:00+00:00, run_after=2023-08-30T00:00:00+00:00
[2023-08-30T15:06:57.323+0000] {processor.py:179} INFO - Processing /opt/airflow/dags/parallel_dag.py took 0.091 seconds
[2023-08-30T15:07:27.704+0000] {processor.py:157} INFO - Started process (PID=231) to work on /opt/airflow/dags/parallel_dag.py
[2023-08-30T15:07:27.708+0000] {processor.py:829} INFO - Processing file /opt/airflow/dags/parallel_dag.py for tasks to queue
[2023-08-30T15:07:27.710+0000] {logging_mixin.py:151} INFO - [2023-08-30T15:07:27.709+0000] {dagbag.py:539} INFO - Filling up the DagBag from /opt/airflow/dags/parallel_dag.py
[2023-08-30T15:07:27.736+0000] {processor.py:839} INFO - DAG(s) dict_keys(['parallel_dag']) retrieved from /opt/airflow/dags/parallel_dag.py
[2023-08-30T15:07:27.761+0000] {logging_mixin.py:151} INFO - [2023-08-30T15:07:27.761+0000] {dag.py:2907} INFO - Sync 1 DAGs
[2023-08-30T15:07:27.780+0000] {logging_mixin.py:151} INFO - [2023-08-30T15:07:27.779+0000] {dag.py:3677} INFO - Setting next_dagrun for parallel_dag to 2023-08-29T00:00:00+00:00, run_after=2023-08-30T00:00:00+00:00
[2023-08-30T15:07:27.794+0000] {processor.py:179} INFO - Processing /opt/airflow/dags/parallel_dag.py took 0.098 seconds
[2023-08-30T15:07:58.218+0000] {processor.py:157} INFO - Started process (PID=245) to work on /opt/airflow/dags/parallel_dag.py
[2023-08-30T15:07:58.220+0000] {processor.py:829} INFO - Processing file /opt/airflow/dags/parallel_dag.py for tasks to queue
[2023-08-30T15:07:58.222+0000] {logging_mixin.py:151} INFO - [2023-08-30T15:07:58.221+0000] {dagbag.py:539} INFO - Filling up the DagBag from /opt/airflow/dags/parallel_dag.py
[2023-08-30T15:07:58.244+0000] {processor.py:839} INFO - DAG(s) dict_keys(['parallel_dag']) retrieved from /opt/airflow/dags/parallel_dag.py
[2023-08-30T15:07:58.272+0000] {logging_mixin.py:151} INFO - [2023-08-30T15:07:58.272+0000] {dag.py:2907} INFO - Sync 1 DAGs
[2023-08-30T15:07:58.294+0000] {logging_mixin.py:151} INFO - [2023-08-30T15:07:58.293+0000] {dag.py:3677} INFO - Setting next_dagrun for parallel_dag to 2023-08-29T00:00:00+00:00, run_after=2023-08-30T00:00:00+00:00
[2023-08-30T15:07:58.313+0000] {processor.py:179} INFO - Processing /opt/airflow/dags/parallel_dag.py took 0.102 seconds
[2023-08-30T15:08:28.752+0000] {processor.py:157} INFO - Started process (PID=255) to work on /opt/airflow/dags/parallel_dag.py
[2023-08-30T15:08:28.754+0000] {processor.py:829} INFO - Processing file /opt/airflow/dags/parallel_dag.py for tasks to queue
[2023-08-30T15:08:28.756+0000] {logging_mixin.py:151} INFO - [2023-08-30T15:08:28.755+0000] {dagbag.py:539} INFO - Filling up the DagBag from /opt/airflow/dags/parallel_dag.py
[2023-08-30T15:08:28.785+0000] {processor.py:839} INFO - DAG(s) dict_keys(['parallel_dag']) retrieved from /opt/airflow/dags/parallel_dag.py
[2023-08-30T15:08:28.821+0000] {logging_mixin.py:151} INFO - [2023-08-30T15:08:28.821+0000] {dag.py:2907} INFO - Sync 1 DAGs
[2023-08-30T15:08:28.841+0000] {logging_mixin.py:151} INFO - [2023-08-30T15:08:28.840+0000] {dag.py:3677} INFO - Setting next_dagrun for parallel_dag to 2023-08-29T00:00:00+00:00, run_after=2023-08-30T00:00:00+00:00
[2023-08-30T15:08:28.853+0000] {processor.py:179} INFO - Processing /opt/airflow/dags/parallel_dag.py took 0.107 seconds
[2023-08-30T15:08:59.114+0000] {processor.py:157} INFO - Started process (PID=266) to work on /opt/airflow/dags/parallel_dag.py
[2023-08-30T15:08:59.119+0000] {processor.py:829} INFO - Processing file /opt/airflow/dags/parallel_dag.py for tasks to queue
[2023-08-30T15:08:59.135+0000] {logging_mixin.py:151} INFO - [2023-08-30T15:08:59.132+0000] {dagbag.py:539} INFO - Filling up the DagBag from /opt/airflow/dags/parallel_dag.py
[2023-08-30T15:08:59.247+0000] {processor.py:839} INFO - DAG(s) dict_keys(['parallel_dag']) retrieved from /opt/airflow/dags/parallel_dag.py
[2023-08-30T15:08:59.337+0000] {logging_mixin.py:151} INFO - [2023-08-30T15:08:59.336+0000] {dag.py:2907} INFO - Sync 1 DAGs
[2023-08-30T15:08:59.611+0000] {logging_mixin.py:151} INFO - [2023-08-30T15:08:59.607+0000] {dag.py:3677} INFO - Setting next_dagrun for parallel_dag to 2023-08-29T00:00:00+00:00, run_after=2023-08-30T00:00:00+00:00
[2023-08-30T15:08:59.649+0000] {processor.py:179} INFO - Processing /opt/airflow/dags/parallel_dag.py took 0.554 seconds
[2023-08-30T15:09:29.739+0000] {processor.py:157} INFO - Started process (PID=277) to work on /opt/airflow/dags/parallel_dag.py
[2023-08-30T15:09:29.741+0000] {processor.py:829} INFO - Processing file /opt/airflow/dags/parallel_dag.py for tasks to queue
[2023-08-30T15:09:29.742+0000] {logging_mixin.py:151} INFO - [2023-08-30T15:09:29.742+0000] {dagbag.py:539} INFO - Filling up the DagBag from /opt/airflow/dags/parallel_dag.py
[2023-08-30T15:09:29.759+0000] {processor.py:839} INFO - DAG(s) dict_keys(['parallel_dag']) retrieved from /opt/airflow/dags/parallel_dag.py
[2023-08-30T15:09:29.785+0000] {logging_mixin.py:151} INFO - [2023-08-30T15:09:29.785+0000] {dag.py:2907} INFO - Sync 1 DAGs
[2023-08-30T15:09:29.810+0000] {logging_mixin.py:151} INFO - [2023-08-30T15:09:29.809+0000] {dag.py:3677} INFO - Setting next_dagrun for parallel_dag to 2023-08-29T00:00:00+00:00, run_after=2023-08-30T00:00:00+00:00
[2023-08-30T15:09:29.823+0000] {processor.py:179} INFO - Processing /opt/airflow/dags/parallel_dag.py took 0.091 seconds
[2023-08-30T15:10:00.189+0000] {processor.py:157} INFO - Started process (PID=287) to work on /opt/airflow/dags/parallel_dag.py
[2023-08-30T15:10:00.192+0000] {processor.py:829} INFO - Processing file /opt/airflow/dags/parallel_dag.py for tasks to queue
[2023-08-30T15:10:00.195+0000] {logging_mixin.py:151} INFO - [2023-08-30T15:10:00.194+0000] {dagbag.py:539} INFO - Filling up the DagBag from /opt/airflow/dags/parallel_dag.py
[2023-08-30T15:10:00.230+0000] {processor.py:839} INFO - DAG(s) dict_keys(['parallel_dag']) retrieved from /opt/airflow/dags/parallel_dag.py
[2023-08-30T15:10:00.261+0000] {logging_mixin.py:151} INFO - [2023-08-30T15:10:00.260+0000] {dag.py:2907} INFO - Sync 1 DAGs
[2023-08-30T15:10:00.279+0000] {logging_mixin.py:151} INFO - [2023-08-30T15:10:00.279+0000] {dag.py:3677} INFO - Setting next_dagrun for parallel_dag to 2023-08-29T00:00:00+00:00, run_after=2023-08-30T00:00:00+00:00
[2023-08-30T15:10:00.290+0000] {processor.py:179} INFO - Processing /opt/airflow/dags/parallel_dag.py took 0.112 seconds
[2023-08-30T15:10:30.750+0000] {processor.py:157} INFO - Started process (PID=298) to work on /opt/airflow/dags/parallel_dag.py
[2023-08-30T15:10:30.754+0000] {processor.py:829} INFO - Processing file /opt/airflow/dags/parallel_dag.py for tasks to queue
[2023-08-30T15:10:30.760+0000] {logging_mixin.py:151} INFO - [2023-08-30T15:10:30.755+0000] {dagbag.py:539} INFO - Filling up the DagBag from /opt/airflow/dags/parallel_dag.py
[2023-08-30T15:10:30.824+0000] {processor.py:839} INFO - DAG(s) dict_keys(['parallel_dag']) retrieved from /opt/airflow/dags/parallel_dag.py
[2023-08-30T15:10:30.931+0000] {logging_mixin.py:151} INFO - [2023-08-30T15:10:30.931+0000] {dag.py:2907} INFO - Sync 1 DAGs
[2023-08-30T15:10:30.957+0000] {logging_mixin.py:151} INFO - [2023-08-30T15:10:30.957+0000] {dag.py:3677} INFO - Setting next_dagrun for parallel_dag to 2023-08-29T00:00:00+00:00, run_after=2023-08-30T00:00:00+00:00
[2023-08-30T15:10:30.982+0000] {processor.py:179} INFO - Processing /opt/airflow/dags/parallel_dag.py took 0.269 seconds
[2023-08-30T15:11:01.723+0000] {processor.py:157} INFO - Started process (PID=309) to work on /opt/airflow/dags/parallel_dag.py
[2023-08-30T15:11:01.731+0000] {processor.py:829} INFO - Processing file /opt/airflow/dags/parallel_dag.py for tasks to queue
[2023-08-30T15:11:01.738+0000] {logging_mixin.py:151} INFO - [2023-08-30T15:11:01.734+0000] {dagbag.py:539} INFO - Filling up the DagBag from /opt/airflow/dags/parallel_dag.py
[2023-08-30T15:11:04.275+0000] {processor.py:839} INFO - DAG(s) dict_keys(['parallel_dag']) retrieved from /opt/airflow/dags/parallel_dag.py
[2023-08-30T15:11:08.056+0000] {logging_mixin.py:151} INFO - [2023-08-30T15:11:08.055+0000] {dag.py:2907} INFO - Sync 1 DAGs
[2023-08-30T15:11:08.087+0000] {logging_mixin.py:151} INFO - [2023-08-30T15:11:08.087+0000] {dag.py:3677} INFO - Setting next_dagrun for parallel_dag to 2023-08-29T00:00:00+00:00, run_after=2023-08-30T00:00:00+00:00
[2023-08-30T15:11:08.125+0000] {processor.py:179} INFO - Processing /opt/airflow/dags/parallel_dag.py took 6.425 seconds
[2023-08-30T15:11:41.888+0000] {processor.py:157} INFO - Started process (PID=312) to work on /opt/airflow/dags/parallel_dag.py
[2023-08-30T15:11:41.903+0000] {processor.py:829} INFO - Processing file /opt/airflow/dags/parallel_dag.py for tasks to queue
[2023-08-30T15:11:41.944+0000] {logging_mixin.py:151} INFO - [2023-08-30T15:11:41.913+0000] {dagbag.py:539} INFO - Filling up the DagBag from /opt/airflow/dags/parallel_dag.py
[2023-08-30T15:11:43.894+0000] {processor.py:839} INFO - DAG(s) dict_keys(['parallel_dag']) retrieved from /opt/airflow/dags/parallel_dag.py
[2023-08-30T15:11:52.652+0000] {logging_mixin.py:151} INFO - [2023-08-30T15:11:52.622+0000] {dag.py:2907} INFO - Sync 1 DAGs
[2023-08-30T15:11:52.987+0000] {logging_mixin.py:151} INFO - [2023-08-30T15:11:52.981+0000] {dag.py:3677} INFO - Setting next_dagrun for parallel_dag to 2023-08-29T00:00:00+00:00, run_after=2023-08-30T00:00:00+00:00
[2023-08-30T15:11:53.377+0000] {processor.py:179} INFO - Processing /opt/airflow/dags/parallel_dag.py took 11.524 seconds
