[2023-08-27T00:28:19.399+0000] {processor.py:157} INFO - Started process (PID=1064) to work on /opt/airflow/dags/group_dag.py
[2023-08-27T00:28:19.401+0000] {processor.py:829} INFO - Processing file /opt/airflow/dags/group_dag.py for tasks to queue
[2023-08-27T00:28:19.406+0000] {logging_mixin.py:151} INFO - [2023-08-27T00:28:19.405+0000] {dagbag.py:539} INFO - Filling up the DagBag from /opt/airflow/dags/group_dag.py
[2023-08-27T00:28:19.432+0000] {processor.py:839} INFO - DAG(s) dict_keys(['group_dag']) retrieved from /opt/airflow/dags/group_dag.py
[2023-08-27T00:28:19.477+0000] {logging_mixin.py:151} INFO - [2023-08-27T00:28:19.477+0000] {dag.py:2907} INFO - Sync 1 DAGs
[2023-08-27T00:28:19.509+0000] {logging_mixin.py:151} INFO - [2023-08-27T00:28:19.509+0000] {dag.py:3677} INFO - Setting next_dagrun for group_dag to 2023-08-26T00:00:00+00:00, run_after=2023-08-27T00:00:00+00:00
[2023-08-27T00:28:19.527+0000] {processor.py:179} INFO - Processing /opt/airflow/dags/group_dag.py took 0.135 seconds
[2023-08-27T01:25:10.675+0000] {processor.py:157} INFO - Started process (PID=1073) to work on /opt/airflow/dags/group_dag.py
[2023-08-27T01:25:10.678+0000] {processor.py:829} INFO - Processing file /opt/airflow/dags/group_dag.py for tasks to queue
[2023-08-27T01:25:10.686+0000] {logging_mixin.py:151} INFO - [2023-08-27T01:25:10.685+0000] {dagbag.py:539} INFO - Filling up the DagBag from /opt/airflow/dags/group_dag.py
[2023-08-27T01:25:10.725+0000] {processor.py:839} INFO - DAG(s) dict_keys(['group_dag']) retrieved from /opt/airflow/dags/group_dag.py
[2023-08-27T01:25:11.107+0000] {logging_mixin.py:151} INFO - [2023-08-27T01:25:11.107+0000] {dag.py:2907} INFO - Sync 1 DAGs
[2023-08-27T01:25:11.145+0000] {logging_mixin.py:151} INFO - [2023-08-27T01:25:11.144+0000] {dag.py:3677} INFO - Setting next_dagrun for group_dag to 2023-08-26T00:00:00+00:00, run_after=2023-08-27T00:00:00+00:00
[2023-08-27T01:25:11.163+0000] {processor.py:179} INFO - Processing /opt/airflow/dags/group_dag.py took 0.499 seconds
[2023-08-27T02:00:15.076+0000] {processor.py:157} INFO - Started process (PID=1082) to work on /opt/airflow/dags/group_dag.py
[2023-08-27T02:00:15.085+0000] {processor.py:829} INFO - Processing file /opt/airflow/dags/group_dag.py for tasks to queue
[2023-08-27T02:00:15.092+0000] {logging_mixin.py:151} INFO - [2023-08-27T02:00:15.091+0000] {dagbag.py:539} INFO - Filling up the DagBag from /opt/airflow/dags/group_dag.py
[2023-08-27T02:00:15.330+0000] {processor.py:839} INFO - DAG(s) dict_keys(['group_dag']) retrieved from /opt/airflow/dags/group_dag.py
[2023-08-27T02:00:17.952+0000] {logging_mixin.py:151} INFO - [2023-08-27T02:00:17.951+0000] {dag.py:2907} INFO - Sync 1 DAGs
[2023-08-27T02:00:18.034+0000] {logging_mixin.py:151} INFO - [2023-08-27T02:00:18.034+0000] {dag.py:3677} INFO - Setting next_dagrun for group_dag to 2023-08-26T00:00:00+00:00, run_after=2023-08-27T00:00:00+00:00
[2023-08-27T02:00:18.055+0000] {processor.py:179} INFO - Processing /opt/airflow/dags/group_dag.py took 2.992 seconds
[2023-08-27T03:22:18.338+0000] {processor.py:157} INFO - Started process (PID=1091) to work on /opt/airflow/dags/group_dag.py
[2023-08-27T03:22:18.339+0000] {processor.py:829} INFO - Processing file /opt/airflow/dags/group_dag.py for tasks to queue
[2023-08-27T03:22:18.344+0000] {logging_mixin.py:151} INFO - [2023-08-27T03:22:18.343+0000] {dagbag.py:539} INFO - Filling up the DagBag from /opt/airflow/dags/group_dag.py
[2023-08-27T03:22:18.382+0000] {processor.py:839} INFO - DAG(s) dict_keys(['group_dag']) retrieved from /opt/airflow/dags/group_dag.py
[2023-08-27T03:22:18.440+0000] {logging_mixin.py:151} INFO - [2023-08-27T03:22:18.440+0000] {dag.py:2907} INFO - Sync 1 DAGs
[2023-08-27T03:22:18.483+0000] {logging_mixin.py:151} INFO - [2023-08-27T03:22:18.483+0000] {dag.py:3677} INFO - Setting next_dagrun for group_dag to 2023-08-26T00:00:00+00:00, run_after=2023-08-27T00:00:00+00:00
[2023-08-27T03:22:18.512+0000] {processor.py:179} INFO - Processing /opt/airflow/dags/group_dag.py took 0.180 seconds
[2023-08-27T04:44:27.894+0000] {processor.py:157} INFO - Started process (PID=1100) to work on /opt/airflow/dags/group_dag.py
[2023-08-27T04:44:27.898+0000] {processor.py:829} INFO - Processing file /opt/airflow/dags/group_dag.py for tasks to queue
[2023-08-27T04:44:27.914+0000] {logging_mixin.py:151} INFO - [2023-08-27T04:44:27.913+0000] {dagbag.py:539} INFO - Filling up the DagBag from /opt/airflow/dags/group_dag.py
[2023-08-27T04:44:27.971+0000] {processor.py:839} INFO - DAG(s) dict_keys(['group_dag']) retrieved from /opt/airflow/dags/group_dag.py
[2023-08-27T04:44:28.053+0000] {logging_mixin.py:151} INFO - [2023-08-27T04:44:28.053+0000] {dag.py:2907} INFO - Sync 1 DAGs
[2023-08-27T04:44:28.098+0000] {logging_mixin.py:151} INFO - [2023-08-27T04:44:28.098+0000] {dag.py:3677} INFO - Setting next_dagrun for group_dag to 2023-08-26T00:00:00+00:00, run_after=2023-08-27T00:00:00+00:00
[2023-08-27T04:44:28.159+0000] {processor.py:179} INFO - Processing /opt/airflow/dags/group_dag.py took 0.277 seconds
[2023-08-27T05:25:01.895+0000] {processor.py:157} INFO - Started process (PID=1108) to work on /opt/airflow/dags/group_dag.py
[2023-08-27T05:25:01.903+0000] {processor.py:829} INFO - Processing file /opt/airflow/dags/group_dag.py for tasks to queue
[2023-08-27T05:25:01.928+0000] {logging_mixin.py:151} INFO - [2023-08-27T05:25:01.927+0000] {dagbag.py:539} INFO - Filling up the DagBag from /opt/airflow/dags/group_dag.py
[2023-08-27T05:25:02.038+0000] {processor.py:839} INFO - DAG(s) dict_keys(['group_dag']) retrieved from /opt/airflow/dags/group_dag.py
[2023-08-27T05:25:03.306+0000] {logging_mixin.py:151} INFO - [2023-08-27T05:25:03.289+0000] {dag.py:2907} INFO - Sync 1 DAGs
[2023-08-27T05:25:03.565+0000] {logging_mixin.py:151} INFO - [2023-08-27T05:25:03.564+0000] {dag.py:3677} INFO - Setting next_dagrun for group_dag to 2023-08-26T00:00:00+00:00, run_after=2023-08-27T00:00:00+00:00
[2023-08-27T05:25:03.685+0000] {processor.py:179} INFO - Processing /opt/airflow/dags/group_dag.py took 1.808 seconds
[2023-08-27T05:28:23.360+0000] {processor.py:157} INFO - Started process (PID=1117) to work on /opt/airflow/dags/group_dag.py
[2023-08-27T05:28:23.362+0000] {processor.py:829} INFO - Processing file /opt/airflow/dags/group_dag.py for tasks to queue
[2023-08-27T05:28:23.420+0000] {logging_mixin.py:151} INFO - [2023-08-27T05:28:23.381+0000] {dagbag.py:539} INFO - Filling up the DagBag from /opt/airflow/dags/group_dag.py
[2023-08-27T05:28:23.505+0000] {processor.py:839} INFO - DAG(s) dict_keys(['group_dag']) retrieved from /opt/airflow/dags/group_dag.py
[2023-08-27T05:28:23.629+0000] {logging_mixin.py:151} INFO - [2023-08-27T05:28:23.629+0000] {dag.py:2907} INFO - Sync 1 DAGs
[2023-08-27T05:28:24.296+0000] {logging_mixin.py:151} INFO - [2023-08-27T05:28:24.296+0000] {dag.py:3677} INFO - Setting next_dagrun for group_dag to 2023-08-26T00:00:00+00:00, run_after=2023-08-27T00:00:00+00:00
[2023-08-27T05:28:24.321+0000] {processor.py:179} INFO - Processing /opt/airflow/dags/group_dag.py took 0.975 seconds
[2023-08-27T05:28:54.721+0000] {processor.py:157} INFO - Started process (PID=1126) to work on /opt/airflow/dags/group_dag.py
[2023-08-27T05:28:54.724+0000] {processor.py:829} INFO - Processing file /opt/airflow/dags/group_dag.py for tasks to queue
[2023-08-27T05:28:54.731+0000] {logging_mixin.py:151} INFO - [2023-08-27T05:28:54.730+0000] {dagbag.py:539} INFO - Filling up the DagBag from /opt/airflow/dags/group_dag.py
[2023-08-27T05:28:54.775+0000] {processor.py:839} INFO - DAG(s) dict_keys(['group_dag']) retrieved from /opt/airflow/dags/group_dag.py
[2023-08-27T05:28:54.835+0000] {logging_mixin.py:151} INFO - [2023-08-27T05:28:54.834+0000] {dag.py:2907} INFO - Sync 1 DAGs
[2023-08-27T05:28:54.866+0000] {logging_mixin.py:151} INFO - [2023-08-27T05:28:54.866+0000] {dag.py:3677} INFO - Setting next_dagrun for group_dag to 2023-08-26T00:00:00+00:00, run_after=2023-08-27T00:00:00+00:00
[2023-08-27T05:28:54.881+0000] {processor.py:179} INFO - Processing /opt/airflow/dags/group_dag.py took 0.171 seconds
[2023-08-27T05:29:25.269+0000] {processor.py:157} INFO - Started process (PID=1135) to work on /opt/airflow/dags/group_dag.py
[2023-08-27T05:29:25.272+0000] {processor.py:829} INFO - Processing file /opt/airflow/dags/group_dag.py for tasks to queue
[2023-08-27T05:29:25.279+0000] {logging_mixin.py:151} INFO - [2023-08-27T05:29:25.278+0000] {dagbag.py:539} INFO - Filling up the DagBag from /opt/airflow/dags/group_dag.py
[2023-08-27T05:29:25.304+0000] {processor.py:839} INFO - DAG(s) dict_keys(['group_dag']) retrieved from /opt/airflow/dags/group_dag.py
[2023-08-27T05:29:25.340+0000] {logging_mixin.py:151} INFO - [2023-08-27T05:29:25.340+0000] {dag.py:2907} INFO - Sync 1 DAGs
[2023-08-27T05:29:25.366+0000] {logging_mixin.py:151} INFO - [2023-08-27T05:29:25.366+0000] {dag.py:3677} INFO - Setting next_dagrun for group_dag to 2023-08-26T00:00:00+00:00, run_after=2023-08-27T00:00:00+00:00
[2023-08-27T05:29:25.380+0000] {processor.py:179} INFO - Processing /opt/airflow/dags/group_dag.py took 0.116 seconds
[2023-08-27T05:29:55.603+0000] {processor.py:157} INFO - Started process (PID=1144) to work on /opt/airflow/dags/group_dag.py
[2023-08-27T05:29:55.606+0000] {processor.py:829} INFO - Processing file /opt/airflow/dags/group_dag.py for tasks to queue
[2023-08-27T05:29:55.610+0000] {logging_mixin.py:151} INFO - [2023-08-27T05:29:55.610+0000] {dagbag.py:539} INFO - Filling up the DagBag from /opt/airflow/dags/group_dag.py
[2023-08-27T05:29:55.628+0000] {processor.py:839} INFO - DAG(s) dict_keys(['group_dag']) retrieved from /opt/airflow/dags/group_dag.py
[2023-08-27T05:29:55.663+0000] {logging_mixin.py:151} INFO - [2023-08-27T05:29:55.663+0000] {dag.py:2907} INFO - Sync 1 DAGs
[2023-08-27T05:29:55.683+0000] {logging_mixin.py:151} INFO - [2023-08-27T05:29:55.683+0000] {dag.py:3677} INFO - Setting next_dagrun for group_dag to 2023-08-26T00:00:00+00:00, run_after=2023-08-27T00:00:00+00:00
[2023-08-27T05:29:55.698+0000] {processor.py:179} INFO - Processing /opt/airflow/dags/group_dag.py took 0.104 seconds
[2023-08-27T05:30:26.124+0000] {processor.py:157} INFO - Started process (PID=1153) to work on /opt/airflow/dags/group_dag.py
[2023-08-27T05:30:26.131+0000] {processor.py:829} INFO - Processing file /opt/airflow/dags/group_dag.py for tasks to queue
[2023-08-27T05:30:26.143+0000] {logging_mixin.py:151} INFO - [2023-08-27T05:30:26.140+0000] {dagbag.py:539} INFO - Filling up the DagBag from /opt/airflow/dags/group_dag.py
[2023-08-27T05:30:26.182+0000] {processor.py:839} INFO - DAG(s) dict_keys(['group_dag']) retrieved from /opt/airflow/dags/group_dag.py
[2023-08-27T05:30:26.249+0000] {logging_mixin.py:151} INFO - [2023-08-27T05:30:26.249+0000] {dag.py:2907} INFO - Sync 1 DAGs
[2023-08-27T05:30:26.289+0000] {logging_mixin.py:151} INFO - [2023-08-27T05:30:26.289+0000] {dag.py:3677} INFO - Setting next_dagrun for group_dag to 2023-08-26T00:00:00+00:00, run_after=2023-08-27T00:00:00+00:00
[2023-08-27T05:30:26.315+0000] {processor.py:179} INFO - Processing /opt/airflow/dags/group_dag.py took 0.205 seconds
[2023-08-27T05:30:56.464+0000] {processor.py:157} INFO - Started process (PID=1162) to work on /opt/airflow/dags/group_dag.py
[2023-08-27T05:30:56.467+0000] {processor.py:829} INFO - Processing file /opt/airflow/dags/group_dag.py for tasks to queue
[2023-08-27T05:30:56.472+0000] {logging_mixin.py:151} INFO - [2023-08-27T05:30:56.472+0000] {dagbag.py:539} INFO - Filling up the DagBag from /opt/airflow/dags/group_dag.py
[2023-08-27T05:30:56.498+0000] {processor.py:839} INFO - DAG(s) dict_keys(['group_dag']) retrieved from /opt/airflow/dags/group_dag.py
[2023-08-27T05:30:56.536+0000] {logging_mixin.py:151} INFO - [2023-08-27T05:30:56.536+0000] {dag.py:2907} INFO - Sync 1 DAGs
[2023-08-27T05:30:56.560+0000] {logging_mixin.py:151} INFO - [2023-08-27T05:30:56.560+0000] {dag.py:3677} INFO - Setting next_dagrun for group_dag to 2023-08-26T00:00:00+00:00, run_after=2023-08-27T00:00:00+00:00
[2023-08-27T05:30:56.575+0000] {processor.py:179} INFO - Processing /opt/airflow/dags/group_dag.py took 0.118 seconds
[2023-08-27T05:31:27.013+0000] {processor.py:157} INFO - Started process (PID=1171) to work on /opt/airflow/dags/group_dag.py
[2023-08-27T05:31:27.016+0000] {processor.py:829} INFO - Processing file /opt/airflow/dags/group_dag.py for tasks to queue
[2023-08-27T05:31:27.027+0000] {logging_mixin.py:151} INFO - [2023-08-27T05:31:27.026+0000] {dagbag.py:539} INFO - Filling up the DagBag from /opt/airflow/dags/group_dag.py
[2023-08-27T05:31:27.058+0000] {processor.py:839} INFO - DAG(s) dict_keys(['group_dag']) retrieved from /opt/airflow/dags/group_dag.py
[2023-08-27T05:31:27.115+0000] {logging_mixin.py:151} INFO - [2023-08-27T05:31:27.115+0000] {dag.py:2907} INFO - Sync 1 DAGs
[2023-08-27T05:31:27.145+0000] {logging_mixin.py:151} INFO - [2023-08-27T05:31:27.144+0000] {dag.py:3677} INFO - Setting next_dagrun for group_dag to 2023-08-26T00:00:00+00:00, run_after=2023-08-27T00:00:00+00:00
[2023-08-27T05:31:27.161+0000] {processor.py:179} INFO - Processing /opt/airflow/dags/group_dag.py took 0.165 seconds
[2023-08-27T05:31:57.355+0000] {processor.py:157} INFO - Started process (PID=1181) to work on /opt/airflow/dags/group_dag.py
[2023-08-27T05:31:57.358+0000] {processor.py:829} INFO - Processing file /opt/airflow/dags/group_dag.py for tasks to queue
[2023-08-27T05:31:57.362+0000] {logging_mixin.py:151} INFO - [2023-08-27T05:31:57.362+0000] {dagbag.py:539} INFO - Filling up the DagBag from /opt/airflow/dags/group_dag.py
[2023-08-27T05:31:57.390+0000] {processor.py:839} INFO - DAG(s) dict_keys(['group_dag']) retrieved from /opt/airflow/dags/group_dag.py
[2023-08-27T05:31:57.432+0000] {logging_mixin.py:151} INFO - [2023-08-27T05:31:57.432+0000] {dag.py:2907} INFO - Sync 1 DAGs
[2023-08-27T05:31:57.459+0000] {logging_mixin.py:151} INFO - [2023-08-27T05:31:57.458+0000] {dag.py:3677} INFO - Setting next_dagrun for group_dag to 2023-08-26T00:00:00+00:00, run_after=2023-08-27T00:00:00+00:00
[2023-08-27T05:31:57.474+0000] {processor.py:179} INFO - Processing /opt/airflow/dags/group_dag.py took 0.128 seconds
[2023-08-27T05:32:27.850+0000] {processor.py:157} INFO - Started process (PID=1190) to work on /opt/airflow/dags/group_dag.py
[2023-08-27T05:32:27.852+0000] {processor.py:829} INFO - Processing file /opt/airflow/dags/group_dag.py for tasks to queue
[2023-08-27T05:32:27.857+0000] {logging_mixin.py:151} INFO - [2023-08-27T05:32:27.856+0000] {dagbag.py:539} INFO - Filling up the DagBag from /opt/airflow/dags/group_dag.py
[2023-08-27T05:32:27.886+0000] {processor.py:839} INFO - DAG(s) dict_keys(['group_dag']) retrieved from /opt/airflow/dags/group_dag.py
[2023-08-27T05:32:27.923+0000] {logging_mixin.py:151} INFO - [2023-08-27T05:32:27.923+0000] {dag.py:2907} INFO - Sync 1 DAGs
[2023-08-27T05:32:27.947+0000] {logging_mixin.py:151} INFO - [2023-08-27T05:32:27.947+0000] {dag.py:3677} INFO - Setting next_dagrun for group_dag to 2023-08-26T00:00:00+00:00, run_after=2023-08-27T00:00:00+00:00
[2023-08-27T05:32:27.962+0000] {processor.py:179} INFO - Processing /opt/airflow/dags/group_dag.py took 0.120 seconds
[2023-08-27T05:32:58.194+0000] {processor.py:157} INFO - Started process (PID=1199) to work on /opt/airflow/dags/group_dag.py
[2023-08-27T05:32:58.197+0000] {processor.py:829} INFO - Processing file /opt/airflow/dags/group_dag.py for tasks to queue
[2023-08-27T05:32:58.201+0000] {logging_mixin.py:151} INFO - [2023-08-27T05:32:58.201+0000] {dagbag.py:539} INFO - Filling up the DagBag from /opt/airflow/dags/group_dag.py
[2023-08-27T05:32:58.227+0000] {processor.py:839} INFO - DAG(s) dict_keys(['group_dag']) retrieved from /opt/airflow/dags/group_dag.py
[2023-08-27T05:32:58.265+0000] {logging_mixin.py:151} INFO - [2023-08-27T05:32:58.265+0000] {dag.py:2907} INFO - Sync 1 DAGs
[2023-08-27T05:32:58.287+0000] {logging_mixin.py:151} INFO - [2023-08-27T05:32:58.287+0000] {dag.py:3677} INFO - Setting next_dagrun for group_dag to 2023-08-26T00:00:00+00:00, run_after=2023-08-27T00:00:00+00:00
[2023-08-27T05:32:58.302+0000] {processor.py:179} INFO - Processing /opt/airflow/dags/group_dag.py took 0.115 seconds
[2023-08-27T05:33:28.648+0000] {processor.py:157} INFO - Started process (PID=1207) to work on /opt/airflow/dags/group_dag.py
[2023-08-27T05:33:28.651+0000] {processor.py:829} INFO - Processing file /opt/airflow/dags/group_dag.py for tasks to queue
[2023-08-27T05:33:28.655+0000] {logging_mixin.py:151} INFO - [2023-08-27T05:33:28.654+0000] {dagbag.py:539} INFO - Filling up the DagBag from /opt/airflow/dags/group_dag.py
[2023-08-27T05:33:28.675+0000] {processor.py:839} INFO - DAG(s) dict_keys(['group_dag']) retrieved from /opt/airflow/dags/group_dag.py
[2023-08-27T05:33:28.705+0000] {logging_mixin.py:151} INFO - [2023-08-27T05:33:28.705+0000] {dag.py:2907} INFO - Sync 1 DAGs
[2023-08-27T05:33:28.723+0000] {logging_mixin.py:151} INFO - [2023-08-27T05:33:28.723+0000] {dag.py:3677} INFO - Setting next_dagrun for group_dag to 2023-08-26T00:00:00+00:00, run_after=2023-08-27T00:00:00+00:00
[2023-08-27T05:33:28.737+0000] {processor.py:179} INFO - Processing /opt/airflow/dags/group_dag.py took 0.095 seconds
[2023-08-27T05:33:59.010+0000] {processor.py:157} INFO - Started process (PID=1216) to work on /opt/airflow/dags/group_dag.py
[2023-08-27T05:33:59.012+0000] {processor.py:829} INFO - Processing file /opt/airflow/dags/group_dag.py for tasks to queue
[2023-08-27T05:33:59.018+0000] {logging_mixin.py:151} INFO - [2023-08-27T05:33:59.017+0000] {dagbag.py:539} INFO - Filling up the DagBag from /opt/airflow/dags/group_dag.py
[2023-08-27T05:33:59.047+0000] {processor.py:839} INFO - DAG(s) dict_keys(['group_dag']) retrieved from /opt/airflow/dags/group_dag.py
[2023-08-27T05:33:59.086+0000] {logging_mixin.py:151} INFO - [2023-08-27T05:33:59.085+0000] {dag.py:2907} INFO - Sync 1 DAGs
[2023-08-27T05:33:59.108+0000] {logging_mixin.py:151} INFO - [2023-08-27T05:33:59.108+0000] {dag.py:3677} INFO - Setting next_dagrun for group_dag to 2023-08-26T00:00:00+00:00, run_after=2023-08-27T00:00:00+00:00
[2023-08-27T05:33:59.123+0000] {processor.py:179} INFO - Processing /opt/airflow/dags/group_dag.py took 0.122 seconds
[2023-08-27T05:34:29.509+0000] {processor.py:157} INFO - Started process (PID=1225) to work on /opt/airflow/dags/group_dag.py
[2023-08-27T05:34:29.513+0000] {processor.py:829} INFO - Processing file /opt/airflow/dags/group_dag.py for tasks to queue
[2023-08-27T05:34:29.517+0000] {logging_mixin.py:151} INFO - [2023-08-27T05:34:29.516+0000] {dagbag.py:539} INFO - Filling up the DagBag from /opt/airflow/dags/group_dag.py
[2023-08-27T05:34:29.536+0000] {processor.py:839} INFO - DAG(s) dict_keys(['group_dag']) retrieved from /opt/airflow/dags/group_dag.py
[2023-08-27T05:34:29.569+0000] {logging_mixin.py:151} INFO - [2023-08-27T05:34:29.568+0000] {dag.py:2907} INFO - Sync 1 DAGs
[2023-08-27T05:34:29.590+0000] {logging_mixin.py:151} INFO - [2023-08-27T05:34:29.590+0000] {dag.py:3677} INFO - Setting next_dagrun for group_dag to 2023-08-26T00:00:00+00:00, run_after=2023-08-27T00:00:00+00:00
[2023-08-27T05:34:29.604+0000] {processor.py:179} INFO - Processing /opt/airflow/dags/group_dag.py took 0.101 seconds
[2023-08-27T05:34:59.888+0000] {processor.py:157} INFO - Started process (PID=1234) to work on /opt/airflow/dags/group_dag.py
[2023-08-27T05:34:59.890+0000] {processor.py:829} INFO - Processing file /opt/airflow/dags/group_dag.py for tasks to queue
[2023-08-27T05:34:59.894+0000] {logging_mixin.py:151} INFO - [2023-08-27T05:34:59.894+0000] {dagbag.py:539} INFO - Filling up the DagBag from /opt/airflow/dags/group_dag.py
[2023-08-27T05:34:59.930+0000] {processor.py:839} INFO - DAG(s) dict_keys(['group_dag']) retrieved from /opt/airflow/dags/group_dag.py
[2023-08-27T05:34:59.969+0000] {logging_mixin.py:151} INFO - [2023-08-27T05:34:59.969+0000] {dag.py:2907} INFO - Sync 1 DAGs
[2023-08-27T05:35:00.001+0000] {logging_mixin.py:151} INFO - [2023-08-27T05:35:00.001+0000] {dag.py:3677} INFO - Setting next_dagrun for group_dag to 2023-08-26T00:00:00+00:00, run_after=2023-08-27T00:00:00+00:00
[2023-08-27T05:35:00.016+0000] {processor.py:179} INFO - Processing /opt/airflow/dags/group_dag.py took 0.136 seconds
[2023-08-27T05:35:30.480+0000] {processor.py:157} INFO - Started process (PID=1243) to work on /opt/airflow/dags/group_dag.py
[2023-08-27T05:35:30.489+0000] {processor.py:829} INFO - Processing file /opt/airflow/dags/group_dag.py for tasks to queue
[2023-08-27T05:35:30.494+0000] {logging_mixin.py:151} INFO - [2023-08-27T05:35:30.493+0000] {dagbag.py:539} INFO - Filling up the DagBag from /opt/airflow/dags/group_dag.py
[2023-08-27T05:35:30.516+0000] {processor.py:839} INFO - DAG(s) dict_keys(['group_dag']) retrieved from /opt/airflow/dags/group_dag.py
[2023-08-27T05:35:30.557+0000] {logging_mixin.py:151} INFO - [2023-08-27T05:35:30.557+0000] {dag.py:2907} INFO - Sync 1 DAGs
[2023-08-27T05:35:30.582+0000] {logging_mixin.py:151} INFO - [2023-08-27T05:35:30.582+0000] {dag.py:3677} INFO - Setting next_dagrun for group_dag to 2023-08-26T00:00:00+00:00, run_after=2023-08-27T00:00:00+00:00
[2023-08-27T05:35:30.600+0000] {processor.py:179} INFO - Processing /opt/airflow/dags/group_dag.py took 0.128 seconds
[2023-08-27T05:36:00.992+0000] {processor.py:157} INFO - Started process (PID=1253) to work on /opt/airflow/dags/group_dag.py
[2023-08-27T05:36:01.008+0000] {processor.py:829} INFO - Processing file /opt/airflow/dags/group_dag.py for tasks to queue
[2023-08-27T05:36:01.012+0000] {logging_mixin.py:151} INFO - [2023-08-27T05:36:01.011+0000] {dagbag.py:539} INFO - Filling up the DagBag from /opt/airflow/dags/group_dag.py
[2023-08-27T05:36:01.056+0000] {processor.py:839} INFO - DAG(s) dict_keys(['group_dag']) retrieved from /opt/airflow/dags/group_dag.py
[2023-08-27T05:36:01.150+0000] {logging_mixin.py:151} INFO - [2023-08-27T05:36:01.150+0000] {dag.py:2907} INFO - Sync 1 DAGs
[2023-08-27T05:36:01.201+0000] {logging_mixin.py:151} INFO - [2023-08-27T05:36:01.200+0000] {dag.py:3677} INFO - Setting next_dagrun for group_dag to 2023-08-26T00:00:00+00:00, run_after=2023-08-27T00:00:00+00:00
[2023-08-27T05:36:01.251+0000] {processor.py:179} INFO - Processing /opt/airflow/dags/group_dag.py took 0.263 seconds
[2023-08-27T05:36:31.561+0000] {processor.py:157} INFO - Started process (PID=1263) to work on /opt/airflow/dags/group_dag.py
[2023-08-27T05:36:31.563+0000] {processor.py:829} INFO - Processing file /opt/airflow/dags/group_dag.py for tasks to queue
[2023-08-27T05:36:31.567+0000] {logging_mixin.py:151} INFO - [2023-08-27T05:36:31.566+0000] {dagbag.py:539} INFO - Filling up the DagBag from /opt/airflow/dags/group_dag.py
[2023-08-27T05:36:31.589+0000] {processor.py:839} INFO - DAG(s) dict_keys(['group_dag']) retrieved from /opt/airflow/dags/group_dag.py
[2023-08-27T05:36:31.622+0000] {logging_mixin.py:151} INFO - [2023-08-27T05:36:31.622+0000] {dag.py:2907} INFO - Sync 1 DAGs
[2023-08-27T05:36:31.644+0000] {logging_mixin.py:151} INFO - [2023-08-27T05:36:31.644+0000] {dag.py:3677} INFO - Setting next_dagrun for group_dag to 2023-08-26T00:00:00+00:00, run_after=2023-08-27T00:00:00+00:00
[2023-08-27T05:36:31.658+0000] {processor.py:179} INFO - Processing /opt/airflow/dags/group_dag.py took 0.103 seconds
[2023-08-27T05:37:01.878+0000] {processor.py:157} INFO - Started process (PID=1272) to work on /opt/airflow/dags/group_dag.py
[2023-08-27T05:37:01.880+0000] {processor.py:829} INFO - Processing file /opt/airflow/dags/group_dag.py for tasks to queue
[2023-08-27T05:37:01.884+0000] {logging_mixin.py:151} INFO - [2023-08-27T05:37:01.884+0000] {dagbag.py:539} INFO - Filling up the DagBag from /opt/airflow/dags/group_dag.py
[2023-08-27T05:37:01.917+0000] {processor.py:839} INFO - DAG(s) dict_keys(['group_dag']) retrieved from /opt/airflow/dags/group_dag.py
[2023-08-27T05:37:01.959+0000] {logging_mixin.py:151} INFO - [2023-08-27T05:37:01.959+0000] {dag.py:2907} INFO - Sync 1 DAGs
[2023-08-27T05:37:01.988+0000] {logging_mixin.py:151} INFO - [2023-08-27T05:37:01.988+0000] {dag.py:3677} INFO - Setting next_dagrun for group_dag to 2023-08-26T00:00:00+00:00, run_after=2023-08-27T00:00:00+00:00
[2023-08-27T05:37:02.005+0000] {processor.py:179} INFO - Processing /opt/airflow/dags/group_dag.py took 0.133 seconds
[2023-08-27T05:37:32.465+0000] {processor.py:157} INFO - Started process (PID=1281) to work on /opt/airflow/dags/group_dag.py
[2023-08-27T05:37:32.469+0000] {processor.py:829} INFO - Processing file /opt/airflow/dags/group_dag.py for tasks to queue
[2023-08-27T05:37:32.473+0000] {logging_mixin.py:151} INFO - [2023-08-27T05:37:32.472+0000] {dagbag.py:539} INFO - Filling up the DagBag from /opt/airflow/dags/group_dag.py
[2023-08-27T05:37:32.495+0000] {processor.py:839} INFO - DAG(s) dict_keys(['group_dag']) retrieved from /opt/airflow/dags/group_dag.py
[2023-08-27T05:37:32.526+0000] {logging_mixin.py:151} INFO - [2023-08-27T05:37:32.526+0000] {dag.py:2907} INFO - Sync 1 DAGs
[2023-08-27T05:37:32.548+0000] {logging_mixin.py:151} INFO - [2023-08-27T05:37:32.548+0000] {dag.py:3677} INFO - Setting next_dagrun for group_dag to 2023-08-26T00:00:00+00:00, run_after=2023-08-27T00:00:00+00:00
[2023-08-27T05:37:32.562+0000] {processor.py:179} INFO - Processing /opt/airflow/dags/group_dag.py took 0.104 seconds
[2023-08-27T05:38:02.873+0000] {processor.py:157} INFO - Started process (PID=1290) to work on /opt/airflow/dags/group_dag.py
[2023-08-27T05:38:02.879+0000] {processor.py:829} INFO - Processing file /opt/airflow/dags/group_dag.py for tasks to queue
[2023-08-27T05:38:02.884+0000] {logging_mixin.py:151} INFO - [2023-08-27T05:38:02.883+0000] {dagbag.py:539} INFO - Filling up the DagBag from /opt/airflow/dags/group_dag.py
[2023-08-27T05:38:02.903+0000] {processor.py:839} INFO - DAG(s) dict_keys(['group_dag']) retrieved from /opt/airflow/dags/group_dag.py
[2023-08-27T05:38:02.946+0000] {logging_mixin.py:151} INFO - [2023-08-27T05:38:02.946+0000] {dag.py:2907} INFO - Sync 1 DAGs
[2023-08-27T05:38:02.969+0000] {logging_mixin.py:151} INFO - [2023-08-27T05:38:02.969+0000] {dag.py:3677} INFO - Setting next_dagrun for group_dag to 2023-08-26T00:00:00+00:00, run_after=2023-08-27T00:00:00+00:00
[2023-08-27T05:38:02.988+0000] {processor.py:179} INFO - Processing /opt/airflow/dags/group_dag.py took 0.123 seconds
[2023-08-27T05:38:33.400+0000] {processor.py:157} INFO - Started process (PID=1300) to work on /opt/airflow/dags/group_dag.py
[2023-08-27T05:38:33.403+0000] {processor.py:829} INFO - Processing file /opt/airflow/dags/group_dag.py for tasks to queue
[2023-08-27T05:38:33.408+0000] {logging_mixin.py:151} INFO - [2023-08-27T05:38:33.407+0000] {dagbag.py:539} INFO - Filling up the DagBag from /opt/airflow/dags/group_dag.py
[2023-08-27T05:38:33.441+0000] {processor.py:839} INFO - DAG(s) dict_keys(['group_dag']) retrieved from /opt/airflow/dags/group_dag.py
[2023-08-27T05:38:33.485+0000] {logging_mixin.py:151} INFO - [2023-08-27T05:38:33.485+0000] {dag.py:2907} INFO - Sync 1 DAGs
[2023-08-27T05:38:33.509+0000] {logging_mixin.py:151} INFO - [2023-08-27T05:38:33.509+0000] {dag.py:3677} INFO - Setting next_dagrun for group_dag to 2023-08-26T00:00:00+00:00, run_after=2023-08-27T00:00:00+00:00
[2023-08-27T05:38:33.524+0000] {processor.py:179} INFO - Processing /opt/airflow/dags/group_dag.py took 0.136 seconds
[2023-08-27T05:39:03.823+0000] {processor.py:157} INFO - Started process (PID=1308) to work on /opt/airflow/dags/group_dag.py
[2023-08-27T05:39:03.825+0000] {processor.py:829} INFO - Processing file /opt/airflow/dags/group_dag.py for tasks to queue
[2023-08-27T05:39:03.831+0000] {logging_mixin.py:151} INFO - [2023-08-27T05:39:03.830+0000] {dagbag.py:539} INFO - Filling up the DagBag from /opt/airflow/dags/group_dag.py
[2023-08-27T05:39:03.870+0000] {processor.py:839} INFO - DAG(s) dict_keys(['group_dag']) retrieved from /opt/airflow/dags/group_dag.py
[2023-08-27T05:39:03.917+0000] {logging_mixin.py:151} INFO - [2023-08-27T05:39:03.916+0000] {dag.py:2907} INFO - Sync 1 DAGs
[2023-08-27T05:39:03.949+0000] {logging_mixin.py:151} INFO - [2023-08-27T05:39:03.949+0000] {dag.py:3677} INFO - Setting next_dagrun for group_dag to 2023-08-26T00:00:00+00:00, run_after=2023-08-27T00:00:00+00:00
[2023-08-27T05:39:03.965+0000] {processor.py:179} INFO - Processing /opt/airflow/dags/group_dag.py took 0.153 seconds
[2023-08-27T05:39:34.403+0000] {processor.py:157} INFO - Started process (PID=1317) to work on /opt/airflow/dags/group_dag.py
[2023-08-27T05:39:34.406+0000] {processor.py:829} INFO - Processing file /opt/airflow/dags/group_dag.py for tasks to queue
[2023-08-27T05:39:34.410+0000] {logging_mixin.py:151} INFO - [2023-08-27T05:39:34.410+0000] {dagbag.py:539} INFO - Filling up the DagBag from /opt/airflow/dags/group_dag.py
[2023-08-27T05:39:34.429+0000] {processor.py:839} INFO - DAG(s) dict_keys(['group_dag']) retrieved from /opt/airflow/dags/group_dag.py
[2023-08-27T05:39:34.459+0000] {logging_mixin.py:151} INFO - [2023-08-27T05:39:34.459+0000] {dag.py:2907} INFO - Sync 1 DAGs
[2023-08-27T05:39:34.478+0000] {logging_mixin.py:151} INFO - [2023-08-27T05:39:34.477+0000] {dag.py:3677} INFO - Setting next_dagrun for group_dag to 2023-08-26T00:00:00+00:00, run_after=2023-08-27T00:00:00+00:00
[2023-08-27T05:39:34.491+0000] {processor.py:179} INFO - Processing /opt/airflow/dags/group_dag.py took 0.094 seconds
[2023-08-27T05:40:04.810+0000] {processor.py:157} INFO - Started process (PID=1326) to work on /opt/airflow/dags/group_dag.py
[2023-08-27T05:40:04.812+0000] {processor.py:829} INFO - Processing file /opt/airflow/dags/group_dag.py for tasks to queue
[2023-08-27T05:40:04.818+0000] {logging_mixin.py:151} INFO - [2023-08-27T05:40:04.817+0000] {dagbag.py:539} INFO - Filling up the DagBag from /opt/airflow/dags/group_dag.py
[2023-08-27T05:40:04.842+0000] {processor.py:839} INFO - DAG(s) dict_keys(['group_dag']) retrieved from /opt/airflow/dags/group_dag.py
[2023-08-27T05:40:04.886+0000] {logging_mixin.py:151} INFO - [2023-08-27T05:40:04.886+0000] {dag.py:2907} INFO - Sync 1 DAGs
[2023-08-27T05:40:04.908+0000] {logging_mixin.py:151} INFO - [2023-08-27T05:40:04.908+0000] {dag.py:3677} INFO - Setting next_dagrun for group_dag to 2023-08-26T00:00:00+00:00, run_after=2023-08-27T00:00:00+00:00
[2023-08-27T05:40:04.924+0000] {processor.py:179} INFO - Processing /opt/airflow/dags/group_dag.py took 0.126 seconds
[2023-08-27T05:40:35.221+0000] {processor.py:157} INFO - Started process (PID=1335) to work on /opt/airflow/dags/group_dag.py
[2023-08-27T05:40:35.224+0000] {processor.py:829} INFO - Processing file /opt/airflow/dags/group_dag.py for tasks to queue
[2023-08-27T05:40:35.228+0000] {logging_mixin.py:151} INFO - [2023-08-27T05:40:35.227+0000] {dagbag.py:539} INFO - Filling up the DagBag from /opt/airflow/dags/group_dag.py
[2023-08-27T05:40:35.263+0000] {processor.py:839} INFO - DAG(s) dict_keys(['group_dag']) retrieved from /opt/airflow/dags/group_dag.py
[2023-08-27T05:40:35.302+0000] {logging_mixin.py:151} INFO - [2023-08-27T05:40:35.302+0000] {dag.py:2907} INFO - Sync 1 DAGs
[2023-08-27T05:40:35.330+0000] {logging_mixin.py:151} INFO - [2023-08-27T05:40:35.330+0000] {dag.py:3677} INFO - Setting next_dagrun for group_dag to 2023-08-26T00:00:00+00:00, run_after=2023-08-27T00:00:00+00:00
[2023-08-27T05:40:35.345+0000] {processor.py:179} INFO - Processing /opt/airflow/dags/group_dag.py took 0.130 seconds
[2023-08-27T05:41:05.678+0000] {processor.py:157} INFO - Started process (PID=1344) to work on /opt/airflow/dags/group_dag.py
[2023-08-27T05:41:05.680+0000] {processor.py:829} INFO - Processing file /opt/airflow/dags/group_dag.py for tasks to queue
[2023-08-27T05:41:05.685+0000] {logging_mixin.py:151} INFO - [2023-08-27T05:41:05.684+0000] {dagbag.py:539} INFO - Filling up the DagBag from /opt/airflow/dags/group_dag.py
[2023-08-27T05:41:05.720+0000] {processor.py:839} INFO - DAG(s) dict_keys(['group_dag']) retrieved from /opt/airflow/dags/group_dag.py
[2023-08-27T05:41:05.759+0000] {logging_mixin.py:151} INFO - [2023-08-27T05:41:05.759+0000] {dag.py:2907} INFO - Sync 1 DAGs
[2023-08-27T05:41:05.788+0000] {logging_mixin.py:151} INFO - [2023-08-27T05:41:05.788+0000] {dag.py:3677} INFO - Setting next_dagrun for group_dag to 2023-08-26T00:00:00+00:00, run_after=2023-08-27T00:00:00+00:00
[2023-08-27T05:41:05.803+0000] {processor.py:179} INFO - Processing /opt/airflow/dags/group_dag.py took 0.132 seconds
[2023-08-27T05:41:36.119+0000] {processor.py:157} INFO - Started process (PID=1353) to work on /opt/airflow/dags/group_dag.py
[2023-08-27T05:41:36.122+0000] {processor.py:829} INFO - Processing file /opt/airflow/dags/group_dag.py for tasks to queue
[2023-08-27T05:41:36.125+0000] {logging_mixin.py:151} INFO - [2023-08-27T05:41:36.124+0000] {dagbag.py:539} INFO - Filling up the DagBag from /opt/airflow/dags/group_dag.py
[2023-08-27T05:41:36.145+0000] {processor.py:839} INFO - DAG(s) dict_keys(['group_dag']) retrieved from /opt/airflow/dags/group_dag.py
[2023-08-27T05:41:36.176+0000] {logging_mixin.py:151} INFO - [2023-08-27T05:41:36.175+0000] {dag.py:2907} INFO - Sync 1 DAGs
[2023-08-27T05:41:36.194+0000] {logging_mixin.py:151} INFO - [2023-08-27T05:41:36.193+0000] {dag.py:3677} INFO - Setting next_dagrun for group_dag to 2023-08-26T00:00:00+00:00, run_after=2023-08-27T00:00:00+00:00
[2023-08-27T05:41:36.206+0000] {processor.py:179} INFO - Processing /opt/airflow/dags/group_dag.py took 0.093 seconds
[2023-08-27T05:42:06.556+0000] {processor.py:157} INFO - Started process (PID=1362) to work on /opt/airflow/dags/group_dag.py
[2023-08-27T05:42:06.558+0000] {processor.py:829} INFO - Processing file /opt/airflow/dags/group_dag.py for tasks to queue
[2023-08-27T05:42:06.565+0000] {logging_mixin.py:151} INFO - [2023-08-27T05:42:06.564+0000] {dagbag.py:539} INFO - Filling up the DagBag from /opt/airflow/dags/group_dag.py
[2023-08-27T05:42:06.595+0000] {processor.py:839} INFO - DAG(s) dict_keys(['group_dag']) retrieved from /opt/airflow/dags/group_dag.py
[2023-08-27T05:42:06.641+0000] {logging_mixin.py:151} INFO - [2023-08-27T05:42:06.641+0000] {dag.py:2907} INFO - Sync 1 DAGs
[2023-08-27T05:42:06.666+0000] {logging_mixin.py:151} INFO - [2023-08-27T05:42:06.666+0000] {dag.py:3677} INFO - Setting next_dagrun for group_dag to 2023-08-26T00:00:00+00:00, run_after=2023-08-27T00:00:00+00:00
[2023-08-27T05:42:06.685+0000] {processor.py:179} INFO - Processing /opt/airflow/dags/group_dag.py took 0.136 seconds
[2023-08-27T05:42:37.080+0000] {processor.py:157} INFO - Started process (PID=1371) to work on /opt/airflow/dags/group_dag.py
[2023-08-27T05:42:37.082+0000] {processor.py:829} INFO - Processing file /opt/airflow/dags/group_dag.py for tasks to queue
[2023-08-27T05:42:37.086+0000] {logging_mixin.py:151} INFO - [2023-08-27T05:42:37.086+0000] {dagbag.py:539} INFO - Filling up the DagBag from /opt/airflow/dags/group_dag.py
[2023-08-27T05:42:37.111+0000] {processor.py:839} INFO - DAG(s) dict_keys(['group_dag']) retrieved from /opt/airflow/dags/group_dag.py
[2023-08-27T05:42:37.146+0000] {logging_mixin.py:151} INFO - [2023-08-27T05:42:37.146+0000] {dag.py:2907} INFO - Sync 1 DAGs
[2023-08-27T05:42:37.168+0000] {logging_mixin.py:151} INFO - [2023-08-27T05:42:37.167+0000] {dag.py:3677} INFO - Setting next_dagrun for group_dag to 2023-08-26T00:00:00+00:00, run_after=2023-08-27T00:00:00+00:00
[2023-08-27T05:42:37.182+0000] {processor.py:179} INFO - Processing /opt/airflow/dags/group_dag.py took 0.108 seconds
[2023-08-27T05:43:07.543+0000] {processor.py:157} INFO - Started process (PID=1379) to work on /opt/airflow/dags/group_dag.py
[2023-08-27T05:43:07.546+0000] {processor.py:829} INFO - Processing file /opt/airflow/dags/group_dag.py for tasks to queue
[2023-08-27T05:43:07.555+0000] {logging_mixin.py:151} INFO - [2023-08-27T05:43:07.555+0000] {dagbag.py:539} INFO - Filling up the DagBag from /opt/airflow/dags/group_dag.py
[2023-08-27T05:43:07.593+0000] {processor.py:839} INFO - DAG(s) dict_keys(['group_dag']) retrieved from /opt/airflow/dags/group_dag.py
[2023-08-27T05:43:07.639+0000] {logging_mixin.py:151} INFO - [2023-08-27T05:43:07.639+0000] {dag.py:2907} INFO - Sync 1 DAGs
[2023-08-27T05:43:07.667+0000] {logging_mixin.py:151} INFO - [2023-08-27T05:43:07.667+0000] {dag.py:3677} INFO - Setting next_dagrun for group_dag to 2023-08-26T00:00:00+00:00, run_after=2023-08-27T00:00:00+00:00
[2023-08-27T05:43:07.683+0000] {processor.py:179} INFO - Processing /opt/airflow/dags/group_dag.py took 0.148 seconds
[2023-08-27T05:43:37.977+0000] {processor.py:157} INFO - Started process (PID=1388) to work on /opt/airflow/dags/group_dag.py
[2023-08-27T05:43:37.979+0000] {processor.py:829} INFO - Processing file /opt/airflow/dags/group_dag.py for tasks to queue
[2023-08-27T05:43:37.985+0000] {logging_mixin.py:151} INFO - [2023-08-27T05:43:37.984+0000] {dagbag.py:539} INFO - Filling up the DagBag from /opt/airflow/dags/group_dag.py
[2023-08-27T05:43:38.013+0000] {processor.py:839} INFO - DAG(s) dict_keys(['group_dag']) retrieved from /opt/airflow/dags/group_dag.py
[2023-08-27T05:43:38.049+0000] {logging_mixin.py:151} INFO - [2023-08-27T05:43:38.049+0000] {dag.py:2907} INFO - Sync 1 DAGs
[2023-08-27T05:43:38.071+0000] {logging_mixin.py:151} INFO - [2023-08-27T05:43:38.071+0000] {dag.py:3677} INFO - Setting next_dagrun for group_dag to 2023-08-26T00:00:00+00:00, run_after=2023-08-27T00:00:00+00:00
[2023-08-27T05:43:38.085+0000] {processor.py:179} INFO - Processing /opt/airflow/dags/group_dag.py took 0.114 seconds
[2023-08-27T05:44:08.395+0000] {processor.py:157} INFO - Started process (PID=1398) to work on /opt/airflow/dags/group_dag.py
[2023-08-27T05:44:08.398+0000] {processor.py:829} INFO - Processing file /opt/airflow/dags/group_dag.py for tasks to queue
[2023-08-27T05:44:08.402+0000] {logging_mixin.py:151} INFO - [2023-08-27T05:44:08.402+0000] {dagbag.py:539} INFO - Filling up the DagBag from /opt/airflow/dags/group_dag.py
[2023-08-27T05:44:08.428+0000] {processor.py:839} INFO - DAG(s) dict_keys(['group_dag']) retrieved from /opt/airflow/dags/group_dag.py
[2023-08-27T05:44:08.465+0000] {logging_mixin.py:151} INFO - [2023-08-27T05:44:08.465+0000] {dag.py:2907} INFO - Sync 1 DAGs
[2023-08-27T05:44:08.489+0000] {logging_mixin.py:151} INFO - [2023-08-27T05:44:08.489+0000] {dag.py:3677} INFO - Setting next_dagrun for group_dag to 2023-08-26T00:00:00+00:00, run_after=2023-08-27T00:00:00+00:00
[2023-08-27T05:44:08.506+0000] {processor.py:179} INFO - Processing /opt/airflow/dags/group_dag.py took 0.118 seconds
[2023-08-27T05:44:38.892+0000] {processor.py:157} INFO - Started process (PID=1407) to work on /opt/airflow/dags/group_dag.py
[2023-08-27T05:44:38.894+0000] {processor.py:829} INFO - Processing file /opt/airflow/dags/group_dag.py for tasks to queue
[2023-08-27T05:44:38.898+0000] {logging_mixin.py:151} INFO - [2023-08-27T05:44:38.897+0000] {dagbag.py:539} INFO - Filling up the DagBag from /opt/airflow/dags/group_dag.py
[2023-08-27T05:44:38.918+0000] {processor.py:839} INFO - DAG(s) dict_keys(['group_dag']) retrieved from /opt/airflow/dags/group_dag.py
[2023-08-27T05:44:38.947+0000] {logging_mixin.py:151} INFO - [2023-08-27T05:44:38.947+0000] {dag.py:2907} INFO - Sync 1 DAGs
[2023-08-27T05:44:38.965+0000] {logging_mixin.py:151} INFO - [2023-08-27T05:44:38.965+0000] {dag.py:3677} INFO - Setting next_dagrun for group_dag to 2023-08-26T00:00:00+00:00, run_after=2023-08-27T00:00:00+00:00
[2023-08-27T05:44:38.978+0000] {processor.py:179} INFO - Processing /opt/airflow/dags/group_dag.py took 0.091 seconds
[2023-08-27T05:45:09.368+0000] {processor.py:157} INFO - Started process (PID=1415) to work on /opt/airflow/dags/group_dag.py
[2023-08-27T05:45:09.369+0000] {processor.py:829} INFO - Processing file /opt/airflow/dags/group_dag.py for tasks to queue
[2023-08-27T05:45:09.374+0000] {logging_mixin.py:151} INFO - [2023-08-27T05:45:09.373+0000] {dagbag.py:539} INFO - Filling up the DagBag from /opt/airflow/dags/group_dag.py
[2023-08-27T05:45:09.400+0000] {processor.py:839} INFO - DAG(s) dict_keys(['group_dag']) retrieved from /opt/airflow/dags/group_dag.py
[2023-08-27T05:45:09.435+0000] {logging_mixin.py:151} INFO - [2023-08-27T05:45:09.435+0000] {dag.py:2907} INFO - Sync 1 DAGs
[2023-08-27T05:45:09.456+0000] {logging_mixin.py:151} INFO - [2023-08-27T05:45:09.456+0000] {dag.py:3677} INFO - Setting next_dagrun for group_dag to 2023-08-26T00:00:00+00:00, run_after=2023-08-27T00:00:00+00:00
[2023-08-27T05:45:09.471+0000] {processor.py:179} INFO - Processing /opt/airflow/dags/group_dag.py took 0.107 seconds
[2023-08-27T05:45:39.885+0000] {processor.py:157} INFO - Started process (PID=1424) to work on /opt/airflow/dags/group_dag.py
[2023-08-27T05:45:39.887+0000] {processor.py:829} INFO - Processing file /opt/airflow/dags/group_dag.py for tasks to queue
[2023-08-27T05:45:39.893+0000] {logging_mixin.py:151} INFO - [2023-08-27T05:45:39.892+0000] {dagbag.py:539} INFO - Filling up the DagBag from /opt/airflow/dags/group_dag.py
[2023-08-27T05:45:39.917+0000] {processor.py:839} INFO - DAG(s) dict_keys(['group_dag']) retrieved from /opt/airflow/dags/group_dag.py
[2023-08-27T05:45:39.962+0000] {logging_mixin.py:151} INFO - [2023-08-27T05:45:39.961+0000] {dag.py:2907} INFO - Sync 1 DAGs
[2023-08-27T05:45:40.002+0000] {logging_mixin.py:151} INFO - [2023-08-27T05:45:40.002+0000] {dag.py:3677} INFO - Setting next_dagrun for group_dag to 2023-08-26T00:00:00+00:00, run_after=2023-08-27T00:00:00+00:00
[2023-08-27T05:45:40.026+0000] {processor.py:179} INFO - Processing /opt/airflow/dags/group_dag.py took 0.154 seconds
[2023-08-27T05:46:10.493+0000] {processor.py:157} INFO - Started process (PID=1433) to work on /opt/airflow/dags/group_dag.py
[2023-08-27T05:46:10.495+0000] {processor.py:829} INFO - Processing file /opt/airflow/dags/group_dag.py for tasks to queue
[2023-08-27T05:46:10.500+0000] {logging_mixin.py:151} INFO - [2023-08-27T05:46:10.500+0000] {dagbag.py:539} INFO - Filling up the DagBag from /opt/airflow/dags/group_dag.py
[2023-08-27T05:46:10.525+0000] {processor.py:839} INFO - DAG(s) dict_keys(['group_dag']) retrieved from /opt/airflow/dags/group_dag.py
[2023-08-27T05:46:10.566+0000] {logging_mixin.py:151} INFO - [2023-08-27T05:46:10.566+0000] {dag.py:2907} INFO - Sync 1 DAGs
[2023-08-27T05:46:10.589+0000] {logging_mixin.py:151} INFO - [2023-08-27T05:46:10.589+0000] {dag.py:3677} INFO - Setting next_dagrun for group_dag to 2023-08-26T00:00:00+00:00, run_after=2023-08-27T00:00:00+00:00
[2023-08-27T05:46:10.603+0000] {processor.py:179} INFO - Processing /opt/airflow/dags/group_dag.py took 0.117 seconds
[2023-08-27T05:46:40.894+0000] {processor.py:157} INFO - Started process (PID=1442) to work on /opt/airflow/dags/group_dag.py
[2023-08-27T05:46:40.897+0000] {processor.py:829} INFO - Processing file /opt/airflow/dags/group_dag.py for tasks to queue
[2023-08-27T05:46:40.902+0000] {logging_mixin.py:151} INFO - [2023-08-27T05:46:40.901+0000] {dagbag.py:539} INFO - Filling up the DagBag from /opt/airflow/dags/group_dag.py
[2023-08-27T05:46:40.921+0000] {processor.py:839} INFO - DAG(s) dict_keys(['group_dag']) retrieved from /opt/airflow/dags/group_dag.py
[2023-08-27T05:46:40.957+0000] {logging_mixin.py:151} INFO - [2023-08-27T05:46:40.957+0000] {dag.py:2907} INFO - Sync 1 DAGs
[2023-08-27T05:46:40.982+0000] {logging_mixin.py:151} INFO - [2023-08-27T05:46:40.982+0000] {dag.py:3677} INFO - Setting next_dagrun for group_dag to 2023-08-26T00:00:00+00:00, run_after=2023-08-27T00:00:00+00:00
[2023-08-27T05:46:40.996+0000] {processor.py:179} INFO - Processing /opt/airflow/dags/group_dag.py took 0.108 seconds
[2023-08-27T05:47:11.327+0000] {processor.py:157} INFO - Started process (PID=1451) to work on /opt/airflow/dags/group_dag.py
[2023-08-27T05:47:11.330+0000] {processor.py:829} INFO - Processing file /opt/airflow/dags/group_dag.py for tasks to queue
[2023-08-27T05:47:11.335+0000] {logging_mixin.py:151} INFO - [2023-08-27T05:47:11.334+0000] {dagbag.py:539} INFO - Filling up the DagBag from /opt/airflow/dags/group_dag.py
[2023-08-27T05:47:11.362+0000] {processor.py:839} INFO - DAG(s) dict_keys(['group_dag']) retrieved from /opt/airflow/dags/group_dag.py
[2023-08-27T05:47:11.404+0000] {logging_mixin.py:151} INFO - [2023-08-27T05:47:11.403+0000] {dag.py:2907} INFO - Sync 1 DAGs
[2023-08-27T05:47:11.427+0000] {logging_mixin.py:151} INFO - [2023-08-27T05:47:11.427+0000] {dag.py:3677} INFO - Setting next_dagrun for group_dag to 2023-08-26T00:00:00+00:00, run_after=2023-08-27T00:00:00+00:00
[2023-08-27T05:47:11.441+0000] {processor.py:179} INFO - Processing /opt/airflow/dags/group_dag.py took 0.120 seconds
[2023-08-27T05:47:41.778+0000] {processor.py:157} INFO - Started process (PID=1460) to work on /opt/airflow/dags/group_dag.py
[2023-08-27T05:47:41.784+0000] {processor.py:829} INFO - Processing file /opt/airflow/dags/group_dag.py for tasks to queue
[2023-08-27T05:47:41.789+0000] {logging_mixin.py:151} INFO - [2023-08-27T05:47:41.788+0000] {dagbag.py:539} INFO - Filling up the DagBag from /opt/airflow/dags/group_dag.py
[2023-08-27T05:47:41.807+0000] {processor.py:839} INFO - DAG(s) dict_keys(['group_dag']) retrieved from /opt/airflow/dags/group_dag.py
[2023-08-27T05:47:41.843+0000] {logging_mixin.py:151} INFO - [2023-08-27T05:47:41.842+0000] {dag.py:2907} INFO - Sync 1 DAGs
[2023-08-27T05:47:41.863+0000] {logging_mixin.py:151} INFO - [2023-08-27T05:47:41.863+0000] {dag.py:3677} INFO - Setting next_dagrun for group_dag to 2023-08-26T00:00:00+00:00, run_after=2023-08-27T00:00:00+00:00
[2023-08-27T05:47:41.877+0000] {processor.py:179} INFO - Processing /opt/airflow/dags/group_dag.py took 0.104 seconds
[2023-08-27T05:48:12.191+0000] {processor.py:157} INFO - Started process (PID=1469) to work on /opt/airflow/dags/group_dag.py
[2023-08-27T05:48:12.193+0000] {processor.py:829} INFO - Processing file /opt/airflow/dags/group_dag.py for tasks to queue
[2023-08-27T05:48:12.200+0000] {logging_mixin.py:151} INFO - [2023-08-27T05:48:12.200+0000] {dagbag.py:539} INFO - Filling up the DagBag from /opt/airflow/dags/group_dag.py
[2023-08-27T05:48:12.235+0000] {processor.py:839} INFO - DAG(s) dict_keys(['group_dag']) retrieved from /opt/airflow/dags/group_dag.py
[2023-08-27T05:48:12.279+0000] {logging_mixin.py:151} INFO - [2023-08-27T05:48:12.279+0000] {dag.py:2907} INFO - Sync 1 DAGs
[2023-08-27T05:48:12.303+0000] {logging_mixin.py:151} INFO - [2023-08-27T05:48:12.303+0000] {dag.py:3677} INFO - Setting next_dagrun for group_dag to 2023-08-26T00:00:00+00:00, run_after=2023-08-27T00:00:00+00:00
[2023-08-27T05:48:12.317+0000] {processor.py:179} INFO - Processing /opt/airflow/dags/group_dag.py took 0.135 seconds
[2023-08-27T05:48:42.570+0000] {processor.py:157} INFO - Started process (PID=1478) to work on /opt/airflow/dags/group_dag.py
[2023-08-27T05:48:42.573+0000] {processor.py:829} INFO - Processing file /opt/airflow/dags/group_dag.py for tasks to queue
[2023-08-27T05:48:42.578+0000] {logging_mixin.py:151} INFO - [2023-08-27T05:48:42.577+0000] {dagbag.py:539} INFO - Filling up the DagBag from /opt/airflow/dags/group_dag.py
[2023-08-27T05:48:42.606+0000] {processor.py:839} INFO - DAG(s) dict_keys(['group_dag']) retrieved from /opt/airflow/dags/group_dag.py
[2023-08-27T05:48:42.641+0000] {logging_mixin.py:151} INFO - [2023-08-27T05:48:42.641+0000] {dag.py:2907} INFO - Sync 1 DAGs
[2023-08-27T05:48:42.664+0000] {logging_mixin.py:151} INFO - [2023-08-27T05:48:42.664+0000] {dag.py:3677} INFO - Setting next_dagrun for group_dag to 2023-08-26T00:00:00+00:00, run_after=2023-08-27T00:00:00+00:00
[2023-08-27T05:48:42.680+0000] {processor.py:179} INFO - Processing /opt/airflow/dags/group_dag.py took 0.118 seconds
[2023-08-27T05:49:12.956+0000] {processor.py:157} INFO - Started process (PID=1487) to work on /opt/airflow/dags/group_dag.py
[2023-08-27T05:49:12.958+0000] {processor.py:829} INFO - Processing file /opt/airflow/dags/group_dag.py for tasks to queue
[2023-08-27T05:49:12.964+0000] {logging_mixin.py:151} INFO - [2023-08-27T05:49:12.963+0000] {dagbag.py:539} INFO - Filling up the DagBag from /opt/airflow/dags/group_dag.py
[2023-08-27T05:49:12.996+0000] {processor.py:839} INFO - DAG(s) dict_keys(['group_dag']) retrieved from /opt/airflow/dags/group_dag.py
[2023-08-27T05:49:13.042+0000] {logging_mixin.py:151} INFO - [2023-08-27T05:49:13.042+0000] {dag.py:2907} INFO - Sync 1 DAGs
[2023-08-27T05:49:13.067+0000] {logging_mixin.py:151} INFO - [2023-08-27T05:49:13.067+0000] {dag.py:3677} INFO - Setting next_dagrun for group_dag to 2023-08-26T00:00:00+00:00, run_after=2023-08-27T00:00:00+00:00
[2023-08-27T05:49:13.082+0000] {processor.py:179} INFO - Processing /opt/airflow/dags/group_dag.py took 0.138 seconds
[2023-08-27T05:49:43.406+0000] {processor.py:157} INFO - Started process (PID=1496) to work on /opt/airflow/dags/group_dag.py
[2023-08-27T05:49:43.408+0000] {processor.py:829} INFO - Processing file /opt/airflow/dags/group_dag.py for tasks to queue
[2023-08-27T05:49:43.412+0000] {logging_mixin.py:151} INFO - [2023-08-27T05:49:43.411+0000] {dagbag.py:539} INFO - Filling up the DagBag from /opt/airflow/dags/group_dag.py
[2023-08-27T05:49:43.440+0000] {processor.py:839} INFO - DAG(s) dict_keys(['group_dag']) retrieved from /opt/airflow/dags/group_dag.py
[2023-08-27T05:49:43.479+0000] {logging_mixin.py:151} INFO - [2023-08-27T05:49:43.479+0000] {dag.py:2907} INFO - Sync 1 DAGs
[2023-08-27T05:49:43.502+0000] {logging_mixin.py:151} INFO - [2023-08-27T05:49:43.502+0000] {dag.py:3677} INFO - Setting next_dagrun for group_dag to 2023-08-26T00:00:00+00:00, run_after=2023-08-27T00:00:00+00:00
[2023-08-27T05:49:43.517+0000] {processor.py:179} INFO - Processing /opt/airflow/dags/group_dag.py took 0.118 seconds
[2023-08-27T05:50:13.887+0000] {processor.py:157} INFO - Started process (PID=1505) to work on /opt/airflow/dags/group_dag.py
[2023-08-27T05:50:13.889+0000] {processor.py:829} INFO - Processing file /opt/airflow/dags/group_dag.py for tasks to queue
[2023-08-27T05:50:13.894+0000] {logging_mixin.py:151} INFO - [2023-08-27T05:50:13.894+0000] {dagbag.py:539} INFO - Filling up the DagBag from /opt/airflow/dags/group_dag.py
[2023-08-27T05:50:13.928+0000] {processor.py:839} INFO - DAG(s) dict_keys(['group_dag']) retrieved from /opt/airflow/dags/group_dag.py
[2023-08-27T05:50:13.965+0000] {logging_mixin.py:151} INFO - [2023-08-27T05:50:13.964+0000] {dag.py:2907} INFO - Sync 1 DAGs
[2023-08-27T05:50:13.986+0000] {logging_mixin.py:151} INFO - [2023-08-27T05:50:13.986+0000] {dag.py:3677} INFO - Setting next_dagrun for group_dag to 2023-08-26T00:00:00+00:00, run_after=2023-08-27T00:00:00+00:00
[2023-08-27T05:50:14.000+0000] {processor.py:179} INFO - Processing /opt/airflow/dags/group_dag.py took 0.120 seconds
[2023-08-27T05:50:44.423+0000] {processor.py:157} INFO - Started process (PID=1514) to work on /opt/airflow/dags/group_dag.py
[2023-08-27T05:50:44.425+0000] {processor.py:829} INFO - Processing file /opt/airflow/dags/group_dag.py for tasks to queue
[2023-08-27T05:50:44.429+0000] {logging_mixin.py:151} INFO - [2023-08-27T05:50:44.429+0000] {dagbag.py:539} INFO - Filling up the DagBag from /opt/airflow/dags/group_dag.py
[2023-08-27T05:50:44.454+0000] {processor.py:839} INFO - DAG(s) dict_keys(['group_dag']) retrieved from /opt/airflow/dags/group_dag.py
[2023-08-27T05:50:44.489+0000] {logging_mixin.py:151} INFO - [2023-08-27T05:50:44.489+0000] {dag.py:2907} INFO - Sync 1 DAGs
[2023-08-27T05:50:44.511+0000] {logging_mixin.py:151} INFO - [2023-08-27T05:50:44.511+0000] {dag.py:3677} INFO - Setting next_dagrun for group_dag to 2023-08-26T00:00:00+00:00, run_after=2023-08-27T00:00:00+00:00
[2023-08-27T05:50:44.525+0000] {processor.py:179} INFO - Processing /opt/airflow/dags/group_dag.py took 0.109 seconds
[2023-08-27T05:51:14.960+0000] {processor.py:157} INFO - Started process (PID=1523) to work on /opt/airflow/dags/group_dag.py
[2023-08-27T05:51:14.962+0000] {processor.py:829} INFO - Processing file /opt/airflow/dags/group_dag.py for tasks to queue
[2023-08-27T05:51:14.965+0000] {logging_mixin.py:151} INFO - [2023-08-27T05:51:14.965+0000] {dagbag.py:539} INFO - Filling up the DagBag from /opt/airflow/dags/group_dag.py
[2023-08-27T05:51:14.986+0000] {processor.py:839} INFO - DAG(s) dict_keys(['group_dag']) retrieved from /opt/airflow/dags/group_dag.py
[2023-08-27T05:51:15.016+0000] {logging_mixin.py:151} INFO - [2023-08-27T05:51:15.016+0000] {dag.py:2907} INFO - Sync 1 DAGs
[2023-08-27T05:51:15.034+0000] {logging_mixin.py:151} INFO - [2023-08-27T05:51:15.034+0000] {dag.py:3677} INFO - Setting next_dagrun for group_dag to 2023-08-26T00:00:00+00:00, run_after=2023-08-27T00:00:00+00:00
[2023-08-27T05:51:15.048+0000] {processor.py:179} INFO - Processing /opt/airflow/dags/group_dag.py took 0.094 seconds
[2023-08-27T05:51:45.493+0000] {processor.py:157} INFO - Started process (PID=1533) to work on /opt/airflow/dags/group_dag.py
[2023-08-27T05:51:45.495+0000] {processor.py:829} INFO - Processing file /opt/airflow/dags/group_dag.py for tasks to queue
[2023-08-27T05:51:45.499+0000] {logging_mixin.py:151} INFO - [2023-08-27T05:51:45.498+0000] {dagbag.py:539} INFO - Filling up the DagBag from /opt/airflow/dags/group_dag.py
[2023-08-27T05:51:45.524+0000] {processor.py:839} INFO - DAG(s) dict_keys(['group_dag']) retrieved from /opt/airflow/dags/group_dag.py
[2023-08-27T05:51:45.560+0000] {logging_mixin.py:151} INFO - [2023-08-27T05:51:45.560+0000] {dag.py:2907} INFO - Sync 1 DAGs
[2023-08-27T05:51:45.583+0000] {logging_mixin.py:151} INFO - [2023-08-27T05:51:45.583+0000] {dag.py:3677} INFO - Setting next_dagrun for group_dag to 2023-08-26T00:00:00+00:00, run_after=2023-08-27T00:00:00+00:00
[2023-08-27T05:51:45.596+0000] {processor.py:179} INFO - Processing /opt/airflow/dags/group_dag.py took 0.110 seconds
[2023-08-27T05:52:15.906+0000] {processor.py:157} INFO - Started process (PID=1542) to work on /opt/airflow/dags/group_dag.py
[2023-08-27T05:52:15.908+0000] {processor.py:829} INFO - Processing file /opt/airflow/dags/group_dag.py for tasks to queue
[2023-08-27T05:52:15.912+0000] {logging_mixin.py:151} INFO - [2023-08-27T05:52:15.911+0000] {dagbag.py:539} INFO - Filling up the DagBag from /opt/airflow/dags/group_dag.py
[2023-08-27T05:52:15.931+0000] {processor.py:839} INFO - DAG(s) dict_keys(['group_dag']) retrieved from /opt/airflow/dags/group_dag.py
[2023-08-27T05:52:15.962+0000] {logging_mixin.py:151} INFO - [2023-08-27T05:52:15.962+0000] {dag.py:2907} INFO - Sync 1 DAGs
[2023-08-27T05:52:15.982+0000] {logging_mixin.py:151} INFO - [2023-08-27T05:52:15.982+0000] {dag.py:3677} INFO - Setting next_dagrun for group_dag to 2023-08-26T00:00:00+00:00, run_after=2023-08-27T00:00:00+00:00
[2023-08-27T05:52:15.995+0000] {processor.py:179} INFO - Processing /opt/airflow/dags/group_dag.py took 0.095 seconds
[2023-08-27T05:52:46.283+0000] {processor.py:157} INFO - Started process (PID=1550) to work on /opt/airflow/dags/group_dag.py
[2023-08-27T05:52:46.285+0000] {processor.py:829} INFO - Processing file /opt/airflow/dags/group_dag.py for tasks to queue
[2023-08-27T05:52:46.289+0000] {logging_mixin.py:151} INFO - [2023-08-27T05:52:46.289+0000] {dagbag.py:539} INFO - Filling up the DagBag from /opt/airflow/dags/group_dag.py
[2023-08-27T05:52:46.314+0000] {processor.py:839} INFO - DAG(s) dict_keys(['group_dag']) retrieved from /opt/airflow/dags/group_dag.py
[2023-08-27T05:52:46.352+0000] {logging_mixin.py:151} INFO - [2023-08-27T05:52:46.352+0000] {dag.py:2907} INFO - Sync 1 DAGs
[2023-08-27T05:52:46.375+0000] {logging_mixin.py:151} INFO - [2023-08-27T05:52:46.375+0000] {dag.py:3677} INFO - Setting next_dagrun for group_dag to 2023-08-26T00:00:00+00:00, run_after=2023-08-27T00:00:00+00:00
[2023-08-27T05:52:46.389+0000] {processor.py:179} INFO - Processing /opt/airflow/dags/group_dag.py took 0.113 seconds
[2023-08-27T05:53:16.627+0000] {processor.py:157} INFO - Started process (PID=1559) to work on /opt/airflow/dags/group_dag.py
[2023-08-27T05:53:16.629+0000] {processor.py:829} INFO - Processing file /opt/airflow/dags/group_dag.py for tasks to queue
[2023-08-27T05:53:16.633+0000] {logging_mixin.py:151} INFO - [2023-08-27T05:53:16.632+0000] {dagbag.py:539} INFO - Filling up the DagBag from /opt/airflow/dags/group_dag.py
[2023-08-27T05:53:16.658+0000] {processor.py:839} INFO - DAG(s) dict_keys(['group_dag']) retrieved from /opt/airflow/dags/group_dag.py
[2023-08-27T05:53:16.695+0000] {logging_mixin.py:151} INFO - [2023-08-27T05:53:16.695+0000] {dag.py:2907} INFO - Sync 1 DAGs
[2023-08-27T05:53:16.717+0000] {logging_mixin.py:151} INFO - [2023-08-27T05:53:16.717+0000] {dag.py:3677} INFO - Setting next_dagrun for group_dag to 2023-08-26T00:00:00+00:00, run_after=2023-08-27T00:00:00+00:00
[2023-08-27T05:53:16.731+0000] {processor.py:179} INFO - Processing /opt/airflow/dags/group_dag.py took 0.108 seconds
[2023-08-27T05:53:46.961+0000] {processor.py:157} INFO - Started process (PID=1568) to work on /opt/airflow/dags/group_dag.py
[2023-08-27T05:53:46.963+0000] {processor.py:829} INFO - Processing file /opt/airflow/dags/group_dag.py for tasks to queue
[2023-08-27T05:53:46.966+0000] {logging_mixin.py:151} INFO - [2023-08-27T05:53:46.966+0000] {dagbag.py:539} INFO - Filling up the DagBag from /opt/airflow/dags/group_dag.py
[2023-08-27T05:53:46.986+0000] {processor.py:839} INFO - DAG(s) dict_keys(['group_dag']) retrieved from /opt/airflow/dags/group_dag.py
[2023-08-27T05:53:47.020+0000] {logging_mixin.py:151} INFO - [2023-08-27T05:53:47.020+0000] {dag.py:2907} INFO - Sync 1 DAGs
[2023-08-27T05:53:47.039+0000] {logging_mixin.py:151} INFO - [2023-08-27T05:53:47.039+0000] {dag.py:3677} INFO - Setting next_dagrun for group_dag to 2023-08-26T00:00:00+00:00, run_after=2023-08-27T00:00:00+00:00
[2023-08-27T05:53:47.052+0000] {processor.py:179} INFO - Processing /opt/airflow/dags/group_dag.py took 0.096 seconds
[2023-08-27T05:54:17.328+0000] {processor.py:157} INFO - Started process (PID=1578) to work on /opt/airflow/dags/group_dag.py
[2023-08-27T05:54:17.329+0000] {processor.py:829} INFO - Processing file /opt/airflow/dags/group_dag.py for tasks to queue
[2023-08-27T05:54:17.333+0000] {logging_mixin.py:151} INFO - [2023-08-27T05:54:17.333+0000] {dagbag.py:539} INFO - Filling up the DagBag from /opt/airflow/dags/group_dag.py
[2023-08-27T05:54:17.358+0000] {processor.py:839} INFO - DAG(s) dict_keys(['group_dag']) retrieved from /opt/airflow/dags/group_dag.py
[2023-08-27T05:54:17.398+0000] {logging_mixin.py:151} INFO - [2023-08-27T05:54:17.398+0000] {dag.py:2907} INFO - Sync 1 DAGs
[2023-08-27T05:54:17.420+0000] {logging_mixin.py:151} INFO - [2023-08-27T05:54:17.420+0000] {dag.py:3677} INFO - Setting next_dagrun for group_dag to 2023-08-26T00:00:00+00:00, run_after=2023-08-27T00:00:00+00:00
[2023-08-27T05:54:17.435+0000] {processor.py:179} INFO - Processing /opt/airflow/dags/group_dag.py took 0.114 seconds
[2023-08-27T05:54:47.681+0000] {processor.py:157} INFO - Started process (PID=1586) to work on /opt/airflow/dags/group_dag.py
[2023-08-27T05:54:47.683+0000] {processor.py:829} INFO - Processing file /opt/airflow/dags/group_dag.py for tasks to queue
[2023-08-27T05:54:47.687+0000] {logging_mixin.py:151} INFO - [2023-08-27T05:54:47.686+0000] {dagbag.py:539} INFO - Filling up the DagBag from /opt/airflow/dags/group_dag.py
[2023-08-27T05:54:47.718+0000] {processor.py:839} INFO - DAG(s) dict_keys(['group_dag']) retrieved from /opt/airflow/dags/group_dag.py
[2023-08-27T05:54:47.763+0000] {logging_mixin.py:151} INFO - [2023-08-27T05:54:47.762+0000] {dag.py:2907} INFO - Sync 1 DAGs
[2023-08-27T05:54:47.807+0000] {logging_mixin.py:151} INFO - [2023-08-27T05:54:47.807+0000] {dag.py:3677} INFO - Setting next_dagrun for group_dag to 2023-08-26T00:00:00+00:00, run_after=2023-08-27T00:00:00+00:00
[2023-08-27T05:54:47.824+0000] {processor.py:179} INFO - Processing /opt/airflow/dags/group_dag.py took 0.148 seconds
[2023-08-27T05:55:18.167+0000] {processor.py:157} INFO - Started process (PID=1595) to work on /opt/airflow/dags/group_dag.py
[2023-08-27T05:55:18.173+0000] {processor.py:829} INFO - Processing file /opt/airflow/dags/group_dag.py for tasks to queue
[2023-08-27T05:55:18.198+0000] {logging_mixin.py:151} INFO - [2023-08-27T05:55:18.197+0000] {dagbag.py:539} INFO - Filling up the DagBag from /opt/airflow/dags/group_dag.py
[2023-08-27T05:55:18.353+0000] {processor.py:839} INFO - DAG(s) dict_keys(['group_dag']) retrieved from /opt/airflow/dags/group_dag.py
[2023-08-27T05:55:18.501+0000] {logging_mixin.py:151} INFO - [2023-08-27T05:55:18.501+0000] {dag.py:2907} INFO - Sync 1 DAGs
[2023-08-27T05:55:18.558+0000] {logging_mixin.py:151} INFO - [2023-08-27T05:55:18.557+0000] {dag.py:3677} INFO - Setting next_dagrun for group_dag to 2023-08-26T00:00:00+00:00, run_after=2023-08-27T00:00:00+00:00
[2023-08-27T05:55:18.626+0000] {processor.py:179} INFO - Processing /opt/airflow/dags/group_dag.py took 0.502 seconds
[2023-08-27T05:55:49.006+0000] {processor.py:157} INFO - Started process (PID=1611) to work on /opt/airflow/dags/group_dag.py
[2023-08-27T05:55:49.009+0000] {processor.py:829} INFO - Processing file /opt/airflow/dags/group_dag.py for tasks to queue
[2023-08-27T05:55:49.017+0000] {logging_mixin.py:151} INFO - [2023-08-27T05:55:49.016+0000] {dagbag.py:539} INFO - Filling up the DagBag from /opt/airflow/dags/group_dag.py
[2023-08-27T05:55:49.059+0000] {processor.py:839} INFO - DAG(s) dict_keys(['group_dag']) retrieved from /opt/airflow/dags/group_dag.py
[2023-08-27T05:55:49.117+0000] {logging_mixin.py:151} INFO - [2023-08-27T05:55:49.117+0000] {dag.py:2907} INFO - Sync 1 DAGs
[2023-08-27T05:55:49.143+0000] {logging_mixin.py:151} INFO - [2023-08-27T05:55:49.143+0000] {dag.py:3677} INFO - Setting next_dagrun for group_dag to 2023-08-26T00:00:00+00:00, run_after=2023-08-27T00:00:00+00:00
[2023-08-27T05:55:49.172+0000] {processor.py:179} INFO - Processing /opt/airflow/dags/group_dag.py took 0.175 seconds
[2023-08-27T05:56:19.322+0000] {processor.py:157} INFO - Started process (PID=1620) to work on /opt/airflow/dags/group_dag.py
[2023-08-27T05:56:19.324+0000] {processor.py:829} INFO - Processing file /opt/airflow/dags/group_dag.py for tasks to queue
[2023-08-27T05:56:19.331+0000] {logging_mixin.py:151} INFO - [2023-08-27T05:56:19.331+0000] {dagbag.py:539} INFO - Filling up the DagBag from /opt/airflow/dags/group_dag.py
[2023-08-27T05:56:19.381+0000] {processor.py:839} INFO - DAG(s) dict_keys(['group_dag']) retrieved from /opt/airflow/dags/group_dag.py
[2023-08-27T05:56:19.430+0000] {logging_mixin.py:151} INFO - [2023-08-27T05:56:19.430+0000] {dag.py:2907} INFO - Sync 1 DAGs
[2023-08-27T05:56:19.464+0000] {logging_mixin.py:151} INFO - [2023-08-27T05:56:19.464+0000] {dag.py:3677} INFO - Setting next_dagrun for group_dag to 2023-08-26T00:00:00+00:00, run_after=2023-08-27T00:00:00+00:00
[2023-08-27T05:56:19.489+0000] {processor.py:179} INFO - Processing /opt/airflow/dags/group_dag.py took 0.177 seconds
[2023-08-27T05:56:49.770+0000] {processor.py:157} INFO - Started process (PID=1629) to work on /opt/airflow/dags/group_dag.py
[2023-08-27T05:56:49.773+0000] {processor.py:829} INFO - Processing file /opt/airflow/dags/group_dag.py for tasks to queue
[2023-08-27T05:56:49.780+0000] {logging_mixin.py:151} INFO - [2023-08-27T05:56:49.780+0000] {dagbag.py:539} INFO - Filling up the DagBag from /opt/airflow/dags/group_dag.py
[2023-08-27T05:56:49.812+0000] {processor.py:839} INFO - DAG(s) dict_keys(['group_dag']) retrieved from /opt/airflow/dags/group_dag.py
[2023-08-27T05:56:49.857+0000] {logging_mixin.py:151} INFO - [2023-08-27T05:56:49.856+0000] {dag.py:2907} INFO - Sync 1 DAGs
[2023-08-27T05:56:49.886+0000] {logging_mixin.py:151} INFO - [2023-08-27T05:56:49.886+0000] {dag.py:3677} INFO - Setting next_dagrun for group_dag to 2023-08-26T00:00:00+00:00, run_after=2023-08-27T00:00:00+00:00
[2023-08-27T05:56:49.904+0000] {processor.py:179} INFO - Processing /opt/airflow/dags/group_dag.py took 0.140 seconds
[2023-08-27T05:57:20.276+0000] {processor.py:157} INFO - Started process (PID=1638) to work on /opt/airflow/dags/group_dag.py
[2023-08-27T05:57:20.279+0000] {processor.py:829} INFO - Processing file /opt/airflow/dags/group_dag.py for tasks to queue
[2023-08-27T05:57:20.289+0000] {logging_mixin.py:151} INFO - [2023-08-27T05:57:20.288+0000] {dagbag.py:539} INFO - Filling up the DagBag from /opt/airflow/dags/group_dag.py
[2023-08-27T05:57:20.328+0000] {processor.py:839} INFO - DAG(s) dict_keys(['group_dag']) retrieved from /opt/airflow/dags/group_dag.py
[2023-08-27T05:57:20.388+0000] {logging_mixin.py:151} INFO - [2023-08-27T05:57:20.388+0000] {dag.py:2907} INFO - Sync 1 DAGs
[2023-08-27T05:57:20.427+0000] {logging_mixin.py:151} INFO - [2023-08-27T05:57:20.427+0000] {dag.py:3677} INFO - Setting next_dagrun for group_dag to 2023-08-26T00:00:00+00:00, run_after=2023-08-27T00:00:00+00:00
[2023-08-27T05:57:20.445+0000] {processor.py:179} INFO - Processing /opt/airflow/dags/group_dag.py took 0.176 seconds
[2023-08-27T05:57:50.786+0000] {processor.py:157} INFO - Started process (PID=1647) to work on /opt/airflow/dags/group_dag.py
[2023-08-27T05:57:50.790+0000] {processor.py:829} INFO - Processing file /opt/airflow/dags/group_dag.py for tasks to queue
[2023-08-27T05:57:50.797+0000] {logging_mixin.py:151} INFO - [2023-08-27T05:57:50.796+0000] {dagbag.py:539} INFO - Filling up the DagBag from /opt/airflow/dags/group_dag.py
[2023-08-27T05:57:50.846+0000] {processor.py:839} INFO - DAG(s) dict_keys(['group_dag']) retrieved from /opt/airflow/dags/group_dag.py
[2023-08-27T05:57:50.923+0000] {logging_mixin.py:151} INFO - [2023-08-27T05:57:50.923+0000] {dag.py:2907} INFO - Sync 1 DAGs
[2023-08-27T05:57:50.967+0000] {logging_mixin.py:151} INFO - [2023-08-27T05:57:50.967+0000] {dag.py:3677} INFO - Setting next_dagrun for group_dag to 2023-08-26T00:00:00+00:00, run_after=2023-08-27T00:00:00+00:00
[2023-08-27T05:57:50.987+0000] {processor.py:179} INFO - Processing /opt/airflow/dags/group_dag.py took 0.220 seconds
[2023-08-27T05:58:21.704+0000] {processor.py:157} INFO - Started process (PID=1656) to work on /opt/airflow/dags/group_dag.py
[2023-08-27T05:58:21.712+0000] {processor.py:829} INFO - Processing file /opt/airflow/dags/group_dag.py for tasks to queue
[2023-08-27T05:58:21.758+0000] {logging_mixin.py:151} INFO - [2023-08-27T05:58:21.748+0000] {dagbag.py:539} INFO - Filling up the DagBag from /opt/airflow/dags/group_dag.py
[2023-08-27T05:58:21.905+0000] {processor.py:839} INFO - DAG(s) dict_keys(['group_dag']) retrieved from /opt/airflow/dags/group_dag.py
[2023-08-27T05:58:22.079+0000] {logging_mixin.py:151} INFO - [2023-08-27T05:58:22.079+0000] {dag.py:2907} INFO - Sync 1 DAGs
[2023-08-27T05:58:22.136+0000] {logging_mixin.py:151} INFO - [2023-08-27T05:58:22.136+0000] {dag.py:3677} INFO - Setting next_dagrun for group_dag to 2023-08-26T00:00:00+00:00, run_after=2023-08-27T00:00:00+00:00
[2023-08-27T05:58:22.175+0000] {processor.py:179} INFO - Processing /opt/airflow/dags/group_dag.py took 0.524 seconds
