[2023-08-27T00:28:19.399+0000] {processor.py:157} INFO - Started process (PID=1065) to work on /opt/airflow/dags/parallel_dag.py
[2023-08-27T00:28:19.401+0000] {processor.py:829} INFO - Processing file /opt/airflow/dags/parallel_dag.py for tasks to queue
[2023-08-27T00:28:19.406+0000] {logging_mixin.py:151} INFO - [2023-08-27T00:28:19.405+0000] {dagbag.py:539} INFO - Filling up the DagBag from /opt/airflow/dags/parallel_dag.py
[2023-08-27T00:28:19.432+0000] {processor.py:839} INFO - DAG(s) dict_keys(['parallel_dag']) retrieved from /opt/airflow/dags/parallel_dag.py
[2023-08-27T00:28:19.477+0000] {logging_mixin.py:151} INFO - [2023-08-27T00:28:19.477+0000] {dag.py:2907} INFO - Sync 1 DAGs
[2023-08-27T00:28:19.509+0000] {logging_mixin.py:151} INFO - [2023-08-27T00:28:19.509+0000] {dag.py:3677} INFO - Setting next_dagrun for parallel_dag to 2023-08-26T00:00:00+00:00, run_after=2023-08-27T00:00:00+00:00
[2023-08-27T00:28:19.527+0000] {processor.py:179} INFO - Processing /opt/airflow/dags/parallel_dag.py took 0.133 seconds
[2023-08-27T01:25:10.680+0000] {processor.py:157} INFO - Started process (PID=1074) to work on /opt/airflow/dags/parallel_dag.py
[2023-08-27T01:25:10.685+0000] {processor.py:829} INFO - Processing file /opt/airflow/dags/parallel_dag.py for tasks to queue
[2023-08-27T01:25:10.689+0000] {logging_mixin.py:151} INFO - [2023-08-27T01:25:10.688+0000] {dagbag.py:539} INFO - Filling up the DagBag from /opt/airflow/dags/parallel_dag.py
[2023-08-27T01:25:10.725+0000] {processor.py:839} INFO - DAG(s) dict_keys(['parallel_dag']) retrieved from /opt/airflow/dags/parallel_dag.py
[2023-08-27T01:25:11.107+0000] {logging_mixin.py:151} INFO - [2023-08-27T01:25:11.107+0000] {dag.py:2907} INFO - Sync 1 DAGs
[2023-08-27T01:25:11.145+0000] {logging_mixin.py:151} INFO - [2023-08-27T01:25:11.145+0000] {dag.py:3677} INFO - Setting next_dagrun for parallel_dag to 2023-08-26T00:00:00+00:00, run_after=2023-08-27T00:00:00+00:00
[2023-08-27T01:25:11.163+0000] {processor.py:179} INFO - Processing /opt/airflow/dags/parallel_dag.py took 0.488 seconds
[2023-08-27T02:00:15.152+0000] {processor.py:157} INFO - Started process (PID=1083) to work on /opt/airflow/dags/parallel_dag.py
[2023-08-27T02:00:15.164+0000] {processor.py:829} INFO - Processing file /opt/airflow/dags/parallel_dag.py for tasks to queue
[2023-08-27T02:00:15.172+0000] {logging_mixin.py:151} INFO - [2023-08-27T02:00:15.170+0000] {dagbag.py:539} INFO - Filling up the DagBag from /opt/airflow/dags/parallel_dag.py
[2023-08-27T02:00:15.310+0000] {processor.py:839} INFO - DAG(s) dict_keys(['parallel_dag']) retrieved from /opt/airflow/dags/parallel_dag.py
[2023-08-27T02:00:17.956+0000] {logging_mixin.py:151} INFO - [2023-08-27T02:00:17.954+0000] {dag.py:2907} INFO - Sync 1 DAGs
[2023-08-27T02:00:18.032+0000] {logging_mixin.py:151} INFO - [2023-08-27T02:00:18.032+0000] {dag.py:3677} INFO - Setting next_dagrun for parallel_dag to 2023-08-26T00:00:00+00:00, run_after=2023-08-27T00:00:00+00:00
[2023-08-27T02:00:18.056+0000] {processor.py:179} INFO - Processing /opt/airflow/dags/parallel_dag.py took 2.968 seconds
[2023-08-27T03:22:18.342+0000] {processor.py:157} INFO - Started process (PID=1092) to work on /opt/airflow/dags/parallel_dag.py
[2023-08-27T03:22:18.344+0000] {processor.py:829} INFO - Processing file /opt/airflow/dags/parallel_dag.py for tasks to queue
[2023-08-27T03:22:18.346+0000] {logging_mixin.py:151} INFO - [2023-08-27T03:22:18.346+0000] {dagbag.py:539} INFO - Filling up the DagBag from /opt/airflow/dags/parallel_dag.py
[2023-08-27T03:22:18.382+0000] {processor.py:839} INFO - DAG(s) dict_keys(['parallel_dag']) retrieved from /opt/airflow/dags/parallel_dag.py
[2023-08-27T03:22:18.440+0000] {logging_mixin.py:151} INFO - [2023-08-27T03:22:18.440+0000] {dag.py:2907} INFO - Sync 1 DAGs
[2023-08-27T03:22:18.483+0000] {logging_mixin.py:151} INFO - [2023-08-27T03:22:18.483+0000] {dag.py:3677} INFO - Setting next_dagrun for parallel_dag to 2023-08-26T00:00:00+00:00, run_after=2023-08-27T00:00:00+00:00
[2023-08-27T03:22:18.525+0000] {processor.py:179} INFO - Processing /opt/airflow/dags/parallel_dag.py took 0.186 seconds
[2023-08-27T04:44:27.908+0000] {processor.py:157} INFO - Started process (PID=1101) to work on /opt/airflow/dags/parallel_dag.py
[2023-08-27T04:44:27.912+0000] {processor.py:829} INFO - Processing file /opt/airflow/dags/parallel_dag.py for tasks to queue
[2023-08-27T04:44:27.918+0000] {logging_mixin.py:151} INFO - [2023-08-27T04:44:27.918+0000] {dagbag.py:539} INFO - Filling up the DagBag from /opt/airflow/dags/parallel_dag.py
[2023-08-27T04:44:27.972+0000] {processor.py:839} INFO - DAG(s) dict_keys(['parallel_dag']) retrieved from /opt/airflow/dags/parallel_dag.py
[2023-08-27T04:44:28.054+0000] {logging_mixin.py:151} INFO - [2023-08-27T04:44:28.054+0000] {dag.py:2907} INFO - Sync 1 DAGs
[2023-08-27T04:44:28.098+0000] {logging_mixin.py:151} INFO - [2023-08-27T04:44:28.098+0000] {dag.py:3677} INFO - Setting next_dagrun for parallel_dag to 2023-08-26T00:00:00+00:00, run_after=2023-08-27T00:00:00+00:00
[2023-08-27T04:44:28.142+0000] {processor.py:179} INFO - Processing /opt/airflow/dags/parallel_dag.py took 0.249 seconds
[2023-08-27T05:25:01.902+0000] {processor.py:157} INFO - Started process (PID=1109) to work on /opt/airflow/dags/parallel_dag.py
[2023-08-27T05:25:01.926+0000] {processor.py:829} INFO - Processing file /opt/airflow/dags/parallel_dag.py for tasks to queue
[2023-08-27T05:25:01.938+0000] {logging_mixin.py:151} INFO - [2023-08-27T05:25:01.937+0000] {dagbag.py:539} INFO - Filling up the DagBag from /opt/airflow/dags/parallel_dag.py
[2023-08-27T05:25:02.039+0000] {processor.py:839} INFO - DAG(s) dict_keys(['parallel_dag']) retrieved from /opt/airflow/dags/parallel_dag.py
[2023-08-27T05:25:03.345+0000] {logging_mixin.py:151} INFO - [2023-08-27T05:25:03.331+0000] {dag.py:2907} INFO - Sync 1 DAGs
[2023-08-27T05:25:03.567+0000] {logging_mixin.py:151} INFO - [2023-08-27T05:25:03.566+0000] {dag.py:3677} INFO - Setting next_dagrun for parallel_dag to 2023-08-26T00:00:00+00:00, run_after=2023-08-27T00:00:00+00:00
[2023-08-27T05:25:03.670+0000] {processor.py:179} INFO - Processing /opt/airflow/dags/parallel_dag.py took 1.788 seconds
[2023-08-27T05:28:23.387+0000] {processor.py:157} INFO - Started process (PID=1118) to work on /opt/airflow/dags/parallel_dag.py
[2023-08-27T05:28:23.391+0000] {processor.py:829} INFO - Processing file /opt/airflow/dags/parallel_dag.py for tasks to queue
[2023-08-27T05:28:23.404+0000] {logging_mixin.py:151} INFO - [2023-08-27T05:28:23.401+0000] {dagbag.py:539} INFO - Filling up the DagBag from /opt/airflow/dags/parallel_dag.py
[2023-08-27T05:28:23.510+0000] {processor.py:839} INFO - DAG(s) dict_keys(['parallel_dag']) retrieved from /opt/airflow/dags/parallel_dag.py
[2023-08-27T05:28:23.631+0000] {logging_mixin.py:151} INFO - [2023-08-27T05:28:23.631+0000] {dag.py:2907} INFO - Sync 1 DAGs
[2023-08-27T05:28:24.296+0000] {logging_mixin.py:151} INFO - [2023-08-27T05:28:24.296+0000] {dag.py:3677} INFO - Setting next_dagrun for parallel_dag to 2023-08-26T00:00:00+00:00, run_after=2023-08-27T00:00:00+00:00
[2023-08-27T05:28:24.321+0000] {processor.py:179} INFO - Processing /opt/airflow/dags/parallel_dag.py took 0.954 seconds
[2023-08-27T05:28:54.726+0000] {processor.py:157} INFO - Started process (PID=1127) to work on /opt/airflow/dags/parallel_dag.py
[2023-08-27T05:28:54.730+0000] {processor.py:829} INFO - Processing file /opt/airflow/dags/parallel_dag.py for tasks to queue
[2023-08-27T05:28:54.732+0000] {logging_mixin.py:151} INFO - [2023-08-27T05:28:54.732+0000] {dagbag.py:539} INFO - Filling up the DagBag from /opt/airflow/dags/parallel_dag.py
[2023-08-27T05:28:54.775+0000] {processor.py:839} INFO - DAG(s) dict_keys(['parallel_dag']) retrieved from /opt/airflow/dags/parallel_dag.py
[2023-08-27T05:28:54.835+0000] {logging_mixin.py:151} INFO - [2023-08-27T05:28:54.834+0000] {dag.py:2907} INFO - Sync 1 DAGs
[2023-08-27T05:28:54.866+0000] {logging_mixin.py:151} INFO - [2023-08-27T05:28:54.866+0000] {dag.py:3677} INFO - Setting next_dagrun for parallel_dag to 2023-08-26T00:00:00+00:00, run_after=2023-08-27T00:00:00+00:00
[2023-08-27T05:28:54.881+0000] {processor.py:179} INFO - Processing /opt/airflow/dags/parallel_dag.py took 0.161 seconds
[2023-08-27T05:29:25.278+0000] {processor.py:157} INFO - Started process (PID=1136) to work on /opt/airflow/dags/parallel_dag.py
[2023-08-27T05:29:25.281+0000] {processor.py:829} INFO - Processing file /opt/airflow/dags/parallel_dag.py for tasks to queue
[2023-08-27T05:29:25.284+0000] {logging_mixin.py:151} INFO - [2023-08-27T05:29:25.284+0000] {dagbag.py:539} INFO - Filling up the DagBag from /opt/airflow/dags/parallel_dag.py
[2023-08-27T05:29:25.304+0000] {processor.py:839} INFO - DAG(s) dict_keys(['parallel_dag']) retrieved from /opt/airflow/dags/parallel_dag.py
[2023-08-27T05:29:25.340+0000] {logging_mixin.py:151} INFO - [2023-08-27T05:29:25.340+0000] {dag.py:2907} INFO - Sync 1 DAGs
[2023-08-27T05:29:25.366+0000] {logging_mixin.py:151} INFO - [2023-08-27T05:29:25.366+0000] {dag.py:3677} INFO - Setting next_dagrun for parallel_dag to 2023-08-26T00:00:00+00:00, run_after=2023-08-27T00:00:00+00:00
[2023-08-27T05:29:25.380+0000] {processor.py:179} INFO - Processing /opt/airflow/dags/parallel_dag.py took 0.105 seconds
[2023-08-27T05:29:55.612+0000] {processor.py:157} INFO - Started process (PID=1145) to work on /opt/airflow/dags/parallel_dag.py
[2023-08-27T05:29:55.614+0000] {processor.py:829} INFO - Processing file /opt/airflow/dags/parallel_dag.py for tasks to queue
[2023-08-27T05:29:55.618+0000] {logging_mixin.py:151} INFO - [2023-08-27T05:29:55.617+0000] {dagbag.py:539} INFO - Filling up the DagBag from /opt/airflow/dags/parallel_dag.py
[2023-08-27T05:29:55.633+0000] {processor.py:839} INFO - DAG(s) dict_keys(['parallel_dag']) retrieved from /opt/airflow/dags/parallel_dag.py
[2023-08-27T05:29:55.667+0000] {logging_mixin.py:151} INFO - [2023-08-27T05:29:55.667+0000] {dag.py:2907} INFO - Sync 1 DAGs
[2023-08-27T05:29:55.685+0000] {logging_mixin.py:151} INFO - [2023-08-27T05:29:55.685+0000] {dag.py:3677} INFO - Setting next_dagrun for parallel_dag to 2023-08-26T00:00:00+00:00, run_after=2023-08-27T00:00:00+00:00
[2023-08-27T05:29:55.698+0000] {processor.py:179} INFO - Processing /opt/airflow/dags/parallel_dag.py took 0.092 seconds
[2023-08-27T05:30:26.134+0000] {processor.py:157} INFO - Started process (PID=1154) to work on /opt/airflow/dags/parallel_dag.py
[2023-08-27T05:30:26.138+0000] {processor.py:829} INFO - Processing file /opt/airflow/dags/parallel_dag.py for tasks to queue
[2023-08-27T05:30:26.146+0000] {logging_mixin.py:151} INFO - [2023-08-27T05:30:26.145+0000] {dagbag.py:539} INFO - Filling up the DagBag from /opt/airflow/dags/parallel_dag.py
[2023-08-27T05:30:26.183+0000] {processor.py:839} INFO - DAG(s) dict_keys(['parallel_dag']) retrieved from /opt/airflow/dags/parallel_dag.py
[2023-08-27T05:30:26.249+0000] {logging_mixin.py:151} INFO - [2023-08-27T05:30:26.249+0000] {dag.py:2907} INFO - Sync 1 DAGs
[2023-08-27T05:30:26.289+0000] {logging_mixin.py:151} INFO - [2023-08-27T05:30:26.289+0000] {dag.py:3677} INFO - Setting next_dagrun for parallel_dag to 2023-08-26T00:00:00+00:00, run_after=2023-08-27T00:00:00+00:00
[2023-08-27T05:30:26.315+0000] {processor.py:179} INFO - Processing /opt/airflow/dags/parallel_dag.py took 0.186 seconds
[2023-08-27T05:30:56.471+0000] {processor.py:157} INFO - Started process (PID=1163) to work on /opt/airflow/dags/parallel_dag.py
[2023-08-27T05:30:56.473+0000] {processor.py:829} INFO - Processing file /opt/airflow/dags/parallel_dag.py for tasks to queue
[2023-08-27T05:30:56.477+0000] {logging_mixin.py:151} INFO - [2023-08-27T05:30:56.476+0000] {dagbag.py:539} INFO - Filling up the DagBag from /opt/airflow/dags/parallel_dag.py
[2023-08-27T05:30:56.499+0000] {processor.py:839} INFO - DAG(s) dict_keys(['parallel_dag']) retrieved from /opt/airflow/dags/parallel_dag.py
[2023-08-27T05:30:56.536+0000] {logging_mixin.py:151} INFO - [2023-08-27T05:30:56.536+0000] {dag.py:2907} INFO - Sync 1 DAGs
[2023-08-27T05:30:56.560+0000] {logging_mixin.py:151} INFO - [2023-08-27T05:30:56.560+0000] {dag.py:3677} INFO - Setting next_dagrun for parallel_dag to 2023-08-26T00:00:00+00:00, run_after=2023-08-27T00:00:00+00:00
[2023-08-27T05:30:56.575+0000] {processor.py:179} INFO - Processing /opt/airflow/dags/parallel_dag.py took 0.110 seconds
[2023-08-27T05:31:27.023+0000] {processor.py:157} INFO - Started process (PID=1172) to work on /opt/airflow/dags/parallel_dag.py
[2023-08-27T05:31:27.025+0000] {processor.py:829} INFO - Processing file /opt/airflow/dags/parallel_dag.py for tasks to queue
[2023-08-27T05:31:27.029+0000] {logging_mixin.py:151} INFO - [2023-08-27T05:31:27.029+0000] {dagbag.py:539} INFO - Filling up the DagBag from /opt/airflow/dags/parallel_dag.py
[2023-08-27T05:31:27.059+0000] {processor.py:839} INFO - DAG(s) dict_keys(['parallel_dag']) retrieved from /opt/airflow/dags/parallel_dag.py
[2023-08-27T05:31:27.115+0000] {logging_mixin.py:151} INFO - [2023-08-27T05:31:27.115+0000] {dag.py:2907} INFO - Sync 1 DAGs
[2023-08-27T05:31:27.145+0000] {logging_mixin.py:151} INFO - [2023-08-27T05:31:27.144+0000] {dag.py:3677} INFO - Setting next_dagrun for parallel_dag to 2023-08-26T00:00:00+00:00, run_after=2023-08-27T00:00:00+00:00
[2023-08-27T05:31:27.161+0000] {processor.py:179} INFO - Processing /opt/airflow/dags/parallel_dag.py took 0.146 seconds
[2023-08-27T05:31:57.362+0000] {processor.py:157} INFO - Started process (PID=1182) to work on /opt/airflow/dags/parallel_dag.py
[2023-08-27T05:31:57.364+0000] {processor.py:829} INFO - Processing file /opt/airflow/dags/parallel_dag.py for tasks to queue
[2023-08-27T05:31:57.367+0000] {logging_mixin.py:151} INFO - [2023-08-27T05:31:57.366+0000] {dagbag.py:539} INFO - Filling up the DagBag from /opt/airflow/dags/parallel_dag.py
[2023-08-27T05:31:57.390+0000] {processor.py:839} INFO - DAG(s) dict_keys(['parallel_dag']) retrieved from /opt/airflow/dags/parallel_dag.py
[2023-08-27T05:31:57.432+0000] {logging_mixin.py:151} INFO - [2023-08-27T05:31:57.432+0000] {dag.py:2907} INFO - Sync 1 DAGs
[2023-08-27T05:31:57.459+0000] {logging_mixin.py:151} INFO - [2023-08-27T05:31:57.458+0000] {dag.py:3677} INFO - Setting next_dagrun for parallel_dag to 2023-08-26T00:00:00+00:00, run_after=2023-08-27T00:00:00+00:00
[2023-08-27T05:31:57.474+0000] {processor.py:179} INFO - Processing /opt/airflow/dags/parallel_dag.py took 0.117 seconds
[2023-08-27T05:32:27.856+0000] {processor.py:157} INFO - Started process (PID=1191) to work on /opt/airflow/dags/parallel_dag.py
[2023-08-27T05:32:27.858+0000] {processor.py:829} INFO - Processing file /opt/airflow/dags/parallel_dag.py for tasks to queue
[2023-08-27T05:32:27.861+0000] {logging_mixin.py:151} INFO - [2023-08-27T05:32:27.860+0000] {dagbag.py:539} INFO - Filling up the DagBag from /opt/airflow/dags/parallel_dag.py
[2023-08-27T05:32:27.886+0000] {processor.py:839} INFO - DAG(s) dict_keys(['parallel_dag']) retrieved from /opt/airflow/dags/parallel_dag.py
[2023-08-27T05:32:27.923+0000] {logging_mixin.py:151} INFO - [2023-08-27T05:32:27.923+0000] {dag.py:2907} INFO - Sync 1 DAGs
[2023-08-27T05:32:27.947+0000] {logging_mixin.py:151} INFO - [2023-08-27T05:32:27.947+0000] {dag.py:3677} INFO - Setting next_dagrun for parallel_dag to 2023-08-26T00:00:00+00:00, run_after=2023-08-27T00:00:00+00:00
[2023-08-27T05:32:27.962+0000] {processor.py:179} INFO - Processing /opt/airflow/dags/parallel_dag.py took 0.110 seconds
[2023-08-27T05:32:58.203+0000] {processor.py:157} INFO - Started process (PID=1200) to work on /opt/airflow/dags/parallel_dag.py
[2023-08-27T05:32:58.205+0000] {processor.py:829} INFO - Processing file /opt/airflow/dags/parallel_dag.py for tasks to queue
[2023-08-27T05:32:58.208+0000] {logging_mixin.py:151} INFO - [2023-08-27T05:32:58.208+0000] {dagbag.py:539} INFO - Filling up the DagBag from /opt/airflow/dags/parallel_dag.py
[2023-08-27T05:32:58.227+0000] {processor.py:839} INFO - DAG(s) dict_keys(['parallel_dag']) retrieved from /opt/airflow/dags/parallel_dag.py
[2023-08-27T05:32:58.265+0000] {logging_mixin.py:151} INFO - [2023-08-27T05:32:58.265+0000] {dag.py:2907} INFO - Sync 1 DAGs
[2023-08-27T05:32:58.292+0000] {logging_mixin.py:151} INFO - [2023-08-27T05:32:58.292+0000] {dag.py:3677} INFO - Setting next_dagrun for parallel_dag to 2023-08-26T00:00:00+00:00, run_after=2023-08-27T00:00:00+00:00
[2023-08-27T05:32:58.305+0000] {processor.py:179} INFO - Processing /opt/airflow/dags/parallel_dag.py took 0.108 seconds
[2023-08-27T05:33:28.660+0000] {processor.py:157} INFO - Started process (PID=1208) to work on /opt/airflow/dags/parallel_dag.py
[2023-08-27T05:33:28.661+0000] {processor.py:829} INFO - Processing file /opt/airflow/dags/parallel_dag.py for tasks to queue
[2023-08-27T05:33:28.664+0000] {logging_mixin.py:151} INFO - [2023-08-27T05:33:28.663+0000] {dagbag.py:539} INFO - Filling up the DagBag from /opt/airflow/dags/parallel_dag.py
[2023-08-27T05:33:28.678+0000] {processor.py:839} INFO - DAG(s) dict_keys(['parallel_dag']) retrieved from /opt/airflow/dags/parallel_dag.py
[2023-08-27T05:33:28.705+0000] {logging_mixin.py:151} INFO - [2023-08-27T05:33:28.705+0000] {dag.py:2907} INFO - Sync 1 DAGs
[2023-08-27T05:33:28.723+0000] {logging_mixin.py:151} INFO - [2023-08-27T05:33:28.723+0000] {dag.py:3677} INFO - Setting next_dagrun for parallel_dag to 2023-08-26T00:00:00+00:00, run_after=2023-08-27T00:00:00+00:00
[2023-08-27T05:33:28.737+0000] {processor.py:179} INFO - Processing /opt/airflow/dags/parallel_dag.py took 0.081 seconds
[2023-08-27T05:33:59.016+0000] {processor.py:157} INFO - Started process (PID=1217) to work on /opt/airflow/dags/parallel_dag.py
[2023-08-27T05:33:59.018+0000] {processor.py:829} INFO - Processing file /opt/airflow/dags/parallel_dag.py for tasks to queue
[2023-08-27T05:33:59.022+0000] {logging_mixin.py:151} INFO - [2023-08-27T05:33:59.021+0000] {dagbag.py:539} INFO - Filling up the DagBag from /opt/airflow/dags/parallel_dag.py
[2023-08-27T05:33:59.047+0000] {processor.py:839} INFO - DAG(s) dict_keys(['parallel_dag']) retrieved from /opt/airflow/dags/parallel_dag.py
[2023-08-27T05:33:59.086+0000] {logging_mixin.py:151} INFO - [2023-08-27T05:33:59.085+0000] {dag.py:2907} INFO - Sync 1 DAGs
[2023-08-27T05:33:59.108+0000] {logging_mixin.py:151} INFO - [2023-08-27T05:33:59.108+0000] {dag.py:3677} INFO - Setting next_dagrun for parallel_dag to 2023-08-26T00:00:00+00:00, run_after=2023-08-27T00:00:00+00:00
[2023-08-27T05:33:59.123+0000] {processor.py:179} INFO - Processing /opt/airflow/dags/parallel_dag.py took 0.112 seconds
[2023-08-27T05:34:29.520+0000] {processor.py:157} INFO - Started process (PID=1226) to work on /opt/airflow/dags/parallel_dag.py
[2023-08-27T05:34:29.521+0000] {processor.py:829} INFO - Processing file /opt/airflow/dags/parallel_dag.py for tasks to queue
[2023-08-27T05:34:29.524+0000] {logging_mixin.py:151} INFO - [2023-08-27T05:34:29.524+0000] {dagbag.py:539} INFO - Filling up the DagBag from /opt/airflow/dags/parallel_dag.py
[2023-08-27T05:34:29.539+0000] {processor.py:839} INFO - DAG(s) dict_keys(['parallel_dag']) retrieved from /opt/airflow/dags/parallel_dag.py
[2023-08-27T05:34:29.569+0000] {logging_mixin.py:151} INFO - [2023-08-27T05:34:29.568+0000] {dag.py:2907} INFO - Sync 1 DAGs
[2023-08-27T05:34:29.590+0000] {logging_mixin.py:151} INFO - [2023-08-27T05:34:29.590+0000] {dag.py:3677} INFO - Setting next_dagrun for parallel_dag to 2023-08-26T00:00:00+00:00, run_after=2023-08-27T00:00:00+00:00
[2023-08-27T05:34:29.604+0000] {processor.py:179} INFO - Processing /opt/airflow/dags/parallel_dag.py took 0.088 seconds
[2023-08-27T05:34:59.891+0000] {processor.py:157} INFO - Started process (PID=1235) to work on /opt/airflow/dags/parallel_dag.py
[2023-08-27T05:34:59.893+0000] {processor.py:829} INFO - Processing file /opt/airflow/dags/parallel_dag.py for tasks to queue
[2023-08-27T05:34:59.895+0000] {logging_mixin.py:151} INFO - [2023-08-27T05:34:59.895+0000] {dagbag.py:539} INFO - Filling up the DagBag from /opt/airflow/dags/parallel_dag.py
[2023-08-27T05:34:59.930+0000] {processor.py:839} INFO - DAG(s) dict_keys(['parallel_dag']) retrieved from /opt/airflow/dags/parallel_dag.py
[2023-08-27T05:34:59.969+0000] {logging_mixin.py:151} INFO - [2023-08-27T05:34:59.969+0000] {dag.py:2907} INFO - Sync 1 DAGs
[2023-08-27T05:35:00.001+0000] {logging_mixin.py:151} INFO - [2023-08-27T05:35:00.001+0000] {dag.py:3677} INFO - Setting next_dagrun for parallel_dag to 2023-08-26T00:00:00+00:00, run_after=2023-08-27T00:00:00+00:00
[2023-08-27T05:35:00.016+0000] {processor.py:179} INFO - Processing /opt/airflow/dags/parallel_dag.py took 0.129 seconds
[2023-08-27T05:35:30.495+0000] {processor.py:157} INFO - Started process (PID=1244) to work on /opt/airflow/dags/parallel_dag.py
[2023-08-27T05:35:30.496+0000] {processor.py:829} INFO - Processing file /opt/airflow/dags/parallel_dag.py for tasks to queue
[2023-08-27T05:35:30.499+0000] {logging_mixin.py:151} INFO - [2023-08-27T05:35:30.498+0000] {dagbag.py:539} INFO - Filling up the DagBag from /opt/airflow/dags/parallel_dag.py
[2023-08-27T05:35:30.516+0000] {processor.py:839} INFO - DAG(s) dict_keys(['parallel_dag']) retrieved from /opt/airflow/dags/parallel_dag.py
[2023-08-27T05:35:30.557+0000] {logging_mixin.py:151} INFO - [2023-08-27T05:35:30.557+0000] {dag.py:2907} INFO - Sync 1 DAGs
[2023-08-27T05:35:30.582+0000] {logging_mixin.py:151} INFO - [2023-08-27T05:35:30.582+0000] {dag.py:3677} INFO - Setting next_dagrun for parallel_dag to 2023-08-26T00:00:00+00:00, run_after=2023-08-27T00:00:00+00:00
[2023-08-27T05:35:30.612+0000] {processor.py:179} INFO - Processing /opt/airflow/dags/parallel_dag.py took 0.121 seconds
[2023-08-27T05:36:00.992+0000] {processor.py:157} INFO - Started process (PID=1254) to work on /opt/airflow/dags/parallel_dag.py
[2023-08-27T05:36:00.994+0000] {processor.py:829} INFO - Processing file /opt/airflow/dags/parallel_dag.py for tasks to queue
[2023-08-27T05:36:01.009+0000] {logging_mixin.py:151} INFO - [2023-08-27T05:36:01.008+0000] {dagbag.py:539} INFO - Filling up the DagBag from /opt/airflow/dags/parallel_dag.py
[2023-08-27T05:36:01.038+0000] {processor.py:839} INFO - DAG(s) dict_keys(['parallel_dag']) retrieved from /opt/airflow/dags/parallel_dag.py
[2023-08-27T05:36:01.125+0000] {logging_mixin.py:151} INFO - [2023-08-27T05:36:01.125+0000] {dag.py:2907} INFO - Sync 1 DAGs
[2023-08-27T05:36:01.178+0000] {logging_mixin.py:151} INFO - [2023-08-27T05:36:01.177+0000] {dag.py:3677} INFO - Setting next_dagrun for parallel_dag to 2023-08-26T00:00:00+00:00, run_after=2023-08-27T00:00:00+00:00
[2023-08-27T05:36:01.208+0000] {processor.py:179} INFO - Processing /opt/airflow/dags/parallel_dag.py took 0.220 seconds
[2023-08-27T05:36:31.569+0000] {processor.py:157} INFO - Started process (PID=1264) to work on /opt/airflow/dags/parallel_dag.py
[2023-08-27T05:36:31.570+0000] {processor.py:829} INFO - Processing file /opt/airflow/dags/parallel_dag.py for tasks to queue
[2023-08-27T05:36:31.574+0000] {logging_mixin.py:151} INFO - [2023-08-27T05:36:31.573+0000] {dagbag.py:539} INFO - Filling up the DagBag from /opt/airflow/dags/parallel_dag.py
[2023-08-27T05:36:31.589+0000] {processor.py:839} INFO - DAG(s) dict_keys(['parallel_dag']) retrieved from /opt/airflow/dags/parallel_dag.py
[2023-08-27T05:36:31.622+0000] {logging_mixin.py:151} INFO - [2023-08-27T05:36:31.622+0000] {dag.py:2907} INFO - Sync 1 DAGs
[2023-08-27T05:36:31.644+0000] {logging_mixin.py:151} INFO - [2023-08-27T05:36:31.644+0000] {dag.py:3677} INFO - Setting next_dagrun for parallel_dag to 2023-08-26T00:00:00+00:00, run_after=2023-08-27T00:00:00+00:00
[2023-08-27T05:36:31.658+0000] {processor.py:179} INFO - Processing /opt/airflow/dags/parallel_dag.py took 0.095 seconds
[2023-08-27T05:37:01.882+0000] {processor.py:157} INFO - Started process (PID=1273) to work on /opt/airflow/dags/parallel_dag.py
[2023-08-27T05:37:01.884+0000] {processor.py:829} INFO - Processing file /opt/airflow/dags/parallel_dag.py for tasks to queue
[2023-08-27T05:37:01.887+0000] {logging_mixin.py:151} INFO - [2023-08-27T05:37:01.887+0000] {dagbag.py:539} INFO - Filling up the DagBag from /opt/airflow/dags/parallel_dag.py
[2023-08-27T05:37:01.918+0000] {processor.py:839} INFO - DAG(s) dict_keys(['parallel_dag']) retrieved from /opt/airflow/dags/parallel_dag.py
[2023-08-27T05:37:01.959+0000] {logging_mixin.py:151} INFO - [2023-08-27T05:37:01.959+0000] {dag.py:2907} INFO - Sync 1 DAGs
[2023-08-27T05:37:01.988+0000] {logging_mixin.py:151} INFO - [2023-08-27T05:37:01.988+0000] {dag.py:3677} INFO - Setting next_dagrun for parallel_dag to 2023-08-26T00:00:00+00:00, run_after=2023-08-27T00:00:00+00:00
[2023-08-27T05:37:02.005+0000] {processor.py:179} INFO - Processing /opt/airflow/dags/parallel_dag.py took 0.129 seconds
[2023-08-27T05:37:32.475+0000] {processor.py:157} INFO - Started process (PID=1282) to work on /opt/airflow/dags/parallel_dag.py
[2023-08-27T05:37:32.477+0000] {processor.py:829} INFO - Processing file /opt/airflow/dags/parallel_dag.py for tasks to queue
[2023-08-27T05:37:32.480+0000] {logging_mixin.py:151} INFO - [2023-08-27T05:37:32.480+0000] {dagbag.py:539} INFO - Filling up the DagBag from /opt/airflow/dags/parallel_dag.py
[2023-08-27T05:37:32.496+0000] {processor.py:839} INFO - DAG(s) dict_keys(['parallel_dag']) retrieved from /opt/airflow/dags/parallel_dag.py
[2023-08-27T05:37:32.526+0000] {logging_mixin.py:151} INFO - [2023-08-27T05:37:32.526+0000] {dag.py:2907} INFO - Sync 1 DAGs
[2023-08-27T05:37:32.548+0000] {logging_mixin.py:151} INFO - [2023-08-27T05:37:32.548+0000] {dag.py:3677} INFO - Setting next_dagrun for parallel_dag to 2023-08-26T00:00:00+00:00, run_after=2023-08-27T00:00:00+00:00
[2023-08-27T05:37:32.562+0000] {processor.py:179} INFO - Processing /opt/airflow/dags/parallel_dag.py took 0.091 seconds
[2023-08-27T05:38:02.879+0000] {processor.py:157} INFO - Started process (PID=1291) to work on /opt/airflow/dags/parallel_dag.py
[2023-08-27T05:38:02.881+0000] {processor.py:829} INFO - Processing file /opt/airflow/dags/parallel_dag.py for tasks to queue
[2023-08-27T05:38:02.884+0000] {logging_mixin.py:151} INFO - [2023-08-27T05:38:02.883+0000] {dagbag.py:539} INFO - Filling up the DagBag from /opt/airflow/dags/parallel_dag.py
[2023-08-27T05:38:02.903+0000] {processor.py:839} INFO - DAG(s) dict_keys(['parallel_dag']) retrieved from /opt/airflow/dags/parallel_dag.py
[2023-08-27T05:38:02.946+0000] {logging_mixin.py:151} INFO - [2023-08-27T05:38:02.946+0000] {dag.py:2907} INFO - Sync 1 DAGs
[2023-08-27T05:38:02.969+0000] {logging_mixin.py:151} INFO - [2023-08-27T05:38:02.969+0000] {dag.py:3677} INFO - Setting next_dagrun for parallel_dag to 2023-08-26T00:00:00+00:00, run_after=2023-08-27T00:00:00+00:00
[2023-08-27T05:38:02.988+0000] {processor.py:179} INFO - Processing /opt/airflow/dags/parallel_dag.py took 0.117 seconds
[2023-08-27T05:38:33.405+0000] {processor.py:157} INFO - Started process (PID=1301) to work on /opt/airflow/dags/parallel_dag.py
[2023-08-27T05:38:33.407+0000] {processor.py:829} INFO - Processing file /opt/airflow/dags/parallel_dag.py for tasks to queue
[2023-08-27T05:38:33.411+0000] {logging_mixin.py:151} INFO - [2023-08-27T05:38:33.410+0000] {dagbag.py:539} INFO - Filling up the DagBag from /opt/airflow/dags/parallel_dag.py
[2023-08-27T05:38:33.441+0000] {processor.py:839} INFO - DAG(s) dict_keys(['parallel_dag']) retrieved from /opt/airflow/dags/parallel_dag.py
[2023-08-27T05:38:33.485+0000] {logging_mixin.py:151} INFO - [2023-08-27T05:38:33.485+0000] {dag.py:2907} INFO - Sync 1 DAGs
[2023-08-27T05:38:33.509+0000] {logging_mixin.py:151} INFO - [2023-08-27T05:38:33.509+0000] {dag.py:3677} INFO - Setting next_dagrun for parallel_dag to 2023-08-26T00:00:00+00:00, run_after=2023-08-27T00:00:00+00:00
[2023-08-27T05:38:33.524+0000] {processor.py:179} INFO - Processing /opt/airflow/dags/parallel_dag.py took 0.124 seconds
[2023-08-27T05:39:03.827+0000] {processor.py:157} INFO - Started process (PID=1309) to work on /opt/airflow/dags/parallel_dag.py
[2023-08-27T05:39:03.828+0000] {processor.py:829} INFO - Processing file /opt/airflow/dags/parallel_dag.py for tasks to queue
[2023-08-27T05:39:03.833+0000] {logging_mixin.py:151} INFO - [2023-08-27T05:39:03.832+0000] {dagbag.py:539} INFO - Filling up the DagBag from /opt/airflow/dags/parallel_dag.py
[2023-08-27T05:39:03.870+0000] {processor.py:839} INFO - DAG(s) dict_keys(['parallel_dag']) retrieved from /opt/airflow/dags/parallel_dag.py
[2023-08-27T05:39:03.917+0000] {logging_mixin.py:151} INFO - [2023-08-27T05:39:03.916+0000] {dag.py:2907} INFO - Sync 1 DAGs
[2023-08-27T05:39:03.949+0000] {logging_mixin.py:151} INFO - [2023-08-27T05:39:03.949+0000] {dag.py:3677} INFO - Setting next_dagrun for parallel_dag to 2023-08-26T00:00:00+00:00, run_after=2023-08-27T00:00:00+00:00
[2023-08-27T05:39:03.965+0000] {processor.py:179} INFO - Processing /opt/airflow/dags/parallel_dag.py took 0.143 seconds
[2023-08-27T05:39:34.413+0000] {processor.py:157} INFO - Started process (PID=1318) to work on /opt/airflow/dags/parallel_dag.py
[2023-08-27T05:39:34.414+0000] {processor.py:829} INFO - Processing file /opt/airflow/dags/parallel_dag.py for tasks to queue
[2023-08-27T05:39:34.418+0000] {logging_mixin.py:151} INFO - [2023-08-27T05:39:34.417+0000] {dagbag.py:539} INFO - Filling up the DagBag from /opt/airflow/dags/parallel_dag.py
[2023-08-27T05:39:34.430+0000] {processor.py:839} INFO - DAG(s) dict_keys(['parallel_dag']) retrieved from /opt/airflow/dags/parallel_dag.py
[2023-08-27T05:39:34.459+0000] {logging_mixin.py:151} INFO - [2023-08-27T05:39:34.459+0000] {dag.py:2907} INFO - Sync 1 DAGs
[2023-08-27T05:39:34.478+0000] {logging_mixin.py:151} INFO - [2023-08-27T05:39:34.477+0000] {dag.py:3677} INFO - Setting next_dagrun for parallel_dag to 2023-08-26T00:00:00+00:00, run_after=2023-08-27T00:00:00+00:00
[2023-08-27T05:39:34.491+0000] {processor.py:179} INFO - Processing /opt/airflow/dags/parallel_dag.py took 0.082 seconds
[2023-08-27T05:40:04.812+0000] {processor.py:157} INFO - Started process (PID=1327) to work on /opt/airflow/dags/parallel_dag.py
[2023-08-27T05:40:04.814+0000] {processor.py:829} INFO - Processing file /opt/airflow/dags/parallel_dag.py for tasks to queue
[2023-08-27T05:40:04.818+0000] {logging_mixin.py:151} INFO - [2023-08-27T05:40:04.818+0000] {dagbag.py:539} INFO - Filling up the DagBag from /opt/airflow/dags/parallel_dag.py
[2023-08-27T05:40:04.842+0000] {processor.py:839} INFO - DAG(s) dict_keys(['parallel_dag']) retrieved from /opt/airflow/dags/parallel_dag.py
[2023-08-27T05:40:04.886+0000] {logging_mixin.py:151} INFO - [2023-08-27T05:40:04.886+0000] {dag.py:2907} INFO - Sync 1 DAGs
[2023-08-27T05:40:04.908+0000] {logging_mixin.py:151} INFO - [2023-08-27T05:40:04.908+0000] {dag.py:3677} INFO - Setting next_dagrun for parallel_dag to 2023-08-26T00:00:00+00:00, run_after=2023-08-27T00:00:00+00:00
[2023-08-27T05:40:04.924+0000] {processor.py:179} INFO - Processing /opt/airflow/dags/parallel_dag.py took 0.118 seconds
[2023-08-27T05:40:35.231+0000] {processor.py:157} INFO - Started process (PID=1336) to work on /opt/airflow/dags/parallel_dag.py
[2023-08-27T05:40:35.234+0000] {processor.py:829} INFO - Processing file /opt/airflow/dags/parallel_dag.py for tasks to queue
[2023-08-27T05:40:35.238+0000] {logging_mixin.py:151} INFO - [2023-08-27T05:40:35.238+0000] {dagbag.py:539} INFO - Filling up the DagBag from /opt/airflow/dags/parallel_dag.py
[2023-08-27T05:40:35.263+0000] {processor.py:839} INFO - DAG(s) dict_keys(['parallel_dag']) retrieved from /opt/airflow/dags/parallel_dag.py
[2023-08-27T05:40:35.302+0000] {logging_mixin.py:151} INFO - [2023-08-27T05:40:35.302+0000] {dag.py:2907} INFO - Sync 1 DAGs
[2023-08-27T05:40:35.330+0000] {logging_mixin.py:151} INFO - [2023-08-27T05:40:35.330+0000] {dag.py:3677} INFO - Setting next_dagrun for parallel_dag to 2023-08-26T00:00:00+00:00, run_after=2023-08-27T00:00:00+00:00
[2023-08-27T05:40:35.345+0000] {processor.py:179} INFO - Processing /opt/airflow/dags/parallel_dag.py took 0.119 seconds
[2023-08-27T05:41:05.686+0000] {processor.py:157} INFO - Started process (PID=1345) to work on /opt/airflow/dags/parallel_dag.py
[2023-08-27T05:41:05.688+0000] {processor.py:829} INFO - Processing file /opt/airflow/dags/parallel_dag.py for tasks to queue
[2023-08-27T05:41:05.691+0000] {logging_mixin.py:151} INFO - [2023-08-27T05:41:05.690+0000] {dagbag.py:539} INFO - Filling up the DagBag from /opt/airflow/dags/parallel_dag.py
[2023-08-27T05:41:05.720+0000] {processor.py:839} INFO - DAG(s) dict_keys(['parallel_dag']) retrieved from /opt/airflow/dags/parallel_dag.py
[2023-08-27T05:41:05.759+0000] {logging_mixin.py:151} INFO - [2023-08-27T05:41:05.759+0000] {dag.py:2907} INFO - Sync 1 DAGs
[2023-08-27T05:41:05.788+0000] {logging_mixin.py:151} INFO - [2023-08-27T05:41:05.788+0000] {dag.py:3677} INFO - Setting next_dagrun for parallel_dag to 2023-08-26T00:00:00+00:00, run_after=2023-08-27T00:00:00+00:00
[2023-08-27T05:41:05.803+0000] {processor.py:179} INFO - Processing /opt/airflow/dags/parallel_dag.py took 0.122 seconds
[2023-08-27T05:41:36.131+0000] {processor.py:157} INFO - Started process (PID=1354) to work on /opt/airflow/dags/parallel_dag.py
[2023-08-27T05:41:36.133+0000] {processor.py:829} INFO - Processing file /opt/airflow/dags/parallel_dag.py for tasks to queue
[2023-08-27T05:41:36.136+0000] {logging_mixin.py:151} INFO - [2023-08-27T05:41:36.135+0000] {dagbag.py:539} INFO - Filling up the DagBag from /opt/airflow/dags/parallel_dag.py
[2023-08-27T05:41:36.149+0000] {processor.py:839} INFO - DAG(s) dict_keys(['parallel_dag']) retrieved from /opt/airflow/dags/parallel_dag.py
[2023-08-27T05:41:36.176+0000] {logging_mixin.py:151} INFO - [2023-08-27T05:41:36.175+0000] {dag.py:2907} INFO - Sync 1 DAGs
[2023-08-27T05:41:36.194+0000] {logging_mixin.py:151} INFO - [2023-08-27T05:41:36.193+0000] {dag.py:3677} INFO - Setting next_dagrun for parallel_dag to 2023-08-26T00:00:00+00:00, run_after=2023-08-27T00:00:00+00:00
[2023-08-27T05:41:36.206+0000] {processor.py:179} INFO - Processing /opt/airflow/dags/parallel_dag.py took 0.079 seconds
[2023-08-27T05:42:06.560+0000] {processor.py:157} INFO - Started process (PID=1363) to work on /opt/airflow/dags/parallel_dag.py
[2023-08-27T05:42:06.562+0000] {processor.py:829} INFO - Processing file /opt/airflow/dags/parallel_dag.py for tasks to queue
[2023-08-27T05:42:06.565+0000] {logging_mixin.py:151} INFO - [2023-08-27T05:42:06.564+0000] {dagbag.py:539} INFO - Filling up the DagBag from /opt/airflow/dags/parallel_dag.py
[2023-08-27T05:42:06.595+0000] {processor.py:839} INFO - DAG(s) dict_keys(['parallel_dag']) retrieved from /opt/airflow/dags/parallel_dag.py
[2023-08-27T05:42:06.641+0000] {logging_mixin.py:151} INFO - [2023-08-27T05:42:06.641+0000] {dag.py:2907} INFO - Sync 1 DAGs
[2023-08-27T05:42:06.666+0000] {logging_mixin.py:151} INFO - [2023-08-27T05:42:06.666+0000] {dag.py:3677} INFO - Setting next_dagrun for parallel_dag to 2023-08-26T00:00:00+00:00, run_after=2023-08-27T00:00:00+00:00
[2023-08-27T05:42:06.684+0000] {processor.py:179} INFO - Processing /opt/airflow/dags/parallel_dag.py took 0.128 seconds
[2023-08-27T05:42:37.086+0000] {processor.py:157} INFO - Started process (PID=1372) to work on /opt/airflow/dags/parallel_dag.py
[2023-08-27T05:42:37.088+0000] {processor.py:829} INFO - Processing file /opt/airflow/dags/parallel_dag.py for tasks to queue
[2023-08-27T05:42:37.091+0000] {logging_mixin.py:151} INFO - [2023-08-27T05:42:37.090+0000] {dagbag.py:539} INFO - Filling up the DagBag from /opt/airflow/dags/parallel_dag.py
[2023-08-27T05:42:37.111+0000] {processor.py:839} INFO - DAG(s) dict_keys(['parallel_dag']) retrieved from /opt/airflow/dags/parallel_dag.py
[2023-08-27T05:42:37.146+0000] {logging_mixin.py:151} INFO - [2023-08-27T05:42:37.146+0000] {dag.py:2907} INFO - Sync 1 DAGs
[2023-08-27T05:42:37.168+0000] {logging_mixin.py:151} INFO - [2023-08-27T05:42:37.168+0000] {dag.py:3677} INFO - Setting next_dagrun for parallel_dag to 2023-08-26T00:00:00+00:00, run_after=2023-08-27T00:00:00+00:00
[2023-08-27T05:42:37.182+0000] {processor.py:179} INFO - Processing /opt/airflow/dags/parallel_dag.py took 0.099 seconds
[2023-08-27T05:43:07.551+0000] {processor.py:157} INFO - Started process (PID=1380) to work on /opt/airflow/dags/parallel_dag.py
[2023-08-27T05:43:07.553+0000] {processor.py:829} INFO - Processing file /opt/airflow/dags/parallel_dag.py for tasks to queue
[2023-08-27T05:43:07.557+0000] {logging_mixin.py:151} INFO - [2023-08-27T05:43:07.556+0000] {dagbag.py:539} INFO - Filling up the DagBag from /opt/airflow/dags/parallel_dag.py
[2023-08-27T05:43:07.593+0000] {processor.py:839} INFO - DAG(s) dict_keys(['parallel_dag']) retrieved from /opt/airflow/dags/parallel_dag.py
[2023-08-27T05:43:07.639+0000] {logging_mixin.py:151} INFO - [2023-08-27T05:43:07.639+0000] {dag.py:2907} INFO - Sync 1 DAGs
[2023-08-27T05:43:07.667+0000] {logging_mixin.py:151} INFO - [2023-08-27T05:43:07.667+0000] {dag.py:3677} INFO - Setting next_dagrun for parallel_dag to 2023-08-26T00:00:00+00:00, run_after=2023-08-27T00:00:00+00:00
[2023-08-27T05:43:07.683+0000] {processor.py:179} INFO - Processing /opt/airflow/dags/parallel_dag.py took 0.138 seconds
[2023-08-27T05:43:37.986+0000] {processor.py:157} INFO - Started process (PID=1389) to work on /opt/airflow/dags/parallel_dag.py
[2023-08-27T05:43:37.987+0000] {processor.py:829} INFO - Processing file /opt/airflow/dags/parallel_dag.py for tasks to queue
[2023-08-27T05:43:37.990+0000] {logging_mixin.py:151} INFO - [2023-08-27T05:43:37.990+0000] {dagbag.py:539} INFO - Filling up the DagBag from /opt/airflow/dags/parallel_dag.py
[2023-08-27T05:43:38.013+0000] {processor.py:839} INFO - DAG(s) dict_keys(['parallel_dag']) retrieved from /opt/airflow/dags/parallel_dag.py
[2023-08-27T05:43:38.049+0000] {logging_mixin.py:151} INFO - [2023-08-27T05:43:38.049+0000] {dag.py:2907} INFO - Sync 1 DAGs
[2023-08-27T05:43:38.071+0000] {logging_mixin.py:151} INFO - [2023-08-27T05:43:38.071+0000] {dag.py:3677} INFO - Setting next_dagrun for parallel_dag to 2023-08-26T00:00:00+00:00, run_after=2023-08-27T00:00:00+00:00
[2023-08-27T05:43:38.085+0000] {processor.py:179} INFO - Processing /opt/airflow/dags/parallel_dag.py took 0.103 seconds
[2023-08-27T05:44:08.403+0000] {processor.py:157} INFO - Started process (PID=1399) to work on /opt/airflow/dags/parallel_dag.py
[2023-08-27T05:44:08.404+0000] {processor.py:829} INFO - Processing file /opt/airflow/dags/parallel_dag.py for tasks to queue
[2023-08-27T05:44:08.407+0000] {logging_mixin.py:151} INFO - [2023-08-27T05:44:08.406+0000] {dagbag.py:539} INFO - Filling up the DagBag from /opt/airflow/dags/parallel_dag.py
[2023-08-27T05:44:08.428+0000] {processor.py:839} INFO - DAG(s) dict_keys(['parallel_dag']) retrieved from /opt/airflow/dags/parallel_dag.py
[2023-08-27T05:44:08.465+0000] {logging_mixin.py:151} INFO - [2023-08-27T05:44:08.465+0000] {dag.py:2907} INFO - Sync 1 DAGs
[2023-08-27T05:44:08.489+0000] {logging_mixin.py:151} INFO - [2023-08-27T05:44:08.489+0000] {dag.py:3677} INFO - Setting next_dagrun for parallel_dag to 2023-08-26T00:00:00+00:00, run_after=2023-08-27T00:00:00+00:00
[2023-08-27T05:44:08.506+0000] {processor.py:179} INFO - Processing /opt/airflow/dags/parallel_dag.py took 0.108 seconds
[2023-08-27T05:44:38.901+0000] {processor.py:157} INFO - Started process (PID=1408) to work on /opt/airflow/dags/parallel_dag.py
[2023-08-27T05:44:38.903+0000] {processor.py:829} INFO - Processing file /opt/airflow/dags/parallel_dag.py for tasks to queue
[2023-08-27T05:44:38.905+0000] {logging_mixin.py:151} INFO - [2023-08-27T05:44:38.905+0000] {dagbag.py:539} INFO - Filling up the DagBag from /opt/airflow/dags/parallel_dag.py
[2023-08-27T05:44:38.919+0000] {processor.py:839} INFO - DAG(s) dict_keys(['parallel_dag']) retrieved from /opt/airflow/dags/parallel_dag.py
[2023-08-27T05:44:38.947+0000] {logging_mixin.py:151} INFO - [2023-08-27T05:44:38.947+0000] {dag.py:2907} INFO - Sync 1 DAGs
[2023-08-27T05:44:38.965+0000] {logging_mixin.py:151} INFO - [2023-08-27T05:44:38.965+0000] {dag.py:3677} INFO - Setting next_dagrun for parallel_dag to 2023-08-26T00:00:00+00:00, run_after=2023-08-27T00:00:00+00:00
[2023-08-27T05:44:38.978+0000] {processor.py:179} INFO - Processing /opt/airflow/dags/parallel_dag.py took 0.081 seconds
[2023-08-27T05:45:09.374+0000] {processor.py:157} INFO - Started process (PID=1416) to work on /opt/airflow/dags/parallel_dag.py
[2023-08-27T05:45:09.376+0000] {processor.py:829} INFO - Processing file /opt/airflow/dags/parallel_dag.py for tasks to queue
[2023-08-27T05:45:09.378+0000] {logging_mixin.py:151} INFO - [2023-08-27T05:45:09.378+0000] {dagbag.py:539} INFO - Filling up the DagBag from /opt/airflow/dags/parallel_dag.py
[2023-08-27T05:45:09.400+0000] {processor.py:839} INFO - DAG(s) dict_keys(['parallel_dag']) retrieved from /opt/airflow/dags/parallel_dag.py
[2023-08-27T05:45:09.435+0000] {logging_mixin.py:151} INFO - [2023-08-27T05:45:09.435+0000] {dag.py:2907} INFO - Sync 1 DAGs
[2023-08-27T05:45:09.456+0000] {logging_mixin.py:151} INFO - [2023-08-27T05:45:09.456+0000] {dag.py:3677} INFO - Setting next_dagrun for parallel_dag to 2023-08-26T00:00:00+00:00, run_after=2023-08-27T00:00:00+00:00
[2023-08-27T05:45:09.471+0000] {processor.py:179} INFO - Processing /opt/airflow/dags/parallel_dag.py took 0.100 seconds
[2023-08-27T05:45:39.892+0000] {processor.py:157} INFO - Started process (PID=1425) to work on /opt/airflow/dags/parallel_dag.py
[2023-08-27T05:45:39.894+0000] {processor.py:829} INFO - Processing file /opt/airflow/dags/parallel_dag.py for tasks to queue
[2023-08-27T05:45:39.899+0000] {logging_mixin.py:151} INFO - [2023-08-27T05:45:39.899+0000] {dagbag.py:539} INFO - Filling up the DagBag from /opt/airflow/dags/parallel_dag.py
[2023-08-27T05:45:39.928+0000] {processor.py:839} INFO - DAG(s) dict_keys(['parallel_dag']) retrieved from /opt/airflow/dags/parallel_dag.py
[2023-08-27T05:45:39.977+0000] {logging_mixin.py:151} INFO - [2023-08-27T05:45:39.977+0000] {dag.py:2907} INFO - Sync 1 DAGs
[2023-08-27T05:45:40.017+0000] {logging_mixin.py:151} INFO - [2023-08-27T05:45:40.017+0000] {dag.py:3677} INFO - Setting next_dagrun for parallel_dag to 2023-08-26T00:00:00+00:00, run_after=2023-08-27T00:00:00+00:00
[2023-08-27T05:45:40.045+0000] {processor.py:179} INFO - Processing /opt/airflow/dags/parallel_dag.py took 0.158 seconds
[2023-08-27T05:46:10.500+0000] {processor.py:157} INFO - Started process (PID=1434) to work on /opt/airflow/dags/parallel_dag.py
[2023-08-27T05:46:10.501+0000] {processor.py:829} INFO - Processing file /opt/airflow/dags/parallel_dag.py for tasks to queue
[2023-08-27T05:46:10.504+0000] {logging_mixin.py:151} INFO - [2023-08-27T05:46:10.504+0000] {dagbag.py:539} INFO - Filling up the DagBag from /opt/airflow/dags/parallel_dag.py
[2023-08-27T05:46:10.525+0000] {processor.py:839} INFO - DAG(s) dict_keys(['parallel_dag']) retrieved from /opt/airflow/dags/parallel_dag.py
[2023-08-27T05:46:10.566+0000] {logging_mixin.py:151} INFO - [2023-08-27T05:46:10.566+0000] {dag.py:2907} INFO - Sync 1 DAGs
[2023-08-27T05:46:10.589+0000] {logging_mixin.py:151} INFO - [2023-08-27T05:46:10.589+0000] {dag.py:3677} INFO - Setting next_dagrun for parallel_dag to 2023-08-26T00:00:00+00:00, run_after=2023-08-27T00:00:00+00:00
[2023-08-27T05:46:10.603+0000] {processor.py:179} INFO - Processing /opt/airflow/dags/parallel_dag.py took 0.107 seconds
[2023-08-27T05:46:40.903+0000] {processor.py:157} INFO - Started process (PID=1443) to work on /opt/airflow/dags/parallel_dag.py
[2023-08-27T05:46:40.905+0000] {processor.py:829} INFO - Processing file /opt/airflow/dags/parallel_dag.py for tasks to queue
[2023-08-27T05:46:40.909+0000] {logging_mixin.py:151} INFO - [2023-08-27T05:46:40.909+0000] {dagbag.py:539} INFO - Filling up the DagBag from /opt/airflow/dags/parallel_dag.py
[2023-08-27T05:46:40.925+0000] {processor.py:839} INFO - DAG(s) dict_keys(['parallel_dag']) retrieved from /opt/airflow/dags/parallel_dag.py
[2023-08-27T05:46:40.957+0000] {logging_mixin.py:151} INFO - [2023-08-27T05:46:40.957+0000] {dag.py:2907} INFO - Sync 1 DAGs
[2023-08-27T05:46:40.982+0000] {logging_mixin.py:151} INFO - [2023-08-27T05:46:40.982+0000] {dag.py:3677} INFO - Setting next_dagrun for parallel_dag to 2023-08-26T00:00:00+00:00, run_after=2023-08-27T00:00:00+00:00
[2023-08-27T05:46:40.996+0000] {processor.py:179} INFO - Processing /opt/airflow/dags/parallel_dag.py took 0.098 seconds
[2023-08-27T05:47:11.332+0000] {processor.py:157} INFO - Started process (PID=1452) to work on /opt/airflow/dags/parallel_dag.py
[2023-08-27T05:47:11.334+0000] {processor.py:829} INFO - Processing file /opt/airflow/dags/parallel_dag.py for tasks to queue
[2023-08-27T05:47:11.337+0000] {logging_mixin.py:151} INFO - [2023-08-27T05:47:11.336+0000] {dagbag.py:539} INFO - Filling up the DagBag from /opt/airflow/dags/parallel_dag.py
[2023-08-27T05:47:11.361+0000] {processor.py:839} INFO - DAG(s) dict_keys(['parallel_dag']) retrieved from /opt/airflow/dags/parallel_dag.py
[2023-08-27T05:47:11.404+0000] {logging_mixin.py:151} INFO - [2023-08-27T05:47:11.403+0000] {dag.py:2907} INFO - Sync 1 DAGs
[2023-08-27T05:47:11.427+0000] {logging_mixin.py:151} INFO - [2023-08-27T05:47:11.426+0000] {dag.py:3677} INFO - Setting next_dagrun for parallel_dag to 2023-08-26T00:00:00+00:00, run_after=2023-08-27T00:00:00+00:00
[2023-08-27T05:47:11.441+0000] {processor.py:179} INFO - Processing /opt/airflow/dags/parallel_dag.py took 0.114 seconds
[2023-08-27T05:47:41.790+0000] {processor.py:157} INFO - Started process (PID=1461) to work on /opt/airflow/dags/parallel_dag.py
[2023-08-27T05:47:41.792+0000] {processor.py:829} INFO - Processing file /opt/airflow/dags/parallel_dag.py for tasks to queue
[2023-08-27T05:47:41.795+0000] {logging_mixin.py:151} INFO - [2023-08-27T05:47:41.795+0000] {dagbag.py:539} INFO - Filling up the DagBag from /opt/airflow/dags/parallel_dag.py
[2023-08-27T05:47:41.811+0000] {processor.py:839} INFO - DAG(s) dict_keys(['parallel_dag']) retrieved from /opt/airflow/dags/parallel_dag.py
[2023-08-27T05:47:41.843+0000] {logging_mixin.py:151} INFO - [2023-08-27T05:47:41.842+0000] {dag.py:2907} INFO - Sync 1 DAGs
[2023-08-27T05:47:41.863+0000] {logging_mixin.py:151} INFO - [2023-08-27T05:47:41.863+0000] {dag.py:3677} INFO - Setting next_dagrun for parallel_dag to 2023-08-26T00:00:00+00:00, run_after=2023-08-27T00:00:00+00:00
[2023-08-27T05:47:41.877+0000] {processor.py:179} INFO - Processing /opt/airflow/dags/parallel_dag.py took 0.091 seconds
[2023-08-27T05:48:12.194+0000] {processor.py:157} INFO - Started process (PID=1470) to work on /opt/airflow/dags/parallel_dag.py
[2023-08-27T05:48:12.197+0000] {processor.py:829} INFO - Processing file /opt/airflow/dags/parallel_dag.py for tasks to queue
[2023-08-27T05:48:12.200+0000] {logging_mixin.py:151} INFO - [2023-08-27T05:48:12.200+0000] {dagbag.py:539} INFO - Filling up the DagBag from /opt/airflow/dags/parallel_dag.py
[2023-08-27T05:48:12.235+0000] {processor.py:839} INFO - DAG(s) dict_keys(['parallel_dag']) retrieved from /opt/airflow/dags/parallel_dag.py
[2023-08-27T05:48:12.279+0000] {logging_mixin.py:151} INFO - [2023-08-27T05:48:12.279+0000] {dag.py:2907} INFO - Sync 1 DAGs
[2023-08-27T05:48:12.304+0000] {logging_mixin.py:151} INFO - [2023-08-27T05:48:12.304+0000] {dag.py:3677} INFO - Setting next_dagrun for parallel_dag to 2023-08-26T00:00:00+00:00, run_after=2023-08-27T00:00:00+00:00
[2023-08-27T05:48:12.317+0000] {processor.py:179} INFO - Processing /opt/airflow/dags/parallel_dag.py took 0.128 seconds
[2023-08-27T05:48:42.581+0000] {processor.py:157} INFO - Started process (PID=1479) to work on /opt/airflow/dags/parallel_dag.py
[2023-08-27T05:48:42.583+0000] {processor.py:829} INFO - Processing file /opt/airflow/dags/parallel_dag.py for tasks to queue
[2023-08-27T05:48:42.587+0000] {logging_mixin.py:151} INFO - [2023-08-27T05:48:42.586+0000] {dagbag.py:539} INFO - Filling up the DagBag from /opt/airflow/dags/parallel_dag.py
[2023-08-27T05:48:42.607+0000] {processor.py:839} INFO - DAG(s) dict_keys(['parallel_dag']) retrieved from /opt/airflow/dags/parallel_dag.py
[2023-08-27T05:48:42.641+0000] {logging_mixin.py:151} INFO - [2023-08-27T05:48:42.641+0000] {dag.py:2907} INFO - Sync 1 DAGs
[2023-08-27T05:48:42.664+0000] {logging_mixin.py:151} INFO - [2023-08-27T05:48:42.664+0000] {dag.py:3677} INFO - Setting next_dagrun for parallel_dag to 2023-08-26T00:00:00+00:00, run_after=2023-08-27T00:00:00+00:00
[2023-08-27T05:48:42.680+0000] {processor.py:179} INFO - Processing /opt/airflow/dags/parallel_dag.py took 0.104 seconds
[2023-08-27T05:49:12.962+0000] {processor.py:157} INFO - Started process (PID=1488) to work on /opt/airflow/dags/parallel_dag.py
[2023-08-27T05:49:12.964+0000] {processor.py:829} INFO - Processing file /opt/airflow/dags/parallel_dag.py for tasks to queue
[2023-08-27T05:49:12.967+0000] {logging_mixin.py:151} INFO - [2023-08-27T05:49:12.967+0000] {dagbag.py:539} INFO - Filling up the DagBag from /opt/airflow/dags/parallel_dag.py
[2023-08-27T05:49:12.997+0000] {processor.py:839} INFO - DAG(s) dict_keys(['parallel_dag']) retrieved from /opt/airflow/dags/parallel_dag.py
[2023-08-27T05:49:13.042+0000] {logging_mixin.py:151} INFO - [2023-08-27T05:49:13.042+0000] {dag.py:2907} INFO - Sync 1 DAGs
[2023-08-27T05:49:13.067+0000] {logging_mixin.py:151} INFO - [2023-08-27T05:49:13.067+0000] {dag.py:3677} INFO - Setting next_dagrun for parallel_dag to 2023-08-26T00:00:00+00:00, run_after=2023-08-27T00:00:00+00:00
[2023-08-27T05:49:13.082+0000] {processor.py:179} INFO - Processing /opt/airflow/dags/parallel_dag.py took 0.126 seconds
[2023-08-27T05:49:43.413+0000] {processor.py:157} INFO - Started process (PID=1497) to work on /opt/airflow/dags/parallel_dag.py
[2023-08-27T05:49:43.414+0000] {processor.py:829} INFO - Processing file /opt/airflow/dags/parallel_dag.py for tasks to queue
[2023-08-27T05:49:43.416+0000] {logging_mixin.py:151} INFO - [2023-08-27T05:49:43.416+0000] {dagbag.py:539} INFO - Filling up the DagBag from /opt/airflow/dags/parallel_dag.py
[2023-08-27T05:49:43.440+0000] {processor.py:839} INFO - DAG(s) dict_keys(['parallel_dag']) retrieved from /opt/airflow/dags/parallel_dag.py
[2023-08-27T05:49:43.479+0000] {logging_mixin.py:151} INFO - [2023-08-27T05:49:43.479+0000] {dag.py:2907} INFO - Sync 1 DAGs
[2023-08-27T05:49:43.502+0000] {logging_mixin.py:151} INFO - [2023-08-27T05:49:43.502+0000] {dag.py:3677} INFO - Setting next_dagrun for parallel_dag to 2023-08-26T00:00:00+00:00, run_after=2023-08-27T00:00:00+00:00
[2023-08-27T05:49:43.517+0000] {processor.py:179} INFO - Processing /opt/airflow/dags/parallel_dag.py took 0.108 seconds
[2023-08-27T05:50:13.893+0000] {processor.py:157} INFO - Started process (PID=1506) to work on /opt/airflow/dags/parallel_dag.py
[2023-08-27T05:50:13.894+0000] {processor.py:829} INFO - Processing file /opt/airflow/dags/parallel_dag.py for tasks to queue
[2023-08-27T05:50:13.900+0000] {logging_mixin.py:151} INFO - [2023-08-27T05:50:13.899+0000] {dagbag.py:539} INFO - Filling up the DagBag from /opt/airflow/dags/parallel_dag.py
[2023-08-27T05:50:13.928+0000] {processor.py:839} INFO - DAG(s) dict_keys(['parallel_dag']) retrieved from /opt/airflow/dags/parallel_dag.py
[2023-08-27T05:50:13.965+0000] {logging_mixin.py:151} INFO - [2023-08-27T05:50:13.964+0000] {dag.py:2907} INFO - Sync 1 DAGs
[2023-08-27T05:50:13.986+0000] {logging_mixin.py:151} INFO - [2023-08-27T05:50:13.986+0000] {dag.py:3677} INFO - Setting next_dagrun for parallel_dag to 2023-08-26T00:00:00+00:00, run_after=2023-08-27T00:00:00+00:00
[2023-08-27T05:50:14.000+0000] {processor.py:179} INFO - Processing /opt/airflow/dags/parallel_dag.py took 0.112 seconds
[2023-08-27T05:50:44.433+0000] {processor.py:157} INFO - Started process (PID=1515) to work on /opt/airflow/dags/parallel_dag.py
[2023-08-27T05:50:44.435+0000] {processor.py:829} INFO - Processing file /opt/airflow/dags/parallel_dag.py for tasks to queue
[2023-08-27T05:50:44.438+0000] {logging_mixin.py:151} INFO - [2023-08-27T05:50:44.437+0000] {dagbag.py:539} INFO - Filling up the DagBag from /opt/airflow/dags/parallel_dag.py
[2023-08-27T05:50:44.454+0000] {processor.py:839} INFO - DAG(s) dict_keys(['parallel_dag']) retrieved from /opt/airflow/dags/parallel_dag.py
[2023-08-27T05:50:44.489+0000] {logging_mixin.py:151} INFO - [2023-08-27T05:50:44.489+0000] {dag.py:2907} INFO - Sync 1 DAGs
[2023-08-27T05:50:44.511+0000] {logging_mixin.py:151} INFO - [2023-08-27T05:50:44.511+0000] {dag.py:3677} INFO - Setting next_dagrun for parallel_dag to 2023-08-26T00:00:00+00:00, run_after=2023-08-27T00:00:00+00:00
[2023-08-27T05:50:44.525+0000] {processor.py:179} INFO - Processing /opt/airflow/dags/parallel_dag.py took 0.097 seconds
[2023-08-27T05:51:14.969+0000] {processor.py:157} INFO - Started process (PID=1524) to work on /opt/airflow/dags/parallel_dag.py
[2023-08-27T05:51:14.970+0000] {processor.py:829} INFO - Processing file /opt/airflow/dags/parallel_dag.py for tasks to queue
[2023-08-27T05:51:14.974+0000] {logging_mixin.py:151} INFO - [2023-08-27T05:51:14.973+0000] {dagbag.py:539} INFO - Filling up the DagBag from /opt/airflow/dags/parallel_dag.py
[2023-08-27T05:51:14.988+0000] {processor.py:839} INFO - DAG(s) dict_keys(['parallel_dag']) retrieved from /opt/airflow/dags/parallel_dag.py
[2023-08-27T05:51:15.016+0000] {logging_mixin.py:151} INFO - [2023-08-27T05:51:15.016+0000] {dag.py:2907} INFO - Sync 1 DAGs
[2023-08-27T05:51:15.034+0000] {logging_mixin.py:151} INFO - [2023-08-27T05:51:15.034+0000] {dag.py:3677} INFO - Setting next_dagrun for parallel_dag to 2023-08-26T00:00:00+00:00, run_after=2023-08-27T00:00:00+00:00
[2023-08-27T05:51:15.048+0000] {processor.py:179} INFO - Processing /opt/airflow/dags/parallel_dag.py took 0.084 seconds
[2023-08-27T05:51:45.499+0000] {processor.py:157} INFO - Started process (PID=1534) to work on /opt/airflow/dags/parallel_dag.py
[2023-08-27T05:51:45.500+0000] {processor.py:829} INFO - Processing file /opt/airflow/dags/parallel_dag.py for tasks to queue
[2023-08-27T05:51:45.503+0000] {logging_mixin.py:151} INFO - [2023-08-27T05:51:45.502+0000] {dagbag.py:539} INFO - Filling up the DagBag from /opt/airflow/dags/parallel_dag.py
[2023-08-27T05:51:45.524+0000] {processor.py:839} INFO - DAG(s) dict_keys(['parallel_dag']) retrieved from /opt/airflow/dags/parallel_dag.py
[2023-08-27T05:51:45.560+0000] {logging_mixin.py:151} INFO - [2023-08-27T05:51:45.560+0000] {dag.py:2907} INFO - Sync 1 DAGs
[2023-08-27T05:51:45.583+0000] {logging_mixin.py:151} INFO - [2023-08-27T05:51:45.583+0000] {dag.py:3677} INFO - Setting next_dagrun for parallel_dag to 2023-08-26T00:00:00+00:00, run_after=2023-08-27T00:00:00+00:00
[2023-08-27T05:51:45.596+0000] {processor.py:179} INFO - Processing /opt/airflow/dags/parallel_dag.py took 0.101 seconds
[2023-08-27T05:52:15.915+0000] {processor.py:157} INFO - Started process (PID=1543) to work on /opt/airflow/dags/parallel_dag.py
[2023-08-27T05:52:15.917+0000] {processor.py:829} INFO - Processing file /opt/airflow/dags/parallel_dag.py for tasks to queue
[2023-08-27T05:52:15.919+0000] {logging_mixin.py:151} INFO - [2023-08-27T05:52:15.919+0000] {dagbag.py:539} INFO - Filling up the DagBag from /opt/airflow/dags/parallel_dag.py
[2023-08-27T05:52:15.933+0000] {processor.py:839} INFO - DAG(s) dict_keys(['parallel_dag']) retrieved from /opt/airflow/dags/parallel_dag.py
[2023-08-27T05:52:15.962+0000] {logging_mixin.py:151} INFO - [2023-08-27T05:52:15.962+0000] {dag.py:2907} INFO - Sync 1 DAGs
[2023-08-27T05:52:15.982+0000] {logging_mixin.py:151} INFO - [2023-08-27T05:52:15.982+0000] {dag.py:3677} INFO - Setting next_dagrun for parallel_dag to 2023-08-26T00:00:00+00:00, run_after=2023-08-27T00:00:00+00:00
[2023-08-27T05:52:15.995+0000] {processor.py:179} INFO - Processing /opt/airflow/dags/parallel_dag.py took 0.084 seconds
[2023-08-27T05:52:46.289+0000] {processor.py:157} INFO - Started process (PID=1551) to work on /opt/airflow/dags/parallel_dag.py
[2023-08-27T05:52:46.291+0000] {processor.py:829} INFO - Processing file /opt/airflow/dags/parallel_dag.py for tasks to queue
[2023-08-27T05:52:46.293+0000] {logging_mixin.py:151} INFO - [2023-08-27T05:52:46.293+0000] {dagbag.py:539} INFO - Filling up the DagBag from /opt/airflow/dags/parallel_dag.py
[2023-08-27T05:52:46.314+0000] {processor.py:839} INFO - DAG(s) dict_keys(['parallel_dag']) retrieved from /opt/airflow/dags/parallel_dag.py
[2023-08-27T05:52:46.352+0000] {logging_mixin.py:151} INFO - [2023-08-27T05:52:46.352+0000] {dag.py:2907} INFO - Sync 1 DAGs
[2023-08-27T05:52:46.375+0000] {logging_mixin.py:151} INFO - [2023-08-27T05:52:46.375+0000] {dag.py:3677} INFO - Setting next_dagrun for parallel_dag to 2023-08-26T00:00:00+00:00, run_after=2023-08-27T00:00:00+00:00
[2023-08-27T05:52:46.389+0000] {processor.py:179} INFO - Processing /opt/airflow/dags/parallel_dag.py took 0.104 seconds
[2023-08-27T05:53:16.633+0000] {processor.py:157} INFO - Started process (PID=1560) to work on /opt/airflow/dags/parallel_dag.py
[2023-08-27T05:53:16.634+0000] {processor.py:829} INFO - Processing file /opt/airflow/dags/parallel_dag.py for tasks to queue
[2023-08-27T05:53:16.637+0000] {logging_mixin.py:151} INFO - [2023-08-27T05:53:16.636+0000] {dagbag.py:539} INFO - Filling up the DagBag from /opt/airflow/dags/parallel_dag.py
[2023-08-27T05:53:16.658+0000] {processor.py:839} INFO - DAG(s) dict_keys(['parallel_dag']) retrieved from /opt/airflow/dags/parallel_dag.py
[2023-08-27T05:53:16.695+0000] {logging_mixin.py:151} INFO - [2023-08-27T05:53:16.695+0000] {dag.py:2907} INFO - Sync 1 DAGs
[2023-08-27T05:53:16.717+0000] {logging_mixin.py:151} INFO - [2023-08-27T05:53:16.717+0000] {dag.py:3677} INFO - Setting next_dagrun for parallel_dag to 2023-08-26T00:00:00+00:00, run_after=2023-08-27T00:00:00+00:00
[2023-08-27T05:53:16.731+0000] {processor.py:179} INFO - Processing /opt/airflow/dags/parallel_dag.py took 0.101 seconds
[2023-08-27T05:53:46.969+0000] {processor.py:157} INFO - Started process (PID=1569) to work on /opt/airflow/dags/parallel_dag.py
[2023-08-27T05:53:46.970+0000] {processor.py:829} INFO - Processing file /opt/airflow/dags/parallel_dag.py for tasks to queue
[2023-08-27T05:53:46.974+0000] {logging_mixin.py:151} INFO - [2023-08-27T05:53:46.973+0000] {dagbag.py:539} INFO - Filling up the DagBag from /opt/airflow/dags/parallel_dag.py
[2023-08-27T05:53:46.988+0000] {processor.py:839} INFO - DAG(s) dict_keys(['parallel_dag']) retrieved from /opt/airflow/dags/parallel_dag.py
[2023-08-27T05:53:47.020+0000] {logging_mixin.py:151} INFO - [2023-08-27T05:53:47.020+0000] {dag.py:2907} INFO - Sync 1 DAGs
[2023-08-27T05:53:47.039+0000] {logging_mixin.py:151} INFO - [2023-08-27T05:53:47.039+0000] {dag.py:3677} INFO - Setting next_dagrun for parallel_dag to 2023-08-26T00:00:00+00:00, run_after=2023-08-27T00:00:00+00:00
[2023-08-27T05:53:47.052+0000] {processor.py:179} INFO - Processing /opt/airflow/dags/parallel_dag.py took 0.088 seconds
[2023-08-27T05:54:17.332+0000] {processor.py:157} INFO - Started process (PID=1579) to work on /opt/airflow/dags/parallel_dag.py
[2023-08-27T05:54:17.333+0000] {processor.py:829} INFO - Processing file /opt/airflow/dags/parallel_dag.py for tasks to queue
[2023-08-27T05:54:17.336+0000] {logging_mixin.py:151} INFO - [2023-08-27T05:54:17.335+0000] {dagbag.py:539} INFO - Filling up the DagBag from /opt/airflow/dags/parallel_dag.py
[2023-08-27T05:54:17.358+0000] {processor.py:839} INFO - DAG(s) dict_keys(['parallel_dag']) retrieved from /opt/airflow/dags/parallel_dag.py
[2023-08-27T05:54:17.398+0000] {logging_mixin.py:151} INFO - [2023-08-27T05:54:17.398+0000] {dag.py:2907} INFO - Sync 1 DAGs
[2023-08-27T05:54:17.420+0000] {logging_mixin.py:151} INFO - [2023-08-27T05:54:17.420+0000] {dag.py:3677} INFO - Setting next_dagrun for parallel_dag to 2023-08-26T00:00:00+00:00, run_after=2023-08-27T00:00:00+00:00
[2023-08-27T05:54:17.435+0000] {processor.py:179} INFO - Processing /opt/airflow/dags/parallel_dag.py took 0.106 seconds
[2023-08-27T05:54:47.685+0000] {processor.py:157} INFO - Started process (PID=1587) to work on /opt/airflow/dags/parallel_dag.py
[2023-08-27T05:54:47.687+0000] {processor.py:829} INFO - Processing file /opt/airflow/dags/parallel_dag.py for tasks to queue
[2023-08-27T05:54:47.689+0000] {logging_mixin.py:151} INFO - [2023-08-27T05:54:47.689+0000] {dagbag.py:539} INFO - Filling up the DagBag from /opt/airflow/dags/parallel_dag.py
[2023-08-27T05:54:47.718+0000] {processor.py:839} INFO - DAG(s) dict_keys(['parallel_dag']) retrieved from /opt/airflow/dags/parallel_dag.py
[2023-08-27T05:54:47.763+0000] {logging_mixin.py:151} INFO - [2023-08-27T05:54:47.762+0000] {dag.py:2907} INFO - Sync 1 DAGs
[2023-08-27T05:54:47.807+0000] {logging_mixin.py:151} INFO - [2023-08-27T05:54:47.807+0000] {dag.py:3677} INFO - Setting next_dagrun for parallel_dag to 2023-08-26T00:00:00+00:00, run_after=2023-08-27T00:00:00+00:00
[2023-08-27T05:54:47.823+0000] {processor.py:179} INFO - Processing /opt/airflow/dags/parallel_dag.py took 0.141 seconds
[2023-08-27T05:55:18.171+0000] {processor.py:157} INFO - Started process (PID=1596) to work on /opt/airflow/dags/parallel_dag.py
[2023-08-27T05:55:18.183+0000] {processor.py:829} INFO - Processing file /opt/airflow/dags/parallel_dag.py for tasks to queue
[2023-08-27T05:55:18.192+0000] {logging_mixin.py:151} INFO - [2023-08-27T05:55:18.190+0000] {dagbag.py:539} INFO - Filling up the DagBag from /opt/airflow/dags/parallel_dag.py
[2023-08-27T05:55:18.340+0000] {processor.py:839} INFO - DAG(s) dict_keys(['parallel_dag']) retrieved from /opt/airflow/dags/parallel_dag.py
[2023-08-27T05:55:18.490+0000] {logging_mixin.py:151} INFO - [2023-08-27T05:55:18.490+0000] {dag.py:2907} INFO - Sync 1 DAGs
[2023-08-27T05:55:18.557+0000] {logging_mixin.py:151} INFO - [2023-08-27T05:55:18.557+0000] {dag.py:3677} INFO - Setting next_dagrun for parallel_dag to 2023-08-26T00:00:00+00:00, run_after=2023-08-27T00:00:00+00:00
[2023-08-27T05:55:18.604+0000] {processor.py:179} INFO - Processing /opt/airflow/dags/parallel_dag.py took 0.458 seconds
[2023-08-27T05:55:49.012+0000] {processor.py:157} INFO - Started process (PID=1612) to work on /opt/airflow/dags/parallel_dag.py
[2023-08-27T05:55:49.014+0000] {processor.py:829} INFO - Processing file /opt/airflow/dags/parallel_dag.py for tasks to queue
[2023-08-27T05:55:49.017+0000] {logging_mixin.py:151} INFO - [2023-08-27T05:55:49.017+0000] {dagbag.py:539} INFO - Filling up the DagBag from /opt/airflow/dags/parallel_dag.py
[2023-08-27T05:55:49.059+0000] {processor.py:839} INFO - DAG(s) dict_keys(['parallel_dag']) retrieved from /opt/airflow/dags/parallel_dag.py
[2023-08-27T05:55:49.117+0000] {logging_mixin.py:151} INFO - [2023-08-27T05:55:49.117+0000] {dag.py:2907} INFO - Sync 1 DAGs
[2023-08-27T05:55:49.143+0000] {logging_mixin.py:151} INFO - [2023-08-27T05:55:49.143+0000] {dag.py:3677} INFO - Setting next_dagrun for parallel_dag to 2023-08-26T00:00:00+00:00, run_after=2023-08-27T00:00:00+00:00
[2023-08-27T05:55:49.171+0000] {processor.py:179} INFO - Processing /opt/airflow/dags/parallel_dag.py took 0.164 seconds
[2023-08-27T05:56:19.324+0000] {processor.py:157} INFO - Started process (PID=1621) to work on /opt/airflow/dags/parallel_dag.py
[2023-08-27T05:56:19.326+0000] {processor.py:829} INFO - Processing file /opt/airflow/dags/parallel_dag.py for tasks to queue
[2023-08-27T05:56:19.331+0000] {logging_mixin.py:151} INFO - [2023-08-27T05:56:19.331+0000] {dagbag.py:539} INFO - Filling up the DagBag from /opt/airflow/dags/parallel_dag.py
[2023-08-27T05:56:19.381+0000] {processor.py:839} INFO - DAG(s) dict_keys(['parallel_dag']) retrieved from /opt/airflow/dags/parallel_dag.py
[2023-08-27T05:56:19.430+0000] {logging_mixin.py:151} INFO - [2023-08-27T05:56:19.430+0000] {dag.py:2907} INFO - Sync 1 DAGs
[2023-08-27T05:56:19.464+0000] {logging_mixin.py:151} INFO - [2023-08-27T05:56:19.464+0000] {dag.py:3677} INFO - Setting next_dagrun for parallel_dag to 2023-08-26T00:00:00+00:00, run_after=2023-08-27T00:00:00+00:00
[2023-08-27T05:56:19.489+0000] {processor.py:179} INFO - Processing /opt/airflow/dags/parallel_dag.py took 0.169 seconds
[2023-08-27T05:56:49.771+0000] {processor.py:157} INFO - Started process (PID=1630) to work on /opt/airflow/dags/parallel_dag.py
[2023-08-27T05:56:49.773+0000] {processor.py:829} INFO - Processing file /opt/airflow/dags/parallel_dag.py for tasks to queue
[2023-08-27T05:56:49.780+0000] {logging_mixin.py:151} INFO - [2023-08-27T05:56:49.780+0000] {dagbag.py:539} INFO - Filling up the DagBag from /opt/airflow/dags/parallel_dag.py
[2023-08-27T05:56:49.812+0000] {processor.py:839} INFO - DAG(s) dict_keys(['parallel_dag']) retrieved from /opt/airflow/dags/parallel_dag.py
[2023-08-27T05:56:49.857+0000] {logging_mixin.py:151} INFO - [2023-08-27T05:56:49.856+0000] {dag.py:2907} INFO - Sync 1 DAGs
[2023-08-27T05:56:49.886+0000] {logging_mixin.py:151} INFO - [2023-08-27T05:56:49.886+0000] {dag.py:3677} INFO - Setting next_dagrun for parallel_dag to 2023-08-26T00:00:00+00:00, run_after=2023-08-27T00:00:00+00:00
[2023-08-27T05:56:49.904+0000] {processor.py:179} INFO - Processing /opt/airflow/dags/parallel_dag.py took 0.136 seconds
[2023-08-27T05:57:20.291+0000] {processor.py:157} INFO - Started process (PID=1639) to work on /opt/airflow/dags/parallel_dag.py
[2023-08-27T05:57:20.293+0000] {processor.py:829} INFO - Processing file /opt/airflow/dags/parallel_dag.py for tasks to queue
[2023-08-27T05:57:20.297+0000] {logging_mixin.py:151} INFO - [2023-08-27T05:57:20.296+0000] {dagbag.py:539} INFO - Filling up the DagBag from /opt/airflow/dags/parallel_dag.py
[2023-08-27T05:57:20.329+0000] {processor.py:839} INFO - DAG(s) dict_keys(['parallel_dag']) retrieved from /opt/airflow/dags/parallel_dag.py
[2023-08-27T05:57:20.388+0000] {logging_mixin.py:151} INFO - [2023-08-27T05:57:20.388+0000] {dag.py:2907} INFO - Sync 1 DAGs
[2023-08-27T05:57:20.422+0000] {logging_mixin.py:151} INFO - [2023-08-27T05:57:20.422+0000] {dag.py:3677} INFO - Setting next_dagrun for parallel_dag to 2023-08-26T00:00:00+00:00, run_after=2023-08-27T00:00:00+00:00
[2023-08-27T05:57:20.445+0000] {processor.py:179} INFO - Processing /opt/airflow/dags/parallel_dag.py took 0.160 seconds
[2023-08-27T05:57:50.789+0000] {processor.py:157} INFO - Started process (PID=1648) to work on /opt/airflow/dags/parallel_dag.py
[2023-08-27T05:57:50.792+0000] {processor.py:829} INFO - Processing file /opt/airflow/dags/parallel_dag.py for tasks to queue
[2023-08-27T05:57:50.797+0000] {logging_mixin.py:151} INFO - [2023-08-27T05:57:50.796+0000] {dagbag.py:539} INFO - Filling up the DagBag from /opt/airflow/dags/parallel_dag.py
[2023-08-27T05:57:50.843+0000] {processor.py:839} INFO - DAG(s) dict_keys(['parallel_dag']) retrieved from /opt/airflow/dags/parallel_dag.py
[2023-08-27T05:57:50.923+0000] {logging_mixin.py:151} INFO - [2023-08-27T05:57:50.923+0000] {dag.py:2907} INFO - Sync 1 DAGs
[2023-08-27T05:57:50.967+0000] {logging_mixin.py:151} INFO - [2023-08-27T05:57:50.967+0000] {dag.py:3677} INFO - Setting next_dagrun for parallel_dag to 2023-08-26T00:00:00+00:00, run_after=2023-08-27T00:00:00+00:00
[2023-08-27T05:57:50.987+0000] {processor.py:179} INFO - Processing /opt/airflow/dags/parallel_dag.py took 0.211 seconds
[2023-08-27T05:58:21.741+0000] {processor.py:157} INFO - Started process (PID=1657) to work on /opt/airflow/dags/parallel_dag.py
[2023-08-27T05:58:21.757+0000] {processor.py:829} INFO - Processing file /opt/airflow/dags/parallel_dag.py for tasks to queue
[2023-08-27T05:58:21.784+0000] {logging_mixin.py:151} INFO - [2023-08-27T05:58:21.783+0000] {dagbag.py:539} INFO - Filling up the DagBag from /opt/airflow/dags/parallel_dag.py
[2023-08-27T05:58:21.905+0000] {processor.py:839} INFO - DAG(s) dict_keys(['parallel_dag']) retrieved from /opt/airflow/dags/parallel_dag.py
[2023-08-27T05:58:22.079+0000] {logging_mixin.py:151} INFO - [2023-08-27T05:58:22.079+0000] {dag.py:2907} INFO - Sync 1 DAGs
[2023-08-27T05:58:22.136+0000] {logging_mixin.py:151} INFO - [2023-08-27T05:58:22.136+0000] {dag.py:3677} INFO - Setting next_dagrun for parallel_dag to 2023-08-26T00:00:00+00:00, run_after=2023-08-27T00:00:00+00:00
[2023-08-27T05:58:22.175+0000] {processor.py:179} INFO - Processing /opt/airflow/dags/parallel_dag.py took 0.469 seconds
